[ 2018-11-29T09:22:28+08:00 ] 127.0.0.1 /fxpc/index.php/
INFO: [ app_init ] --START--
INFO: Run Behavior\BuildLiteBehavior [ RunTime:0.000000s ]
INFO: [ app_init ] --END-- [ RunTime:0.019001s ]
INFO: [ app_begin ] --START--
INFO: Run Behavior\ReadHtmlCacheBehavior [ RunTime:0.002000s ]
INFO: [ app_begin ] --END-- [ RunTime:0.003000s ]
SQL: SHOW COLUMNS FROM `fanxiang_dianping` [ RunTime:0.1060s ]
SQL: SELECT `pinpainame`,`content`,`pingfen`,`imglist` FROM `fanxiang_dianping` LIMIT 4   [ RunTime:0.0010s ]
SQL: SHOW COLUMNS FROM `fanxiang_daoshi` [ RunTime:0.0230s ]
SQL: SELECT `headimg`,`name`,`old`,`are`,`zizhi`,`xiangmu`,`xiangmuxiangqing`,`imglist` FROM `fanxiang_daoshi`  [ RunTime:0.0000s ]
SQL: SHOW COLUMNS FROM `fanxiang_tiezi` [ RunTime:0.0400s ]
SQL: SHOW COLUMNS FROM `fanxiang_tiezi` [ RunTime:0.0060s ]
SQL: SELECT t.title,t.content,t.time,u.headimg,u.nickname FROM fanxiang_tiezi as t INNER JOIN fanxiang_user as u  LIMIT 4   [ RunTime:0.0700s ]
INFO: [ view_parse ] --START--
INFO: [ template_filter ] --START--
INFO: Run Behavior\ContentReplaceBehavior [ RunTime:0.000000s ]
INFO: [ template_filter ] --END-- [ RunTime:0.000000s ]
NOTIC: [8] Undefined index: user D:\phpStudy\PHPTutorial\WWW\fxpc\App\Runtime\Cache\Home\00e52909bed743ea261af4b6823297ff.php 第 387 行.
INFO: Run Behavior\ParseTemplateBehavior [ RunTime:0.199012s ]
INFO: [ view_parse ] --END-- [ RunTime:0.199012s ]
INFO: [ view_filter ] --START--
INFO: Run Behavior\WriteHtmlCacheBehavior [ RunTime:0.009000s ]
INFO: Run Behavior\TokenBuildBehavior [ RunTime:0.004000s ]
INFO: [ view_filter ] --END-- [ RunTime:0.013000s ]
INFO: [ app_end ] --START--
INFO: Run Behavior\ShowPageTraceBehavior [ RunTime:0.020002s ]
INFO: [ app_end ] --END-- [ RunTime:0.020002s ]

[ 2018-11-29T09:22:31+08:00 ] 127.0.0.1 /fxpc/index.php/Home/Home/index.html
INFO: [ app_init ] --START--
INFO: Run Behavior\BuildLiteBehavior [ RunTime:0.000000s ]
INFO: [ app_init ] --END-- [ RunTime:0.001000s ]
INFO: [ app_begin ] --START--
INFO: Run Behavior\ReadHtmlCacheBehavior [ RunTime:0.001000s ]
INFO: [ app_begin ] --END-- [ RunTime:0.001000s ]
SQL: SHOW COLUMNS FROM `fanxiang_dianping` [ RunTime:0.0030s ]
SQL: SELECT `pinpainame`,`content`,`pingfen`,`imglist` FROM `fanxiang_dianping` LIMIT 4   [ RunTime:0.0000s ]
SQL: SHOW COLUMNS FROM `fanxiang_daoshi` [ RunTime:0.0040s ]
SQL: SELECT `headimg`,`name`,`old`,`are`,`zizhi`,`xiangmu`,`xiangmuxiangqing`,`imglist` FROM `fanxiang_daoshi`  [ RunTime:0.0000s ]
SQL: SHOW COLUMNS FROM `fanxiang_tiezi` [ RunTime:0.0040s ]
SQL: SHOW COLUMNS FROM `fanxiang_tiezi` [ RunTime:0.0040s ]
SQL: SELECT t.title,t.content,t.time,u.headimg,u.nickname FROM fanxiang_tiezi as t INNER JOIN fanxiang_user as u  LIMIT 4   [ RunTime:0.0010s ]
SQL: SHOW COLUMNS FROM `fanxiang_yanxuanpinpai` [ RunTime:0.5000s ]
SQL: SELECT `imgsrc` FROM `fanxiang_yanxuanpinpai` LIMIT 10   [ RunTime:0.0000s ]
INFO: [ app_end ] --START--
INFO: Run Behavior\ShowPageTraceBehavior [ RunTime:0.001001s ]
INFO: [ app_end ] --END-- [ RunTime:0.001001s ]

[ 2018-11-29T09:25:28+08:00 ] 127.0.0.1 /fxpc/index.php/Home/Login/login.html
INFO: [ app_init ] --START--
INFO: Run Behavior\BuildLiteBehavior [ RunTime:0.000000s ]
INFO: [ app_init ] --END-- [ RunTime:0.001001s ]
INFO: [ app_begin ] --START--
INFO: Run Behavior\ReadHtmlCacheBehavior [ RunTime:0.002000s ]
INFO: [ app_begin ] --END-- [ RunTime:0.002000s ]
INFO: [ view_parse ] --START--
INFO: [ template_filter ] --START--
INFO: Run Behavior\ContentReplaceBehavior [ RunTime:0.000000s ]
INFO: [ template_filter ] --END-- [ RunTime:0.000000s ]
INFO: Run Behavior\ParseTemplateBehavior [ RunTime:0.022001s ]
INFO: [ view_parse ] --END-- [ RunTime:0.022001s ]
INFO: [ view_filter ] --START--
INFO: Run Behavior\WriteHtmlCacheBehavior [ RunTime:0.000000s ]
INFO: Run Behavior\TokenBuildBehavior [ RunTime:0.001000s ]
INFO: [ view_filter ] --END-- [ RunTime:0.002000s ]
INFO: [ app_end ] --START--
INFO: Run Behavior\ShowPageTraceBehavior [ RunTime:0.001000s ]
INFO: [ app_end ] --END-- [ RunTime:0.001000s ]

[ 2018-11-29T09:25:29+08:00 ] 127.0.0.1 /fxpc/index.php/Home/Home/captcha.html
INFO: [ app_init ] --START--
INFO: Run Behavior\BuildLiteBehavior [ RunTime:0.000000s ]
INFO: [ app_init ] --END-- [ RunTime:0.001000s ]
INFO: [ app_begin ] --START--
INFO: Run Behavior\ReadHtmlCacheBehavior [ RunTime:0.001000s ]
INFO: [ app_begin ] --END-- [ RunTime:0.001000s ]
SQL: SHOW COLUMNS FROM `fanxiang_dianping` [ RunTime:0.0060s ]
SQL: SELECT `pinpainame`,`content`,`pingfen`,`imglist` FROM `fanxiang_dianping` LIMIT 4   [ RunTime:0.0010s ]
SQL: SHOW COLUMNS FROM `fanxiang_daoshi` [ RunTime:0.0060s ]
SQL: SELECT `headimg`,`name`,`old`,`are`,`zizhi`,`xiangmu`,`xiangmuxiangqing`,`imglist` FROM `fanxiang_daoshi`  [ RunTime:0.0010s ]
SQL: SHOW COLUMNS FROM `fanxiang_tiezi` [ RunTime:0.0030s ]
SQL: SHOW COLUMNS FROM `fanxiang_tiezi` [ RunTime:0.0040s ]
SQL: SELECT t.title,t.content,t.time,u.headimg,u.nickname FROM fanxiang_tiezi as t INNER JOIN fanxiang_user as u  LIMIT 4   [ RunTime:0.0010s ]
INFO: [ app_end ] --START--
INFO: Run Behavior\ShowPageTraceBehavior [ RunTime:0.002000s ]
INFO: [ app_end ] --END-- [ RunTime:0.002000s ]

[ 2018-11-29T09:25:37+08:00 ] 127.0.0.1 /fxpc/index.php/Home/Home/captcha.html?0.452435379412669
INFO: [ app_init ] --START--
INFO: Run Behavior\BuildLiteBehavior [ RunTime:0.000000s ]
INFO: [ app_init ] --END-- [ RunTime:0.000000s ]
INFO: [ app_begin ] --START--
INFO: Run Behavior\ReadHtmlCacheBehavior [ RunTime:0.001000s ]
INFO: [ app_begin ] --END-- [ RunTime:0.001000s ]
SQL: SHOW COLUMNS FROM `fanxiang_dianping` [ RunTime:0.0040s ]
SQL: SELECT `pinpainame`,`content`,`pingfen`,`imglist` FROM `fanxiang_dianping` LIMIT 4   [ RunTime:0.0010s ]
SQL: SHOW COLUMNS FROM `fanxiang_daoshi` [ RunTime:0.0030s ]
SQL: SELECT `headimg`,`name`,`old`,`are`,`zizhi`,`xiangmu`,`xiangmuxiangqing`,`imglist` FROM `fanxiang_daoshi`  [ RunTime:0.0010s ]
SQL: SHOW COLUMNS FROM `fanxiang_tiezi` [ RunTime:0.0030s ]
SQL: SHOW COLUMNS FROM `fanxiang_tiezi` [ RunTime:0.0030s ]
SQL: SELECT t.title,t.content,t.time,u.headimg,u.nickname FROM fanxiang_tiezi as t INNER JOIN fanxiang_user as u  LIMIT 4   [ RunTime:0.0010s ]
INFO: [ app_end ] --START--
INFO: Run Behavior\ShowPageTraceBehavior [ RunTime:0.001000s ]
INFO: [ app_end ] --END-- [ RunTime:0.001000s ]

[ 2018-11-29T09:25:42+08:00 ] 127.0.0.1 /fxpc/index.php/Home/Login/login.html
INFO: [ app_init ] --START--
INFO: Run Behavior\BuildLiteBehavior [ RunTime:0.000000s ]
INFO: [ app_init ] --END-- [ RunTime:0.000000s ]
INFO: [ app_begin ] --START--
INFO: Run Behavior\ReadHtmlCacheBehavior [ RunTime:0.000000s ]
INFO: [ app_begin ] --END-- [ RunTime:0.000000s ]
SQL: SHOW COLUMNS FROM `fanxiang_ucenter_member` [ RunTime:0.0000s ]
SQL: SHOW COLUMNS FROM `fanxiang_ucenter_member` [ RunTime:0.0000s ]
SQL: SELECT * FROM fanxiang_ucenter_member as m INNER JOIN fanxiang_user as u  WHERE `username` = 'fanxiang' AND `status` = 1 LIMIT 1   [ RunTime:0.0000s ]

[ 2018-11-29T09:25:43+08:00 ] 127.0.0.1 /fxpc/index.php/
INFO: [ app_init ] --START--
INFO: Run Behavior\BuildLiteBehavior [ RunTime:0.000000s ]
INFO: [ app_init ] --END-- [ RunTime:0.000000s ]
INFO: [ app_begin ] --START--
INFO: Run Behavior\ReadHtmlCacheBehavior [ RunTime:0.001000s ]
INFO: [ app_begin ] --END-- [ RunTime:0.001000s ]
SQL: SHOW COLUMNS FROM `fanxiang_dianping` [ RunTime:0.0050s ]
SQL: SELECT `pinpainame`,`content`,`pingfen`,`imglist` FROM `fanxiang_dianping` LIMIT 4   [ RunTime:0.0010s ]
SQL: SHOW COLUMNS FROM `fanxiang_daoshi` [ RunTime:0.0030s ]
SQL: SELECT `headimg`,`name`,`old`,`are`,`zizhi`,`xiangmu`,`xiangmuxiangqing`,`imglist` FROM `fanxiang_daoshi`  [ RunTime:0.0000s ]
SQL: SHOW COLUMNS FROM `fanxiang_tiezi` [ RunTime:0.0040s ]
SQL: SHOW COLUMNS FROM `fanxiang_tiezi` [ RunTime:0.0030s ]
SQL: SELECT t.title,t.content,t.time,u.headimg,u.nickname FROM fanxiang_tiezi as t INNER JOIN fanxiang_user as u  LIMIT 4   [ RunTime:0.0020s ]
INFO: [ view_parse ] --START--
INFO: [ template_filter ] --START--
INFO: Run Behavior\ContentReplaceBehavior [ RunTime:0.000000s ]
INFO: [ template_filter ] --END-- [ RunTime:0.000000s ]
INFO: Run Behavior\ParseTemplateBehavior [ RunTime:0.034002s ]
INFO: [ view_parse ] --END-- [ RunTime:0.034002s ]
INFO: [ view_filter ] --START--
INFO: Run Behavior\WriteHtmlCacheBehavior [ RunTime:0.001000s ]
INFO: Run Behavior\TokenBuildBehavior [ RunTime:0.002000s ]
INFO: [ view_filter ] --END-- [ RunTime:0.003000s ]
INFO: [ app_end ] --START--
INFO: Run Behavior\ShowPageTraceBehavior [ RunTime:0.002000s ]
INFO: [ app_end ] --END-- [ RunTime:0.002000s ]

[ 2018-11-29T09:25:43+08:00 ] 127.0.0.1 /fxpc/index.php/Home/Home/index.html
INFO: [ app_init ] --START--
INFO: Run Behavior\BuildLiteBehavior [ RunTime:0.000000s ]
INFO: [ app_init ] --END-- [ RunTime:0.001000s ]
INFO: [ app_begin ] --START--
INFO: Run Behavior\ReadHtmlCacheBehavior [ RunTime:0.001000s ]
INFO: [ app_begin ] --END-- [ RunTime:0.001000s ]
SQL: SHOW COLUMNS FROM `fanxiang_dianping` [ RunTime:0.0060s ]
SQL: SELECT `pinpainame`,`content`,`pingfen`,`imglist` FROM `fanxiang_dianping` LIMIT 4   [ RunTime:0.0210s ]
SQL: SHOW COLUMNS FROM `fanxiang_daoshi` [ RunTime:0.0050s ]
SQL: SELECT `headimg`,`name`,`old`,`are`,`zizhi`,`xiangmu`,`xiangmuxiangqing`,`imglist` FROM `fanxiang_daoshi`  [ RunTime:0.0000s ]
SQL: SHOW COLUMNS FROM `fanxiang_tiezi` [ RunTime:0.0030s ]
SQL: SHOW COLUMNS FROM `fanxiang_tiezi` [ RunTime:0.0040s ]
SQL: SELECT t.title,t.content,t.time,u.headimg,u.nickname FROM fanxiang_tiezi as t INNER JOIN fanxiang_user as u  LIMIT 4   [ RunTime:0.0010s ]
SQL: SHOW COLUMNS FROM `fanxiang_yanxuanpinpai` [ RunTime:0.0030s ]
SQL: SELECT `imgsrc` FROM `fanxiang_yanxuanpinpai` LIMIT 10   [ RunTime:0.0000s ]
INFO: [ app_end ] --START--
INFO: Run Behavior\ShowPageTraceBehavior [ RunTime:0.000000s ]
INFO: [ app_end ] --END-- [ RunTime:0.000000s ]

[ 2018-11-29T09:25:46+08:00 ] 127.0.0.1 /fxpc/index.php/Home/Ucenter/index.html
INFO: [ app_init ] --START--
INFO: Run Behavior\BuildLiteBehavior [ RunTime:0.000000s ]
INFO: [ app_init ] --END-- [ RunTime:0.001000s ]
INFO: [ app_begin ] --START--
INFO: Run Behavior\ReadHtmlCacheBehavior [ RunTime:0.001000s ]
INFO: [ app_begin ] --END-- [ RunTime:0.001000s ]
SQL: SHOW COLUMNS FROM `fanxiang_shoucang` [ RunTime:0.0040s ]
SQL: SELECT COUNT(*) AS tp_count FROM `fanxiang_shoucang` WHERE ( uid=1 ) LIMIT 1   [ RunTime:0.0320s ]
SQL: SHOW COLUMNS FROM `fanxiang_tiezi` [ RunTime:0.0030s ]
SQL: SELECT COUNT(*) AS tp_count FROM `fanxiang_tiezi` WHERE ( uid=1 ) LIMIT 1   [ RunTime:0.0000s ]
SQL: SHOW COLUMNS FROM `fanxiang_jifen` [ RunTime:0.0040s ]
SQL: SELECT COUNT(*) AS tp_count FROM `fanxiang_jifen` WHERE ( uid=1 ) LIMIT 1   [ RunTime:0.0000s ]
SQL: SHOW COLUMNS FROM `fanxiang_pinglun` [ RunTime:0.0030s ]
SQL: SELECT COUNT(*) AS tp_count FROM `fanxiang_pinglun` WHERE ( mkind=1 AND mkind=4 AND id=1 ) LIMIT 1   [ RunTime:0.0000s ]
SQL: SHOW COLUMNS FROM `fanxiang_zhenduan` [ RunTime:0.0030s ]
SQL: SELECT `pinpai`,`jsfs`,`time` FROM `fanxiang_zhenduan` WHERE ( 1 )  [ RunTime:0.0000s ]
SQL: SHOW COLUMNS FROM `fanxiang_tiezi` [ RunTime:0.0030s ]
SQL: SELECT t.title,t.time,u.headimg,u.nickname FROM fanxiang_tiezi as t INNER JOIN fanxiang_user as u  WHERE (  t.uid=u.id ) AND (  1 )  [ RunTime:0.0020s ]
INFO: [ view_parse ] --START--
INFO: [ template_filter ] --START--
INFO: Run Behavior\ContentReplaceBehavior [ RunTime:0.000000s ]
INFO: [ template_filter ] --END-- [ RunTime:0.000000s ]
INFO: Run Behavior\ParseTemplateBehavior [ RunTime:0.026001s ]
INFO: [ view_parse ] --END-- [ RunTime:0.026001s ]
INFO: [ view_filter ] --START--
INFO: Run Behavior\WriteHtmlCacheBehavior [ RunTime:0.000000s ]
INFO: Run Behavior\TokenBuildBehavior [ RunTime:0.003001s ]
INFO: [ view_filter ] --END-- [ RunTime:0.003001s ]
INFO: [ app_end ] --START--
INFO: Run Behavior\ShowPageTraceBehavior [ RunTime:0.001000s ]
INFO: [ app_end ] --END-- [ RunTime:0.001000s ]

[ 2018-11-29T09:25:47+08:00 ] 127.0.0.1 /fxpc/index.php/Home/Ucenter/img/myself/wdxm2.png
INFO: [ app_init ] --START--
INFO: Run Behavior\BuildLiteBehavior [ RunTime:0.000000s ]
INFO: [ app_init ] --END-- [ RunTime:0.001001s ]

[ 2018-11-29T09:25:47+08:00 ] 127.0.0.1 /fxpc/index.php/Home/Ucenter/img/myself/zdjl1.png
INFO: [ app_init ] --START--
INFO: Run Behavior\BuildLiteBehavior [ RunTime:0.000000s ]
INFO: [ app_init ] --END-- [ RunTime:0.001000s ]

[ 2018-11-29T09:25:47+08:00 ] 127.0.0.1 /fxpc/index.php/Home/Ucenter/img/myself/wdxm1.png
INFO: [ app_init ] --START--
INFO: Run Behavior\BuildLiteBehavior [ RunTime:0.000000s ]
INFO: [ app_init ] --END-- [ RunTime:0.000000s ]

[ 2018-11-29T09:25:47+08:00 ] 127.0.0.1 /fxpc/index.php/Home/Ucenter/img/myself/xm-header2.png
INFO: [ app_init ] --START--
INFO: Run Behavior\BuildLiteBehavior [ RunTime:0.001000s ]
INFO: [ app_init ] --END-- [ RunTime:0.001000s ]

[ 2018-11-29T09:25:47+08:00 ] 127.0.0.1 /fxpc/index.php/Home/Ucenter/img/myself/xm-header3.png
INFO: [ app_init ] --START--
INFO: Run Behavior\BuildLiteBehavior [ RunTime:0.000000s ]
INFO: [ app_init ] --END-- [ RunTime:0.001000s ]

[ 2018-11-29T09:25:47+08:00 ] 127.0.0.1 /fxpc/index.php/Home/Ucenter/img/myself/wdxm3.png
INFO: [ app_init ] --START--
INFO: Run Behavior\BuildLiteBehavior [ RunTime:0.000000s ]
INFO: [ app_init ] --END-- [ RunTime:0.001000s ]

[ 2018-11-29T09:25:47+08:00 ] 127.0.0.1 /fxpc/index.php/Home/Ucenter/img/myself/daoshi2.png
INFO: [ app_init ] --START--
INFO: Run Behavior\BuildLiteBehavior [ RunTime:0.000000s ]
INFO: [ app_init ] --END-- [ RunTime:0.001000s ]

[ 2018-11-29T09:25:47+08:00 ] 127.0.0.1 /fxpc/index.php/Home/Ucenter/img/myself/daoshi1.png
INFO: [ app_init ] --START--
INFO: Run Behavior\BuildLiteBehavior [ RunTime:0.000000s ]
INFO: [ app_init ] --END-- [ RunTime:0.000000s ]

[ 2018-11-29T09:25:47+08:00 ] 127.0.0.1 /fxpc/index.php/Home/Ucenter/img/cyq/user1.png
INFO: [ app_init ] --START--
INFO: Run Behavior\BuildLiteBehavior [ RunTime:0.000000s ]
INFO: [ app_init ] --END-- [ RunTime:0.001000s ]

[ 2018-11-29T09:25:47+08:00 ] 127.0.0.1 /fxpc/index.php/Home/Ucenter/img/myself/daoshi3.png
INFO: [ app_init ] --START--
INFO: Run Behavior\BuildLiteBehavior [ RunTime:0.000000s ]
INFO: [ app_init ] --END-- [ RunTime:0.001000s ]

[ 2018-11-29T09:25:47+08:00 ] 127.0.0.1 /fxpc/index.php/Home/Ucenter/img/cyq/user3.png
INFO: [ app_init ] --START--
INFO: Run Behavior\BuildLiteBehavior [ RunTime:0.000000s ]
INFO: [ app_init ] --END-- [ RunTime:0.001000s ]

[ 2018-11-29T09:25:47+08:00 ] 127.0.0.1 /fxpc/index.php/Home/Ucenter/img/cyq/user2.png
INFO: [ app_init ] --START--
INFO: Run Behavior\BuildLiteBehavior [ RunTime:0.000000s ]
INFO: [ app_init ] --END-- [ RunTime:0.001001s ]

[ 2018-11-29T09:25:47+08:00 ] 127.0.0.1 /fxpc/index.php/Home/Ucenter/img/cyq/user5.png
INFO: [ app_init ] --START--
INFO: Run Behavior\BuildLiteBehavior [ RunTime:0.000000s ]
INFO: [ app_init ] --END-- [ RunTime:0.000000s ]

[ 2018-11-29T09:25:47+08:00 ] 127.0.0.1 /fxpc/index.php/Home/Ucenter/img/cyq/user4.png
INFO: [ app_init ] --START--
INFO: Run Behavior\BuildLiteBehavior [ RunTime:0.000000s ]
INFO: [ app_init ] --END-- [ RunTime:0.001000s ]

[ 2018-11-29T09:25:47+08:00 ] 127.0.0.1 /fxpc/index.php/Home/Ucenter/img/cyq/tiezi-list-btn.png
INFO: [ app_init ] --START--
INFO: Run Behavior\BuildLiteBehavior [ RunTime:0.000000s ]
INFO: [ app_init ] --END-- [ RunTime:0.072004s ]

[ 2018-11-29T09:25:47+08:00 ] 127.0.0.1 /fxpc/index.php/Home/Ucenter/img/cygs/gushi1.png
INFO: [ app_init ] --START--
INFO: Run Behavior\BuildLiteBehavior [ RunTime:0.000000s ]
INFO: [ app_init ] --END-- [ RunTime:0.000000s ]

[ 2018-11-29T09:25:47+08:00 ] 127.0.0.1 /fxpc/index.php/Home/Ucenter/img/cyq/user6.png
INFO: [ app_init ] --START--
INFO: Run Behavior\BuildLiteBehavior [ RunTime:0.001000s ]
INFO: [ app_init ] --END-- [ RunTime:0.031001s ]

[ 2018-11-29T09:25:47+08:00 ] 127.0.0.1 /fxpc/index.php/Home/Ucenter/img/cygs/gushi2.png
INFO: [ app_init ] --START--
INFO: Run Behavior\BuildLiteBehavior [ RunTime:0.000000s ]
INFO: [ app_init ] --END-- [ RunTime:0.001000s ]

[ 2018-11-29T09:25:47+08:00 ] 127.0.0.1 /fxpc/index.php/Home/Ucenter/img/cygs/gushi3.png
INFO: [ app_init ] --START--
INFO: Run Behavior\BuildLiteBehavior [ RunTime:0.000000s ]
INFO: [ app_init ] --END-- [ RunTime:0.001000s ]

[ 2018-11-29T09:25:47+08:00 ] 127.0.0.1 /fxpc/index.php/Home/Ucenter/img/cygs/gushi4.png
INFO: [ app_init ] --START--
INFO: Run Behavior\BuildLiteBehavior [ RunTime:0.000000s ]
INFO: [ app_init ] --END-- [ RunTime:0.000000s ]

[ 2018-11-29T09:25:47+08:00 ] 127.0.0.1 /fxpc/index.php/Home/Ucenter/img/cygs/more-btn.png
INFO: [ app_init ] --START--
INFO: Run Behavior\BuildLiteBehavior [ RunTime:0.000000s ]
INFO: [ app_init ] --END-- [ RunTime:0.000000s ]

[ 2018-11-29T09:25:47+08:00 ] 127.0.0.1 /fxpc/index.php/Home/Ucenter/img/cygs/gushi5.png
INFO: [ app_init ] --START--
INFO: Run Behavior\BuildLiteBehavior [ RunTime:0.000000s ]
INFO: [ app_init ] --END-- [ RunTime:0.000000s ]

[ 2018-11-29T09:25:47+08:00 ] 127.0.0.1 /fxpc/index.php/Home/Ucenter/img/myself/header.png
INFO: [ app_init ] --START--
INFO: Run Behavior\BuildLiteBehavior [ RunTime:0.001000s ]
INFO: [ app_init ] --END-- [ RunTime:0.003000s ]

[ 2018-11-29T09:25:47+08:00 ] 127.0.0.1 /fxpc/index.php/Home/Ucenter/img/myself/jmdp-icon.png
INFO: [ app_init ] --START--
INFO: Run Behavior\BuildLiteBehavior [ RunTime:0.000000s ]
INFO: [ app_init ] --END-- [ RunTime:0.001000s ]

[ 2018-11-29T11:39:28+08:00 ] 127.0.0.1 /fxpc/index.php/
INFO: [ app_init ] --START--
INFO: Run Behavior\BuildLiteBehavior [ RunTime:0.000000s ]
INFO: [ app_init ] --END-- [ RunTime:0.018001s ]
INFO: [ app_begin ] --START--
INFO: Run Behavior\ReadHtmlCacheBehavior [ RunTime:0.063004s ]
INFO: [ app_begin ] --END-- [ RunTime:0.063004s ]
SQL: SHOW COLUMNS FROM `fanxiang_dianping` [ RunTime:0.0820s ]
SQL: SELECT `pinpainame`,`content`,`pingfen`,`imglist` FROM `fanxiang_dianping` LIMIT 4   [ RunTime:0.0010s ]
SQL: SHOW COLUMNS FROM `fanxiang_daoshi` [ RunTime:0.0180s ]
SQL: SELECT `headimg`,`name`,`old`,`are`,`zizhi`,`xiangmu`,`xiangmuxiangqing`,`imglist` FROM `fanxiang_daoshi`  [ RunTime:0.0010s ]
SQL: SHOW COLUMNS FROM `fanxiang_tiezi` [ RunTime:0.0770s ]
SQL: SHOW COLUMNS FROM `fanxiang_tiezi` [ RunTime:0.0060s ]
SQL: SELECT t.title,t.content,t.time,u.headimg,u.nickname FROM fanxiang_tiezi as t INNER JOIN fanxiang_user as u  LIMIT 4   [ RunTime:0.0550s ]
INFO: [ view_parse ] --START--
INFO: [ template_filter ] --START--
INFO: Run Behavior\ContentReplaceBehavior [ RunTime:0.001000s ]
INFO: [ template_filter ] --END-- [ RunTime:0.001000s ]
NOTIC: [8] Undefined index: user D:\phpStudy\PHPTutorial\WWW\fxpc\App\Runtime\Cache\Home\00e52909bed743ea261af4b6823297ff.php 第 387 行.
INFO: Run Behavior\ParseTemplateBehavior [ RunTime:0.090005s ]
INFO: [ view_parse ] --END-- [ RunTime:0.090005s ]
INFO: [ view_filter ] --START--
INFO: Run Behavior\WriteHtmlCacheBehavior [ RunTime:0.003000s ]
INFO: Run Behavior\TokenBuildBehavior [ RunTime:0.005000s ]
INFO: [ view_filter ] --END-- [ RunTime:0.008000s ]
INFO: [ app_end ] --START--
INFO: Run Behavior\ShowPageTraceBehavior [ RunTime:0.014001s ]
INFO: [ app_end ] --END-- [ RunTime:0.014001s ]

[ 2018-11-29T11:39:30+08:00 ] 127.0.0.1 /fxpc/index.php/Home/Home/index.html
INFO: [ app_init ] --START--
INFO: Run Behavior\BuildLiteBehavior [ RunTime:0.001000s ]
INFO: [ app_init ] --END-- [ RunTime:0.001000s ]
INFO: [ app_begin ] --START--
INFO: Run Behavior\ReadHtmlCacheBehavior [ RunTime:0.001000s ]
INFO: [ app_begin ] --END-- [ RunTime:0.002000s ]
SQL: SHOW COLUMNS FROM `fanxiang_dianping` [ RunTime:0.0060s ]
SQL: SELECT `pinpainame`,`content`,`pingfen`,`imglist` FROM `fanxiang_dianping` LIMIT 4   [ RunTime:0.0000s ]
SQL: SHOW COLUMNS FROM `fanxiang_daoshi` [ RunTime:0.0030s ]
SQL: SELECT `headimg`,`name`,`old`,`are`,`zizhi`,`xiangmu`,`xiangmuxiangqing`,`imglist` FROM `fanxiang_daoshi`  [ RunTime:0.0000s ]
SQL: SHOW COLUMNS FROM `fanxiang_tiezi` [ RunTime:0.0030s ]
SQL: SHOW COLUMNS FROM `fanxiang_tiezi` [ RunTime:0.0040s ]
SQL: SELECT t.title,t.content,t.time,u.headimg,u.nickname FROM fanxiang_tiezi as t INNER JOIN fanxiang_user as u  LIMIT 4   [ RunTime:0.0010s ]
SQL: SHOW COLUMNS FROM `fanxiang_yanxuanpinpai` [ RunTime:0.1460s ]
SQL: SELECT `imgsrc` FROM `fanxiang_yanxuanpinpai` LIMIT 10   [ RunTime:0.0000s ]
INFO: [ app_end ] --START--
INFO: Run Behavior\ShowPageTraceBehavior [ RunTime:0.001000s ]
INFO: [ app_end ] --END-- [ RunTime:0.002001s ]

[ 2018-11-29T11:39:32+08:00 ] 127.0.0.1 /fxpc/index.php/Home/Login/login.html
INFO: [ app_init ] --START--
INFO: Run Behavior\BuildLiteBehavior [ RunTime:0.000000s ]
INFO: [ app_init ] --END-- [ RunTime:0.000000s ]
INFO: [ app_begin ] --START--
INFO: Run Behavior\ReadHtmlCacheBehavior [ RunTime:0.001000s ]
INFO: [ app_begin ] --END-- [ RunTime:0.001000s ]
INFO: [ view_parse ] --START--
INFO: [ template_filter ] --START--
INFO: Run Behavior\ContentReplaceBehavior [ RunTime:0.000000s ]
INFO: [ template_filter ] --END-- [ RunTime:0.001000s ]
INFO: Run Behavior\ParseTemplateBehavior [ RunTime:0.023001s ]
INFO: [ view_parse ] --END-- [ RunTime:0.023001s ]
INFO: [ view_filter ] --START--
INFO: Run Behavior\WriteHtmlCacheBehavior [ RunTime:0.001000s ]
INFO: Run Behavior\TokenBuildBehavior [ RunTime:0.001001s ]
INFO: [ view_filter ] --END-- [ RunTime:0.002001s ]
INFO: [ app_end ] --START--
INFO: Run Behavior\ShowPageTraceBehavior [ RunTime:0.001000s ]
INFO: [ app_end ] --END-- [ RunTime:0.002000s ]

[ 2018-11-29T11:39:32+08:00 ] 127.0.0.1 /fxpc/index.php/Home/Home/captcha.html
INFO: [ app_init ] --START--
INFO: Run Behavior\BuildLiteBehavior [ RunTime:0.000000s ]
INFO: [ app_init ] --END-- [ RunTime:0.001000s ]
INFO: [ app_begin ] --START--
INFO: Run Behavior\ReadHtmlCacheBehavior [ RunTime:0.001000s ]
INFO: [ app_begin ] --END-- [ RunTime:0.001000s ]
SQL: SHOW COLUMNS FROM `fanxiang_dianping` [ RunTime:0.0080s ]
SQL: SELECT `pinpainame`,`content`,`pingfen`,`imglist` FROM `fanxiang_dianping` LIMIT 4   [ RunTime:0.0010s ]
SQL: SHOW COLUMNS FROM `fanxiang_daoshi` [ RunTime:0.0160s ]
SQL: SELECT `headimg`,`name`,`old`,`are`,`zizhi`,`xiangmu`,`xiangmuxiangqing`,`imglist` FROM `fanxiang_daoshi`  [ RunTime:0.0010s ]
SQL: SHOW COLUMNS FROM `fanxiang_tiezi` [ RunTime:0.0050s ]
SQL: SHOW COLUMNS FROM `fanxiang_tiezi` [ RunTime:0.0220s ]
SQL: SELECT t.title,t.content,t.time,u.headimg,u.nickname FROM fanxiang_tiezi as t INNER JOIN fanxiang_user as u  LIMIT 4   [ RunTime:0.0020s ]
INFO: [ app_end ] --START--
INFO: Run Behavior\ShowPageTraceBehavior [ RunTime:0.001000s ]
INFO: [ app_end ] --END-- [ RunTime:0.001000s ]

[ 2018-11-29T11:39:47+08:00 ] 127.0.0.1 /fxpc/index.php/Home/Login/login.html
INFO: [ app_init ] --START--
INFO: Run Behavior\BuildLiteBehavior [ RunTime:0.000000s ]
INFO: [ app_init ] --END-- [ RunTime:0.000000s ]
INFO: [ app_begin ] --START--
INFO: Run Behavior\ReadHtmlCacheBehavior [ RunTime:0.000000s ]
INFO: [ app_begin ] --END-- [ RunTime:0.000000s ]
SQL: SHOW COLUMNS FROM `fanxiang_ucenter_member` [ RunTime:0.0486s ]
SQL: SHOW COLUMNS FROM `fanxiang_ucenter_member` [ RunTime:0.0010s ]
SQL: SELECT * FROM fanxiang_ucenter_member as m INNER JOIN fanxiang_user as u  WHERE `username` = 'fanxiang' AND `status` = 1 LIMIT 1   [ RunTime:0.0000s ]

[ 2018-11-29T11:39:49+08:00 ] 127.0.0.1 /fxpc/index.php/
INFO: [ app_init ] --START--
INFO: Run Behavior\BuildLiteBehavior [ RunTime:0.000000s ]
INFO: [ app_init ] --END-- [ RunTime:0.001000s ]
INFO: [ app_begin ] --START--
INFO: Run Behavior\ReadHtmlCacheBehavior [ RunTime:0.001000s ]
INFO: [ app_begin ] --END-- [ RunTime:0.001000s ]
SQL: SHOW COLUMNS FROM `fanxiang_dianping` [ RunTime:0.0030s ]
SQL: SELECT `pinpainame`,`content`,`pingfen`,`imglist` FROM `fanxiang_dianping` LIMIT 4   [ RunTime:0.0010s ]
SQL: SHOW COLUMNS FROM `fanxiang_daoshi` [ RunTime:0.0030s ]
SQL: SELECT `headimg`,`name`,`old`,`are`,`zizhi`,`xiangmu`,`xiangmuxiangqing`,`imglist` FROM `fanxiang_daoshi`  [ RunTime:0.0010s ]
SQL: SHOW COLUMNS FROM `fanxiang_tiezi` [ RunTime:0.0030s ]
SQL: SHOW COLUMNS FROM `fanxiang_tiezi` [ RunTime:0.0040s ]
SQL: SELECT t.title,t.content,t.time,u.headimg,u.nickname FROM fanxiang_tiezi as t INNER JOIN fanxiang_user as u  LIMIT 4   [ RunTime:0.0010s ]
INFO: [ view_parse ] --START--
INFO: [ template_filter ] --START--
INFO: Run Behavior\ContentReplaceBehavior [ RunTime:0.000000s ]
INFO: [ template_filter ] --END-- [ RunTime:0.000000s ]
INFO: Run Behavior\ParseTemplateBehavior [ RunTime:0.026001s ]
INFO: [ view_parse ] --END-- [ RunTime:0.026001s ]
INFO: [ view_filter ] --START--
INFO: Run Behavior\WriteHtmlCacheBehavior [ RunTime:0.001000s ]
INFO: Run Behavior\TokenBuildBehavior [ RunTime:0.002000s ]
INFO: [ view_filter ] --END-- [ RunTime:0.003000s ]
INFO: [ app_end ] --START--
INFO: Run Behavior\ShowPageTraceBehavior [ RunTime:0.001000s ]
INFO: [ app_end ] --END-- [ RunTime:0.001000s ]

[ 2018-11-29T11:39:49+08:00 ] 127.0.0.1 /fxpc/index.php/Home/Home/index.html
INFO: [ app_init ] --START--
INFO: Run Behavior\BuildLiteBehavior [ RunTime:0.001000s ]
INFO: [ app_init ] --END-- [ RunTime:0.001000s ]
INFO: [ app_begin ] --START--
INFO: Run Behavior\ReadHtmlCacheBehavior [ RunTime:0.001000s ]
INFO: [ app_begin ] --END-- [ RunTime:0.001000s ]
SQL: SHOW COLUMNS FROM `fanxiang_dianping` [ RunTime:0.0040s ]
SQL: SELECT `pinpainame`,`content`,`pingfen`,`imglist` FROM `fanxiang_dianping` LIMIT 4   [ RunTime:0.0000s ]
SQL: SHOW COLUMNS FROM `fanxiang_daoshi` [ RunTime:0.0040s ]
SQL: SELECT `headimg`,`name`,`old`,`are`,`zizhi`,`xiangmu`,`xiangmuxiangqing`,`imglist` FROM `fanxiang_daoshi`  [ RunTime:0.0010s ]
SQL: SHOW COLUMNS FROM `fanxiang_tiezi` [ RunTime:0.0050s ]
SQL: SHOW COLUMNS FROM `fanxiang_tiezi` [ RunTime:0.0020s ]
SQL: SELECT t.title,t.content,t.time,u.headimg,u.nickname FROM fanxiang_tiezi as t INNER JOIN fanxiang_user as u  LIMIT 4   [ RunTime:0.0020s ]
SQL: SHOW COLUMNS FROM `fanxiang_yanxuanpinpai` [ RunTime:0.0030s ]
SQL: SELECT `imgsrc` FROM `fanxiang_yanxuanpinpai` LIMIT 10   [ RunTime:0.0000s ]
INFO: [ app_end ] --START--
INFO: Run Behavior\ShowPageTraceBehavior [ RunTime:0.001000s ]
INFO: [ app_end ] --END-- [ RunTime:0.001000s ]

[ 2018-11-29T11:39:52+08:00 ] 127.0.0.1 /fxpc/index.php/Home/Ucenter/index.html
INFO: [ app_init ] --START--
INFO: Run Behavior\BuildLiteBehavior [ RunTime:0.000000s ]
INFO: [ app_init ] --END-- [ RunTime:0.000000s ]
INFO: [ app_begin ] --START--
INFO: Run Behavior\ReadHtmlCacheBehavior [ RunTime:0.000000s ]
INFO: [ app_begin ] --END-- [ RunTime:0.000000s ]
SQL: SHOW COLUMNS FROM `fanxiang_shoucang` [ RunTime:0.0340s ]
SQL: SELECT COUNT(*) AS tp_count FROM `fanxiang_shoucang` WHERE ( uid=1 ) LIMIT 1   [ RunTime:0.0080s ]
SQL: SHOW COLUMNS FROM `fanxiang_tiezi` [ RunTime:0.0040s ]
SQL: SELECT COUNT(*) AS tp_count FROM `fanxiang_tiezi` WHERE ( uid=1 ) LIMIT 1   [ RunTime:0.0000s ]
SQL: SHOW COLUMNS FROM `fanxiang_jifen` [ RunTime:0.0370s ]
SQL: SELECT COUNT(*) AS tp_count FROM `fanxiang_jifen` WHERE ( uid=1 ) LIMIT 1   [ RunTime:0.0000s ]
SQL: SHOW COLUMNS FROM `fanxiang_pinglun` [ RunTime:0.0240s ]
SQL: SELECT COUNT(*) AS tp_count FROM `fanxiang_pinglun` WHERE ( mkind=1 AND mkind=4 AND id=1 ) LIMIT 1   [ RunTime:0.0010s ]
SQL: SHOW COLUMNS FROM `fanxiang_zhenduan` [ RunTime:0.0230s ]
SQL: SELECT `pinpai`,`jsfs`,`time` FROM `fanxiang_zhenduan` WHERE ( 1 )  [ RunTime:0.0000s ]
SQL: SHOW COLUMNS FROM `fanxiang_tiezi` [ RunTime:0.0030s ]
SQL: SELECT t.title,t.time,u.headimg,u.nickname FROM fanxiang_tiezi as t INNER JOIN fanxiang_user as u  WHERE (  t.uid=u.id ) AND (  1 )  [ RunTime:0.0010s ]
INFO: [ view_parse ] --START--
INFO: [ template_filter ] --START--
INFO: Run Behavior\ContentReplaceBehavior [ RunTime:0.000000s ]
INFO: [ template_filter ] --END-- [ RunTime:0.000000s ]
INFO: Run Behavior\ParseTemplateBehavior [ RunTime:0.046003s ]
INFO: [ view_parse ] --END-- [ RunTime:0.046003s ]
INFO: [ view_filter ] --START--
INFO: Run Behavior\WriteHtmlCacheBehavior [ RunTime:0.001000s ]
INFO: Run Behavior\TokenBuildBehavior [ RunTime:0.005000s ]
INFO: [ view_filter ] --END-- [ RunTime:0.006000s ]
INFO: [ app_end ] --START--
INFO: Run Behavior\ShowPageTraceBehavior [ RunTime:0.002000s ]
INFO: [ app_end ] --END-- [ RunTime:0.002000s ]

[ 2018-11-29T11:39:53+08:00 ] 127.0.0.1 /fxpc/index.php/Home/Ucenter/img/myself/wdxm2.png
INFO: [ app_init ] --START--
INFO: Run Behavior\BuildLiteBehavior [ RunTime:0.000000s ]
INFO: [ app_init ] --END-- [ RunTime:0.000000s ]

[ 2018-11-29T11:39:53+08:00 ] 127.0.0.1 /fxpc/index.php/Home/Ucenter/img/myself/wdxm1.png
INFO: [ app_init ] --START--
INFO: Run Behavior\BuildLiteBehavior [ RunTime:0.000000s ]
INFO: [ app_init ] --END-- [ RunTime:0.000000s ]

[ 2018-11-29T11:39:53+08:00 ] 127.0.0.1 /fxpc/index.php/Home/Ucenter/img/myself/xm-header2.png
INFO: [ app_init ] --START--
INFO: Run Behavior\BuildLiteBehavior [ RunTime:0.000000s ]
INFO: [ app_init ] --END-- [ RunTime:0.001000s ]

[ 2018-11-29T11:39:53+08:00 ] 127.0.0.1 /fxpc/index.php/Home/Ucenter/img/myself/zdjl1.png
INFO: [ app_init ] --START--
INFO: Run Behavior\BuildLiteBehavior [ RunTime:0.000000s ]
INFO: [ app_init ] --END-- [ RunTime:0.000000s ]

[ 2018-11-29T11:39:53+08:00 ] 127.0.0.1 /fxpc/index.php/Home/Ucenter/img/myself/wdxm3.png
INFO: [ app_init ] --START--
INFO: Run Behavior\BuildLiteBehavior [ RunTime:0.000000s ]
INFO: [ app_init ] --END-- [ RunTime:0.001000s ]

[ 2018-11-29T11:39:53+08:00 ] 127.0.0.1 /fxpc/index.php/Home/Ucenter/img/myself/xm-header3.png
INFO: [ app_init ] --START--
INFO: Run Behavior\BuildLiteBehavior [ RunTime:0.000000s ]
INFO: [ app_init ] --END-- [ RunTime:0.000000s ]

[ 2018-11-29T11:39:53+08:00 ] 127.0.0.1 /fxpc/index.php/Home/Ucenter/img/myself/daoshi1.png
INFO: [ app_init ] --START--
INFO: Run Behavior\BuildLiteBehavior [ RunTime:0.000000s ]
INFO: [ app_init ] --END-- [ RunTime:0.001000s ]

[ 2018-11-29T11:39:53+08:00 ] 127.0.0.1 /fxpc/index.php/Home/Ucenter/img/myself/daoshi2.png
INFO: [ app_init ] --START--
INFO: Run Behavior\BuildLiteBehavior [ RunTime:0.000000s ]
INFO: [ app_init ] --END-- [ RunTime:0.001000s ]

[ 2018-11-29T11:39:53+08:00 ] 127.0.0.1 /fxpc/index.php/Home/Ucenter/img/myself/daoshi3.png
INFO: [ app_init ] --START--
INFO: Run Behavior\BuildLiteBehavior [ RunTime:0.000000s ]
INFO: [ app_init ] --END-- [ RunTime:0.000000s ]

[ 2018-11-29T11:39:53+08:00 ] 127.0.0.1 /fxpc/index.php/Home/Ucenter/img/cyq/user1.png
INFO: [ app_init ] --START--
INFO: Run Behavior\BuildLiteBehavior [ RunTime:0.000000s ]
INFO: [ app_init ] --END-- [ RunTime:0.000000s ]

[ 2018-11-29T11:39:53+08:00 ] 127.0.0.1 /fxpc/index.php/Home/Ucenter/img/cyq/tiezi-list-btn.png
INFO: [ app_init ] --START--
INFO: Run Behavior\BuildLiteBehavior [ RunTime:0.000000s ]
INFO: [ app_init ] --END-- [ RunTime:0.000000s ]

[ 2018-11-29T11:39:53+08:00 ] 127.0.0.1 /fxpc/index.php/Home/Ucenter/img/cyq/user2.png
INFO: [ app_init ] --START--
INFO: Run Behavior\BuildLiteBehavior [ RunTime:0.000000s ]
INFO: [ app_init ] --END-- [ RunTime:0.001000s ]

[ 2018-11-29T11:39:53+08:00 ] 127.0.0.1 /fxpc/index.php/Home/Ucenter/img/cyq/user3.png
INFO: [ app_init ] --START--
INFO: Run Behavior\BuildLiteBehavior [ RunTime:0.000000s ]
INFO: [ app_init ] --END-- [ RunTime:0.001001s ]

[ 2018-11-29T11:39:53+08:00 ] 127.0.0.1 /fxpc/index.php/Home/Ucenter/img/cygs/gushi1.png
INFO: [ app_init ] --START--
INFO: Run Behavior\BuildLiteBehavior [ RunTime:0.000000s ]
INFO: [ app_init ] --END-- [ RunTime:0.001000s ]

[ 2018-11-29T11:39:53+08:00 ] 127.0.0.1 /fxpc/index.php/Home/Ucenter/img/cyq/user4.png
INFO: [ app_init ] --START--
INFO: Run Behavior\BuildLiteBehavior [ RunTime:0.000000s ]
INFO: [ app_init ] --END-- [ RunTime:0.000000s ]

[ 2018-11-29T11:39:53+08:00 ] 127.0.0.1 /fxpc/index.php/Home/Ucenter/img/cygs/more-btn.png
INFO: [ app_init ] --START--
INFO: Run Behavior\BuildLiteBehavior [ RunTime:0.000000s ]
INFO: [ app_init ] --END-- [ RunTime:0.000000s ]

[ 2018-11-29T11:39:53+08:00 ] 127.0.0.1 /fxpc/index.php/Home/Ucenter/img/cygs/gushi2.png
INFO: [ app_init ] --START--
INFO: Run Behavior\BuildLiteBehavior [ RunTime:0.000000s ]
INFO: [ app_init ] --END-- [ RunTime:0.000000s ]

[ 2018-11-29T11:39:53+08:00 ] 127.0.0.1 /fxpc/index.php/Home/Ucenter/img/cyq/user5.png
INFO: [ app_init ] --START--
INFO: Run Behavior\BuildLiteBehavior [ RunTime:0.000000s ]
INFO: [ app_init ] --END-- [ RunTime:0.000000s ]

[ 2018-11-29T11:39:53+08:00 ] 127.0.0.1 /fxpc/index.php/Home/Ucenter/img/cyq/user6.png
INFO: [ app_init ] --START--
INFO: Run Behavior\BuildLiteBehavior [ RunTime:0.000000s ]
INFO: [ app_init ] --END-- [ RunTime:0.000000s ]

[ 2018-11-29T11:39:53+08:00 ] 127.0.0.1 /fxpc/index.php/Home/Ucenter/img/cygs/gushi3.png
INFO: [ app_init ] --START--
INFO: Run Behavior\BuildLiteBehavior [ RunTime:0.000000s ]
INFO: [ app_init ] --END-- [ RunTime:0.000000s ]

[ 2018-11-29T11:39:53+08:00 ] 127.0.0.1 /fxpc/index.php/Home/Ucenter/img/myself/header.png
INFO: [ app_init ] --START--
INFO: Run Behavior\BuildLiteBehavior [ RunTime:0.000000s ]
INFO: [ app_init ] --END-- [ RunTime:0.001000s ]

[ 2018-11-29T11:39:53+08:00 ] 127.0.0.1 /fxpc/index.php/Home/Ucenter/img/cygs/gushi5.png
INFO: [ app_init ] --START--
INFO: Run Behavior\BuildLiteBehavior [ RunTime:0.000000s ]
INFO: [ app_init ] --END-- [ RunTime:0.000000s ]

[ 2018-11-29T11:39:53+08:00 ] 127.0.0.1 /fxpc/index.php/Home/Ucenter/img/myself/jmdp-icon.png
INFO: [ app_init ] --START--
INFO: Run Behavior\BuildLiteBehavior [ RunTime:0.000000s ]
INFO: [ app_init ] --END-- [ RunTime:0.001000s ]

[ 2018-11-29T11:39:53+08:00 ] 127.0.0.1 /fxpc/index.php/Home/Ucenter/img/cygs/gushi4.png
INFO: [ app_init ] --START--
INFO: Run Behavior\BuildLiteBehavior [ RunTime:0.000000s ]
INFO: [ app_init ] --END-- [ RunTime:0.000000s ]

