[ 2018-11-28T17:02:19+08:00 ] 127.0.0.1 /fxpc/index.php/Home/Ucenter/changePwd.html
INFO: [ app_init ] --START--
INFO: Run Behavior\BuildLiteBehavior [ RunTime:0.000000s ]
INFO: [ app_init ] --END-- [ RunTime:0.000000s ]
INFO: [ app_begin ] --START--
INFO: Run Behavior\ReadHtmlCacheBehavior [ RunTime:0.000000s ]
INFO: [ app_begin ] --END-- [ RunTime:0.000000s ]
SQL: SHOW COLUMNS FROM `fanxiang_user` [ RunTime:0.0030s ]
NOTIC: [8] Undefined index: validate D:\phpStudy\PHPTutorial\WWW\fxpc\ThinkPHP\Library\Think\Model.class.php 第 1185 行.
NOTIC: [8] Undefined index: auto D:\phpStudy\PHPTutorial\WWW\fxpc\ThinkPHP\Library\Think\Model.class.php 第 1128 行.
SQL: SHOW COLUMNS FROM `fanxiang_ucenter_member` [ RunTime:0.0040s ]
SQL: SELECT `password` FROM `fanxiang_ucenter_member` WHERE ( 1 )  [ RunTime:0.0010s ]
SQL: UPDATE `fanxiang_ucenter_member` SET `password`='e10adc3949ba59abbe56e057f20f883e' WHERE `id` = 1 [ RunTime:0.0020s ]

[ 2018-11-28T17:03:31+08:00 ] 127.0.0.1 /fxpc/index.php/Home/Ucenter/index.html
INFO: [ app_init ] --START--
INFO: Run Behavior\BuildLiteBehavior [ RunTime:0.000000s ]
INFO: [ app_init ] --END-- [ RunTime:0.001000s ]
INFO: [ app_begin ] --START--
INFO: Run Behavior\ReadHtmlCacheBehavior [ RunTime:0.001000s ]
INFO: [ app_begin ] --END-- [ RunTime:0.002000s ]
SQL: SHOW COLUMNS FROM `fanxiang_shoucang` [ RunTime:0.0080s ]
SQL: SELECT COUNT(*) AS tp_count FROM `fanxiang_shoucang` WHERE ( uid=1 ) LIMIT 1   [ RunTime:0.0010s ]
SQL: SHOW COLUMNS FROM `fanxiang_tiezi` [ RunTime:0.0030s ]
SQL: SELECT COUNT(*) AS tp_count FROM `fanxiang_tiezi` WHERE ( uid=1 ) LIMIT 1   [ RunTime:0.0000s ]
SQL: SHOW COLUMNS FROM `fanxiang_jifen` [ RunTime:0.0080s ]
SQL: SELECT COUNT(*) AS tp_count FROM `fanxiang_jifen` WHERE ( uid=1 ) LIMIT 1   [ RunTime:0.0000s ]
SQL: SHOW COLUMNS FROM `fanxiang_pinglun` [ RunTime:0.0040s ]
SQL: SELECT COUNT(*) AS tp_count FROM `fanxiang_pinglun` WHERE ( mkind=1 AND mkind=4 AND id=1 ) LIMIT 1   [ RunTime:0.0000s ]
SQL: SHOW COLUMNS FROM `fanxiang_zhenduan` [ RunTime:0.0050s ]
SQL: SELECT `pinpai`,`jsfs`,`time` FROM `fanxiang_zhenduan` WHERE ( 1 )  [ RunTime:0.0010s ]
SQL: SHOW COLUMNS FROM `fanxiang_tiezi` [ RunTime:0.0040s ]
SQL: SELECT t.title,t.time,u.headimg,u.nickname FROM fanxiang_tiezi as t INNER JOIN fanxiang_user as u  WHERE (  t.uid=u.id ) AND (  1 )  [ RunTime:0.0010s ]
INFO: [ view_parse ] --START--
INFO: [ template_filter ] --START--
INFO: Run Behavior\ContentReplaceBehavior [ RunTime:0.001000s ]
INFO: [ template_filter ] --END-- [ RunTime:0.001000s ]
INFO: Run Behavior\ParseTemplateBehavior [ RunTime:0.031002s ]
INFO: [ view_parse ] --END-- [ RunTime:0.031002s ]
INFO: [ view_filter ] --START--
INFO: Run Behavior\WriteHtmlCacheBehavior [ RunTime:0.001000s ]
INFO: Run Behavior\TokenBuildBehavior [ RunTime:0.003000s ]
INFO: [ view_filter ] --END-- [ RunTime:0.004000s ]
INFO: [ app_end ] --START--
INFO: Run Behavior\ShowPageTraceBehavior [ RunTime:0.007001s ]
INFO: [ app_end ] --END-- [ RunTime:0.007001s ]

[ 2018-11-28T17:03:32+08:00 ] 127.0.0.1 /fxpc/index.php/Home/Ucenter/img/myself/wdxm2.png
INFO: [ app_init ] --START--
INFO: Run Behavior\BuildLiteBehavior [ RunTime:0.000000s ]
INFO: [ app_init ] --END-- [ RunTime:0.001000s ]

[ 2018-11-28T17:03:32+08:00 ] 127.0.0.1 /fxpc/index.php/Home/Ucenter/img/myself/zdjl1.png
INFO: [ app_init ] --START--
INFO: Run Behavior\BuildLiteBehavior [ RunTime:0.000000s ]
INFO: [ app_init ] --END-- [ RunTime:0.001000s ]

[ 2018-11-28T17:03:32+08:00 ] 127.0.0.1 /fxpc/index.php/Home/Ucenter/img/myself/wdxm1.png
INFO: [ app_init ] --START--
INFO: Run Behavior\BuildLiteBehavior [ RunTime:0.000000s ]
INFO: [ app_init ] --END-- [ RunTime:0.000000s ]

[ 2018-11-28T17:03:32+08:00 ] 127.0.0.1 /fxpc/index.php/Home/Ucenter/img/myself/xm-header3.png
INFO: [ app_init ] --START--
INFO: Run Behavior\BuildLiteBehavior [ RunTime:0.000000s ]
INFO: [ app_init ] --END-- [ RunTime:0.000000s ]

[ 2018-11-28T17:03:32+08:00 ] 127.0.0.1 /fxpc/index.php/Home/Ucenter/img/myself/xm-header2.png
INFO: [ app_init ] --START--
INFO: Run Behavior\BuildLiteBehavior [ RunTime:0.000000s ]
INFO: [ app_init ] --END-- [ RunTime:0.000000s ]

[ 2018-11-28T17:03:32+08:00 ] 127.0.0.1 /fxpc/index.php/Home/Ucenter/img/myself/wdxm3.png
INFO: [ app_init ] --START--
INFO: Run Behavior\BuildLiteBehavior [ RunTime:0.000000s ]
INFO: [ app_init ] --END-- [ RunTime:0.001000s ]

[ 2018-11-28T17:03:32+08:00 ] 127.0.0.1 /fxpc/index.php/Home/Ucenter/img/myself/daoshi1.png
INFO: [ app_init ] --START--
INFO: Run Behavior\BuildLiteBehavior [ RunTime:0.000000s ]
INFO: [ app_init ] --END-- [ RunTime:0.001000s ]

[ 2018-11-28T17:03:32+08:00 ] 127.0.0.1 /fxpc/index.php/Home/Ucenter/img/myself/daoshi2.png
INFO: [ app_init ] --START--
INFO: Run Behavior\BuildLiteBehavior [ RunTime:0.000000s ]
INFO: [ app_init ] --END-- [ RunTime:0.001000s ]

[ 2018-11-28T17:03:32+08:00 ] 127.0.0.1 /fxpc/index.php/Home/Ucenter/img/myself/daoshi3.png
INFO: [ app_init ] --START--
INFO: Run Behavior\BuildLiteBehavior [ RunTime:0.000000s ]
INFO: [ app_init ] --END-- [ RunTime:0.002000s ]

[ 2018-11-28T17:03:32+08:00 ] 127.0.0.1 /fxpc/index.php/Home/Ucenter/img/cyq/user1.png
INFO: [ app_init ] --START--
INFO: Run Behavior\BuildLiteBehavior [ RunTime:0.000000s ]
INFO: [ app_init ] --END-- [ RunTime:0.001000s ]

[ 2018-11-28T17:03:32+08:00 ] 127.0.0.1 /fxpc/index.php/Home/Ucenter/img/cyq/tiezi-list-btn.png
INFO: [ app_init ] --START--
INFO: Run Behavior\BuildLiteBehavior [ RunTime:0.000000s ]
INFO: [ app_init ] --END-- [ RunTime:0.000000s ]

[ 2018-11-28T17:03:32+08:00 ] 127.0.0.1 /fxpc/index.php/Home/Ucenter/img/cyq/user2.png
INFO: [ app_init ] --START--
INFO: Run Behavior\BuildLiteBehavior [ RunTime:0.000000s ]
INFO: [ app_init ] --END-- [ RunTime:0.000000s ]

[ 2018-11-28T17:03:32+08:00 ] 127.0.0.1 /fxpc/index.php/Home/Ucenter/img/cyq/user4.png
INFO: [ app_init ] --START--
INFO: Run Behavior\BuildLiteBehavior [ RunTime:0.000000s ]
INFO: [ app_init ] --END-- [ RunTime:0.000000s ]

[ 2018-11-28T17:03:32+08:00 ] 127.0.0.1 /fxpc/index.php/Home/Ucenter/img/cyq/user5.png
INFO: [ app_init ] --START--
INFO: Run Behavior\BuildLiteBehavior [ RunTime:0.000000s ]
INFO: [ app_init ] --END-- [ RunTime:0.000000s ]

[ 2018-11-28T17:03:32+08:00 ] 127.0.0.1 /fxpc/index.php/Home/Ucenter/img/cyq/user3.png
INFO: [ app_init ] --START--
INFO: Run Behavior\BuildLiteBehavior [ RunTime:0.000000s ]
INFO: [ app_init ] --END-- [ RunTime:0.000000s ]

[ 2018-11-28T17:03:32+08:00 ] 127.0.0.1 /fxpc/index.php/Home/Ucenter/img/cygs/more-btn.png
INFO: [ app_init ] --START--
INFO: Run Behavior\BuildLiteBehavior [ RunTime:0.000000s ]
INFO: [ app_init ] --END-- [ RunTime:0.001000s ]

[ 2018-11-28T17:03:32+08:00 ] 127.0.0.1 /fxpc/index.php/Home/Ucenter/img/cygs/gushi1.png
INFO: [ app_init ] --START--
INFO: Run Behavior\BuildLiteBehavior [ RunTime:0.000000s ]
INFO: [ app_init ] --END-- [ RunTime:0.000000s ]

[ 2018-11-28T17:03:32+08:00 ] 127.0.0.1 /fxpc/index.php/Home/Ucenter/img/cyq/user6.png
INFO: [ app_init ] --START--
INFO: Run Behavior\BuildLiteBehavior [ RunTime:0.000000s ]
INFO: [ app_init ] --END-- [ RunTime:0.001000s ]

[ 2018-11-28T17:03:32+08:00 ] 127.0.0.1 /fxpc/index.php/Home/Ucenter/img/cygs/gushi2.png
INFO: [ app_init ] --START--
INFO: Run Behavior\BuildLiteBehavior [ RunTime:0.000000s ]
INFO: [ app_init ] --END-- [ RunTime:0.001000s ]

[ 2018-11-28T17:03:32+08:00 ] 127.0.0.1 /fxpc/index.php/Home/Ucenter/img/myself/jmdp-icon.png
INFO: [ app_init ] --START--
INFO: Run Behavior\BuildLiteBehavior [ RunTime:0.000000s ]
INFO: [ app_init ] --END-- [ RunTime:0.000000s ]

[ 2018-11-28T17:03:32+08:00 ] 127.0.0.1 /fxpc/index.php/Home/Ucenter/img/cygs/gushi5.png
INFO: [ app_init ] --START--
INFO: Run Behavior\BuildLiteBehavior [ RunTime:0.000000s ]
INFO: [ app_init ] --END-- [ RunTime:0.000000s ]

[ 2018-11-28T17:03:32+08:00 ] 127.0.0.1 /fxpc/index.php/Home/Ucenter/img/cygs/gushi4.png
INFO: [ app_init ] --START--
INFO: Run Behavior\BuildLiteBehavior [ RunTime:0.000000s ]
INFO: [ app_init ] --END-- [ RunTime:0.001000s ]

[ 2018-11-28T17:03:32+08:00 ] 127.0.0.1 /fxpc/index.php/Home/Ucenter/img/myself/header.png
INFO: [ app_init ] --START--
INFO: Run Behavior\BuildLiteBehavior [ RunTime:0.000000s ]
INFO: [ app_init ] --END-- [ RunTime:0.001000s ]

[ 2018-11-28T17:03:32+08:00 ] 127.0.0.1 /fxpc/index.php/Home/Ucenter/img/cygs/gushi3.png
INFO: [ app_init ] --START--
INFO: Run Behavior\BuildLiteBehavior [ RunTime:0.000000s ]
INFO: [ app_init ] --END-- [ RunTime:0.001000s ]

[ 2018-11-28T17:03:43+08:00 ] 127.0.0.1 /fxpc/index.php/Home/Ucenter/changePwd.html
INFO: [ app_init ] --START--
INFO: Run Behavior\BuildLiteBehavior [ RunTime:0.000000s ]
INFO: [ app_init ] --END-- [ RunTime:0.002000s ]
INFO: [ app_begin ] --START--
INFO: Run Behavior\ReadHtmlCacheBehavior [ RunTime:0.001000s ]
INFO: [ app_begin ] --END-- [ RunTime:0.001000s ]
SQL: SHOW COLUMNS FROM `fanxiang_user` [ RunTime:0.0050s ]
NOTIC: [8] Undefined index: validate D:\phpStudy\PHPTutorial\WWW\fxpc\ThinkPHP\Library\Think\Model.class.php 第 1185 行.
NOTIC: [8] Undefined index: auto D:\phpStudy\PHPTutorial\WWW\fxpc\ThinkPHP\Library\Think\Model.class.php 第 1128 行.
SQL: SHOW COLUMNS FROM `fanxiang_ucenter_member` [ RunTime:0.0180s ]
SQL: SELECT `password` FROM `fanxiang_ucenter_member` WHERE ( 1 )  [ RunTime:0.0010s ]
SQL: UPDATE `fanxiang_ucenter_member` SET `password`='111111' WHERE `id` = 1 [ RunTime:0.0240s ]

[ 2018-11-28T17:04:28+08:00 ] 127.0.0.1 /fxpc/index.php/Home/Ucenter/index.html
INFO: [ app_init ] --START--
INFO: Run Behavior\BuildLiteBehavior [ RunTime:0.000000s ]
INFO: [ app_init ] --END-- [ RunTime:0.000000s ]
INFO: [ app_begin ] --START--
INFO: Run Behavior\ReadHtmlCacheBehavior [ RunTime:0.001000s ]
INFO: [ app_begin ] --END-- [ RunTime:0.001000s ]
SQL: SHOW COLUMNS FROM `fanxiang_shoucang` [ RunTime:0.0030s ]
SQL: SELECT COUNT(*) AS tp_count FROM `fanxiang_shoucang` WHERE ( uid=1 ) LIMIT 1   [ RunTime:0.0010s ]
SQL: SHOW COLUMNS FROM `fanxiang_tiezi` [ RunTime:0.0030s ]
SQL: SELECT COUNT(*) AS tp_count FROM `fanxiang_tiezi` WHERE ( uid=1 ) LIMIT 1   [ RunTime:0.0000s ]
SQL: SHOW COLUMNS FROM `fanxiang_jifen` [ RunTime:0.0040s ]
SQL: SELECT COUNT(*) AS tp_count FROM `fanxiang_jifen` WHERE ( uid=1 ) LIMIT 1   [ RunTime:0.0010s ]
SQL: SHOW COLUMNS FROM `fanxiang_pinglun` [ RunTime:0.0040s ]
SQL: SELECT COUNT(*) AS tp_count FROM `fanxiang_pinglun` WHERE ( mkind=1 AND mkind=4 AND id=1 ) LIMIT 1   [ RunTime:0.0010s ]
SQL: SHOW COLUMNS FROM `fanxiang_zhenduan` [ RunTime:0.0030s ]
SQL: SELECT `pinpai`,`jsfs`,`time` FROM `fanxiang_zhenduan` WHERE ( 1 )  [ RunTime:0.0000s ]
SQL: SHOW COLUMNS FROM `fanxiang_tiezi` [ RunTime:0.0030s ]
SQL: SELECT t.title,t.time,u.headimg,u.nickname FROM fanxiang_tiezi as t INNER JOIN fanxiang_user as u  WHERE (  t.uid=u.id ) AND (  1 )  [ RunTime:0.0020s ]
INFO: [ view_parse ] --START--
INFO: [ template_filter ] --START--
INFO: Run Behavior\ContentReplaceBehavior [ RunTime:0.000000s ]
INFO: [ template_filter ] --END-- [ RunTime:0.000000s ]
INFO: Run Behavior\ParseTemplateBehavior [ RunTime:0.028002s ]
INFO: [ view_parse ] --END-- [ RunTime:0.028002s ]
INFO: [ view_filter ] --START--
INFO: Run Behavior\WriteHtmlCacheBehavior [ RunTime:0.000000s ]
INFO: Run Behavior\TokenBuildBehavior [ RunTime:0.004000s ]
INFO: [ view_filter ] --END-- [ RunTime:0.004000s ]
INFO: [ app_end ] --START--
INFO: Run Behavior\ShowPageTraceBehavior [ RunTime:0.001000s ]
INFO: [ app_end ] --END-- [ RunTime:0.001000s ]

[ 2018-11-28T17:04:28+08:00 ] 127.0.0.1 /fxpc/index.php/Home/Ucenter/img/myself/zdjl1.png
INFO: [ app_init ] --START--
INFO: Run Behavior\BuildLiteBehavior [ RunTime:0.000000s ]
INFO: [ app_init ] --END-- [ RunTime:0.001000s ]

[ 2018-11-28T17:04:28+08:00 ] 127.0.0.1 /fxpc/index.php/Home/Ucenter/img/myself/wdxm1.png
INFO: [ app_init ] --START--
INFO: Run Behavior\BuildLiteBehavior [ RunTime:0.000000s ]
INFO: [ app_init ] --END-- [ RunTime:0.001000s ]

[ 2018-11-28T17:04:28+08:00 ] 127.0.0.1 /fxpc/index.php/Home/Ucenter/img/myself/xm-header2.png
INFO: [ app_init ] --START--
INFO: Run Behavior\BuildLiteBehavior [ RunTime:0.000000s ]
INFO: [ app_init ] --END-- [ RunTime:0.001001s ]

[ 2018-11-28T17:04:28+08:00 ] 127.0.0.1 /fxpc/index.php/Home/Ucenter/img/myself/wdxm3.png
INFO: [ app_init ] --START--
INFO: Run Behavior\BuildLiteBehavior [ RunTime:0.000000s ]
INFO: [ app_init ] --END-- [ RunTime:0.001000s ]

[ 2018-11-28T17:04:28+08:00 ] 127.0.0.1 /fxpc/index.php/Home/Ucenter/img/myself/xm-header3.png
INFO: [ app_init ] --START--
INFO: Run Behavior\BuildLiteBehavior [ RunTime:0.000000s ]
INFO: [ app_init ] --END-- [ RunTime:0.002000s ]

[ 2018-11-28T17:04:28+08:00 ] 127.0.0.1 /fxpc/index.php/Home/Ucenter/img/myself/daoshi1.png
INFO: [ app_init ] --START--
INFO: Run Behavior\BuildLiteBehavior [ RunTime:0.000000s ]
INFO: [ app_init ] --END-- [ RunTime:0.000000s ]

[ 2018-11-28T17:04:28+08:00 ] 127.0.0.1 /fxpc/index.php/Home/Ucenter/img/myself/daoshi2.png
INFO: [ app_init ] --START--
INFO: Run Behavior\BuildLiteBehavior [ RunTime:0.000000s ]
INFO: [ app_init ] --END-- [ RunTime:0.000000s ]

[ 2018-11-28T17:04:28+08:00 ] 127.0.0.1 /fxpc/index.php/Home/Ucenter/img/myself/daoshi3.png
INFO: [ app_init ] --START--
INFO: Run Behavior\BuildLiteBehavior [ RunTime:0.000000s ]
INFO: [ app_init ] --END-- [ RunTime:0.000000s ]

[ 2018-11-28T17:04:28+08:00 ] 127.0.0.1 /fxpc/index.php/Home/Ucenter/img/myself/wdxm2.png
INFO: [ app_init ] --START--
INFO: Run Behavior\BuildLiteBehavior [ RunTime:0.000000s ]
INFO: [ app_init ] --END-- [ RunTime:0.001000s ]

[ 2018-11-28T17:04:28+08:00 ] 127.0.0.1 /fxpc/index.php/Home/Ucenter/img/cyq/user1.png
INFO: [ app_init ] --START--
INFO: Run Behavior\BuildLiteBehavior [ RunTime:0.000000s ]
INFO: [ app_init ] --END-- [ RunTime:0.000000s ]

[ 2018-11-28T17:04:28+08:00 ] 127.0.0.1 /fxpc/index.php/Home/Ucenter/img/cyq/user5.png
INFO: [ app_init ] --START--
INFO: Run Behavior\BuildLiteBehavior [ RunTime:0.000000s ]
INFO: [ app_init ] --END-- [ RunTime:0.000000s ]

[ 2018-11-28T17:04:28+08:00 ] 127.0.0.1 /fxpc/index.php/Home/Ucenter/img/cyq/user3.png
INFO: [ app_init ] --START--
INFO: Run Behavior\BuildLiteBehavior [ RunTime:0.000000s ]
INFO: [ app_init ] --END-- [ RunTime:0.000000s ]

[ 2018-11-28T17:04:28+08:00 ] 127.0.0.1 /fxpc/index.php/Home/Ucenter/img/cyq/user4.png
INFO: [ app_init ] --START--
INFO: Run Behavior\BuildLiteBehavior [ RunTime:0.000000s ]
INFO: [ app_init ] --END-- [ RunTime:0.000000s ]

[ 2018-11-28T17:04:28+08:00 ] 127.0.0.1 /fxpc/index.php/Home/Ucenter/img/cyq/user2.png
INFO: [ app_init ] --START--
INFO: Run Behavior\BuildLiteBehavior [ RunTime:0.000000s ]
INFO: [ app_init ] --END-- [ RunTime:0.001000s ]

[ 2018-11-28T17:04:28+08:00 ] 127.0.0.1 /fxpc/index.php/Home/Ucenter/img/cygs/more-btn.png
INFO: [ app_init ] --START--
INFO: Run Behavior\BuildLiteBehavior [ RunTime:0.000000s ]
INFO: [ app_init ] --END-- [ RunTime:0.000000s ]

[ 2018-11-28T17:04:28+08:00 ] 127.0.0.1 /fxpc/index.php/Home/Ucenter/img/cygs/gushi3.png
INFO: [ app_init ] --START--
INFO: Run Behavior\BuildLiteBehavior [ RunTime:0.000000s ]
INFO: [ app_init ] --END-- [ RunTime:0.001000s ]

[ 2018-11-28T17:04:28+08:00 ] 127.0.0.1 /fxpc/index.php/Home/Ucenter/img/cyq/tiezi-list-btn.png
INFO: [ app_init ] --START--
INFO: Run Behavior\BuildLiteBehavior [ RunTime:0.000000s ]
INFO: [ app_init ] --END-- [ RunTime:0.001000s ]

[ 2018-11-28T17:04:28+08:00 ] 127.0.0.1 /fxpc/index.php/Home/Ucenter/img/cygs/gushi2.png
INFO: [ app_init ] --START--
INFO: Run Behavior\BuildLiteBehavior [ RunTime:0.000000s ]
INFO: [ app_init ] --END-- [ RunTime:0.001000s ]

[ 2018-11-28T17:04:28+08:00 ] 127.0.0.1 /fxpc/index.php/Home/Ucenter/img/cygs/gushi4.png
INFO: [ app_init ] --START--
INFO: Run Behavior\BuildLiteBehavior [ RunTime:0.000000s ]
INFO: [ app_init ] --END-- [ RunTime:0.000000s ]

[ 2018-11-28T17:04:28+08:00 ] 127.0.0.1 /fxpc/index.php/Home/Ucenter/img/cygs/gushi5.png
INFO: [ app_init ] --START--
INFO: Run Behavior\BuildLiteBehavior [ RunTime:0.000000s ]
INFO: [ app_init ] --END-- [ RunTime:0.000000s ]

[ 2018-11-28T17:04:28+08:00 ] 127.0.0.1 /fxpc/index.php/Home/Ucenter/img/myself/jmdp-icon.png
INFO: [ app_init ] --START--
INFO: Run Behavior\BuildLiteBehavior [ RunTime:0.000000s ]
INFO: [ app_init ] --END-- [ RunTime:0.000000s ]

[ 2018-11-28T17:04:28+08:00 ] 127.0.0.1 /fxpc/index.php/Home/Ucenter/img/myself/header.png
INFO: [ app_init ] --START--
INFO: Run Behavior\BuildLiteBehavior [ RunTime:0.000000s ]
INFO: [ app_init ] --END-- [ RunTime:0.001000s ]

[ 2018-11-28T17:04:28+08:00 ] 127.0.0.1 /fxpc/index.php/Home/Ucenter/img/cygs/gushi1.png
INFO: [ app_init ] --START--
INFO: Run Behavior\BuildLiteBehavior [ RunTime:0.000000s ]
INFO: [ app_init ] --END-- [ RunTime:0.001000s ]

[ 2018-11-28T17:04:28+08:00 ] 127.0.0.1 /fxpc/index.php/Home/Ucenter/img/cyq/user6.png
INFO: [ app_init ] --START--
INFO: Run Behavior\BuildLiteBehavior [ RunTime:0.000000s ]
INFO: [ app_init ] --END-- [ RunTime:0.012000s ]

[ 2018-11-28T17:04:38+08:00 ] 127.0.0.1 /fxpc/index.php/Home/Ucenter/changePwd.html
INFO: [ app_init ] --START--
INFO: Run Behavior\BuildLiteBehavior [ RunTime:0.000000s ]
INFO: [ app_init ] --END-- [ RunTime:0.001000s ]
INFO: [ app_begin ] --START--
INFO: Run Behavior\ReadHtmlCacheBehavior [ RunTime:0.001000s ]
INFO: [ app_begin ] --END-- [ RunTime:0.001000s ]
SQL: SHOW COLUMNS FROM `fanxiang_user` [ RunTime:0.0030s ]
NOTIC: [8] Undefined index: validate D:\phpStudy\PHPTutorial\WWW\fxpc\ThinkPHP\Library\Think\Model.class.php 第 1185 行.
NOTIC: [8] Undefined index: auto D:\phpStudy\PHPTutorial\WWW\fxpc\ThinkPHP\Library\Think\Model.class.php 第 1128 行.
SQL: SHOW COLUMNS FROM `fanxiang_ucenter_member` [ RunTime:0.0030s ]
SQL: SELECT `password` FROM `fanxiang_ucenter_member` WHERE ( 1 )  [ RunTime:0.0000s ]
SQL: UPDATE `fanxiang_ucenter_member` SET `password`='96e79218965eb72c92a549dd5a330112' WHERE `id` = 1 [ RunTime:0.0010s ]

[ 2018-11-28T17:04:47+08:00 ] 127.0.0.1 /fxpc/index.php/Home/Login/quit.html
INFO: [ app_init ] --START--
INFO: Run Behavior\BuildLiteBehavior [ RunTime:0.000000s ]
INFO: [ app_init ] --END-- [ RunTime:0.000000s ]
INFO: [ app_begin ] --START--
INFO: Run Behavior\ReadHtmlCacheBehavior [ RunTime:0.001000s ]
INFO: [ app_begin ] --END-- [ RunTime:0.002000s ]
INFO: [ view_parse ] --START--
INFO: [ template_filter ] --START--
INFO: Run Behavior\ContentReplaceBehavior [ RunTime:0.000000s ]
INFO: [ template_filter ] --END-- [ RunTime:0.000000s ]
INFO: Run Behavior\ParseTemplateBehavior [ RunTime:0.039002s ]
INFO: [ view_parse ] --END-- [ RunTime:0.039002s ]
INFO: [ view_filter ] --START--
INFO: Run Behavior\WriteHtmlCacheBehavior [ RunTime:0.001000s ]
INFO: Run Behavior\TokenBuildBehavior [ RunTime:0.001000s ]
INFO: [ view_filter ] --END-- [ RunTime:0.002000s ]
INFO: [ app_end ] --START--
INFO: Run Behavior\ShowPageTraceBehavior [ RunTime:0.002000s ]
INFO: [ app_end ] --END-- [ RunTime:0.002000s ]

[ 2018-11-28T17:04:48+08:00 ] 127.0.0.1 /fxpc/index.php/Home/Index/index.html
INFO: [ app_init ] --START--
INFO: Run Behavior\BuildLiteBehavior [ RunTime:0.000000s ]
INFO: [ app_init ] --END-- [ RunTime:0.001000s ]
INFO: [ app_begin ] --START--
INFO: Run Behavior\ReadHtmlCacheBehavior [ RunTime:0.001000s ]
INFO: [ app_begin ] --END-- [ RunTime:0.001000s ]
SQL: SHOW COLUMNS FROM `fanxiang_dianping` [ RunTime:0.0200s ]
SQL: SELECT `pinpainame`,`content`,`pingfen`,`imglist` FROM `fanxiang_dianping` LIMIT 4   [ RunTime:0.0010s ]
SQL: SHOW COLUMNS FROM `fanxiang_daoshi` [ RunTime:0.0030s ]
SQL: SELECT `headimg`,`name`,`old`,`are`,`zizhi`,`xiangmu`,`xiangmuxiangqing`,`imglist` FROM `fanxiang_daoshi`  [ RunTime:0.0000s ]
SQL: SHOW COLUMNS FROM `fanxiang_tiezi` [ RunTime:0.0030s ]
SQL: SHOW COLUMNS FROM `fanxiang_tiezi` [ RunTime:0.0030s ]
SQL: SELECT t.title,t.content,t.time,u.headimg,u.nickname FROM fanxiang_tiezi as t INNER JOIN fanxiang_user as u  LIMIT 4   [ RunTime:0.0020s ]
INFO: [ view_parse ] --START--
INFO: [ template_filter ] --START--
INFO: Run Behavior\ContentReplaceBehavior [ RunTime:0.000000s ]
INFO: [ template_filter ] --END-- [ RunTime:0.000000s ]
NOTIC: [8] Undefined index: user D:\phpStudy\PHPTutorial\WWW\fxpc\App\Runtime\Cache\Home\00e52909bed743ea261af4b6823297ff.php 第 387 行.
INFO: Run Behavior\ParseTemplateBehavior [ RunTime:0.032002s ]
INFO: [ view_parse ] --END-- [ RunTime:0.032002s ]
INFO: [ view_filter ] --START--
INFO: Run Behavior\WriteHtmlCacheBehavior [ RunTime:0.000000s ]
INFO: Run Behavior\TokenBuildBehavior [ RunTime:0.001000s ]
INFO: [ view_filter ] --END-- [ RunTime:0.002000s ]
INFO: [ app_end ] --START--
INFO: Run Behavior\ShowPageTraceBehavior [ RunTime:0.001000s ]
INFO: [ app_end ] --END-- [ RunTime:0.001000s ]

[ 2018-11-28T17:04:48+08:00 ] 127.0.0.1 /fxpc/index.php/Home/Index/img/index/header-img.png
INFO: [ app_init ] --START--
INFO: Run Behavior\BuildLiteBehavior [ RunTime:0.000000s ]
INFO: [ app_init ] --END-- [ RunTime:0.001000s ]

[ 2018-11-28T17:04:48+08:00 ] 127.0.0.1 /fxpc/index.php/Home/Index/[
INFO: [ app_init ] --START--
INFO: Run Behavior\BuildLiteBehavior [ RunTime:0.000000s ]
INFO: [ app_init ] --END-- [ RunTime:0.000000s ]
INFO: [ app_begin ] --START--
INFO: Run Behavior\ReadHtmlCacheBehavior [ RunTime:0.002000s ]
INFO: [ app_begin ] --END-- [ RunTime:0.002000s ]
SQL: SHOW COLUMNS FROM `fanxiang_dianping` [ RunTime:0.0040s ]
SQL: SELECT `pinpainame`,`content`,`pingfen`,`imglist` FROM `fanxiang_dianping` LIMIT 4   [ RunTime:0.0010s ]
SQL: SHOW COLUMNS FROM `fanxiang_daoshi` [ RunTime:0.0080s ]
SQL: SELECT `headimg`,`name`,`old`,`are`,`zizhi`,`xiangmu`,`xiangmuxiangqing`,`imglist` FROM `fanxiang_daoshi`  [ RunTime:0.0010s ]
SQL: SHOW COLUMNS FROM `fanxiang_tiezi` [ RunTime:0.0040s ]
SQL: SHOW COLUMNS FROM `fanxiang_tiezi` [ RunTime:0.0080s ]
SQL: SELECT t.title,t.content,t.time,u.headimg,u.nickname FROM fanxiang_tiezi as t INNER JOIN fanxiang_user as u  LIMIT 4   [ RunTime:0.0020s ]
ERR: 非法操作:[

[ 2018-11-28T17:04:49+08:00 ] 127.0.0.1 /fxpc/index.php/Home/Home/index.html
INFO: [ app_init ] --START--
INFO: Run Behavior\BuildLiteBehavior [ RunTime:0.000000s ]
INFO: [ app_init ] --END-- [ RunTime:0.001000s ]
INFO: [ app_begin ] --START--
INFO: Run Behavior\ReadHtmlCacheBehavior [ RunTime:0.001000s ]
INFO: [ app_begin ] --END-- [ RunTime:0.001000s ]
SQL: SHOW COLUMNS FROM `fanxiang_dianping` [ RunTime:0.0190s ]
SQL: SELECT `pinpainame`,`content`,`pingfen`,`imglist` FROM `fanxiang_dianping` LIMIT 4   [ RunTime:0.0010s ]
SQL: SHOW COLUMNS FROM `fanxiang_daoshi` [ RunTime:0.0070s ]
SQL: SELECT `headimg`,`name`,`old`,`are`,`zizhi`,`xiangmu`,`xiangmuxiangqing`,`imglist` FROM `fanxiang_daoshi`  [ RunTime:0.0010s ]
SQL: SHOW COLUMNS FROM `fanxiang_tiezi` [ RunTime:0.0050s ]
SQL: SHOW COLUMNS FROM `fanxiang_tiezi` [ RunTime:0.0050s ]
SQL: SELECT t.title,t.content,t.time,u.headimg,u.nickname FROM fanxiang_tiezi as t INNER JOIN fanxiang_user as u  LIMIT 4   [ RunTime:0.0010s ]
SQL: SHOW COLUMNS FROM `fanxiang_yanxuanpinpai` [ RunTime:0.0440s ]
SQL: SELECT `imgsrc` FROM `fanxiang_yanxuanpinpai` LIMIT 10   [ RunTime:0.0000s ]
INFO: [ app_end ] --START--
INFO: Run Behavior\ShowPageTraceBehavior [ RunTime:0.001000s ]
INFO: [ app_end ] --END-- [ RunTime:0.001000s ]

[ 2018-11-28T17:04:49+08:00 ] 127.0.0.1 /fxpc/index.php/Home/Index/img/index/header-img.png
INFO: [ app_init ] --START--
INFO: Run Behavior\BuildLiteBehavior [ RunTime:0.000000s ]
INFO: [ app_init ] --END-- [ RunTime:0.001000s ]

[ 2018-11-28T17:04:49+08:00 ] 127.0.0.1 /fxpc/index.php/Home/Index/[
INFO: [ app_init ] --START--
INFO: Run Behavior\BuildLiteBehavior [ RunTime:0.000000s ]
INFO: [ app_init ] --END-- [ RunTime:0.000000s ]
INFO: [ app_begin ] --START--
INFO: Run Behavior\ReadHtmlCacheBehavior [ RunTime:0.005000s ]
INFO: [ app_begin ] --END-- [ RunTime:0.005000s ]
SQL: SHOW COLUMNS FROM `fanxiang_dianping` [ RunTime:0.0040s ]
SQL: SELECT `pinpainame`,`content`,`pingfen`,`imglist` FROM `fanxiang_dianping` LIMIT 4   [ RunTime:0.0010s ]
SQL: SHOW COLUMNS FROM `fanxiang_daoshi` [ RunTime:0.0050s ]
SQL: SELECT `headimg`,`name`,`old`,`are`,`zizhi`,`xiangmu`,`xiangmuxiangqing`,`imglist` FROM `fanxiang_daoshi`  [ RunTime:0.0020s ]
SQL: SHOW COLUMNS FROM `fanxiang_tiezi` [ RunTime:0.0040s ]
SQL: SHOW COLUMNS FROM `fanxiang_tiezi` [ RunTime:0.0190s ]
SQL: SELECT t.title,t.content,t.time,u.headimg,u.nickname FROM fanxiang_tiezi as t INNER JOIN fanxiang_user as u  LIMIT 4   [ RunTime:0.0020s ]
ERR: 非法操作:[

[ 2018-11-28T17:04:50+08:00 ] 127.0.0.1 /fxpc/index.php/Home/Login/login.html
INFO: [ app_init ] --START--
INFO: Run Behavior\BuildLiteBehavior [ RunTime:0.000000s ]
INFO: [ app_init ] --END-- [ RunTime:0.001000s ]
INFO: [ app_begin ] --START--
INFO: Run Behavior\ReadHtmlCacheBehavior [ RunTime:0.001000s ]
INFO: [ app_begin ] --END-- [ RunTime:0.001000s ]
INFO: [ view_parse ] --START--
INFO: [ template_filter ] --START--
INFO: Run Behavior\ContentReplaceBehavior [ RunTime:0.000000s ]
INFO: [ template_filter ] --END-- [ RunTime:0.000000s ]
INFO: Run Behavior\ParseTemplateBehavior [ RunTime:0.015001s ]
INFO: [ view_parse ] --END-- [ RunTime:0.015001s ]
INFO: [ view_filter ] --START--
INFO: Run Behavior\WriteHtmlCacheBehavior [ RunTime:0.001000s ]
INFO: Run Behavior\TokenBuildBehavior [ RunTime:0.000000s ]
INFO: [ view_filter ] --END-- [ RunTime:0.001000s ]
INFO: [ app_end ] --START--
INFO: Run Behavior\ShowPageTraceBehavior [ RunTime:0.002000s ]
INFO: [ app_end ] --END-- [ RunTime:0.002000s ]

[ 2018-11-28T17:04:51+08:00 ] 127.0.0.1 /fxpc/index.php/Home/Home/captcha.html
INFO: [ app_init ] --START--
INFO: Run Behavior\BuildLiteBehavior [ RunTime:0.000000s ]
INFO: [ app_init ] --END-- [ RunTime:0.001001s ]
INFO: [ app_begin ] --START--
INFO: Run Behavior\ReadHtmlCacheBehavior [ RunTime:0.001000s ]
INFO: [ app_begin ] --END-- [ RunTime:0.001000s ]
SQL: SHOW COLUMNS FROM `fanxiang_dianping` [ RunTime:0.0060s ]
SQL: SELECT `pinpainame`,`content`,`pingfen`,`imglist` FROM `fanxiang_dianping` LIMIT 4   [ RunTime:0.0010s ]
SQL: SHOW COLUMNS FROM `fanxiang_daoshi` [ RunTime:0.0260s ]
SQL: SELECT `headimg`,`name`,`old`,`are`,`zizhi`,`xiangmu`,`xiangmuxiangqing`,`imglist` FROM `fanxiang_daoshi`  [ RunTime:0.0000s ]
SQL: SHOW COLUMNS FROM `fanxiang_tiezi` [ RunTime:0.0660s ]
SQL: SHOW COLUMNS FROM `fanxiang_tiezi` [ RunTime:0.0420s ]
SQL: SELECT t.title,t.content,t.time,u.headimg,u.nickname FROM fanxiang_tiezi as t INNER JOIN fanxiang_user as u  LIMIT 4   [ RunTime:0.0020s ]
INFO: [ app_end ] --START--
INFO: Run Behavior\ShowPageTraceBehavior [ RunTime:0.001000s ]
INFO: [ app_end ] --END-- [ RunTime:0.001000s ]

[ 2018-11-28T17:05:00+08:00 ] 127.0.0.1 /fxpc/index.php/Home/Login/login.html
INFO: [ app_init ] --START--
INFO: Run Behavior\BuildLiteBehavior [ RunTime:0.000000s ]
INFO: [ app_init ] --END-- [ RunTime:0.000000s ]
INFO: [ app_begin ] --START--
INFO: Run Behavior\ReadHtmlCacheBehavior [ RunTime:0.000000s ]
INFO: [ app_begin ] --END-- [ RunTime:0.000000s ]
SQL: SHOW COLUMNS FROM `fanxiang_ucenter_member` [ RunTime:0.0030s ]
SQL: SHOW COLUMNS FROM `fanxiang_ucenter_member` [ RunTime:0.0030s ]
SQL: SELECT * FROM fanxiang_ucenter_member as m INNER JOIN fanxiang_user as u  WHERE `username` = 'fanxiang' AND `status` = 1 LIMIT 1   [ RunTime:0.0000s ]

[ 2018-11-28T17:05:02+08:00 ] 127.0.0.1 /fxpc/index.php/
INFO: [ app_init ] --START--
INFO: Run Behavior\BuildLiteBehavior [ RunTime:0.000000s ]
INFO: [ app_init ] --END-- [ RunTime:0.000000s ]
INFO: [ app_begin ] --START--
INFO: Run Behavior\ReadHtmlCacheBehavior [ RunTime:0.001000s ]
INFO: [ app_begin ] --END-- [ RunTime:0.001000s ]
SQL: SHOW COLUMNS FROM `fanxiang_dianping` [ RunTime:0.0040s ]
SQL: SELECT `pinpainame`,`content`,`pingfen`,`imglist` FROM `fanxiang_dianping` LIMIT 4   [ RunTime:0.0000s ]
SQL: SHOW COLUMNS FROM `fanxiang_daoshi` [ RunTime:0.0130s ]
SQL: SELECT `headimg`,`name`,`old`,`are`,`zizhi`,`xiangmu`,`xiangmuxiangqing`,`imglist` FROM `fanxiang_daoshi`  [ RunTime:0.0000s ]
SQL: SHOW COLUMNS FROM `fanxiang_tiezi` [ RunTime:0.0040s ]
SQL: SHOW COLUMNS FROM `fanxiang_tiezi` [ RunTime:0.0090s ]
SQL: SELECT t.title,t.content,t.time,u.headimg,u.nickname FROM fanxiang_tiezi as t INNER JOIN fanxiang_user as u  LIMIT 4   [ RunTime:0.0010s ]
INFO: [ view_parse ] --START--
INFO: [ template_filter ] --START--
INFO: Run Behavior\ContentReplaceBehavior [ RunTime:0.001000s ]
INFO: [ template_filter ] --END-- [ RunTime:0.001000s ]
INFO: Run Behavior\ParseTemplateBehavior [ RunTime:0.029002s ]
INFO: [ view_parse ] --END-- [ RunTime:0.029002s ]
INFO: [ view_filter ] --START--
INFO: Run Behavior\WriteHtmlCacheBehavior [ RunTime:0.001000s ]
INFO: Run Behavior\TokenBuildBehavior [ RunTime:0.002000s ]
INFO: [ view_filter ] --END-- [ RunTime:0.003000s ]
INFO: [ app_end ] --START--
INFO: Run Behavior\ShowPageTraceBehavior [ RunTime:0.001000s ]
INFO: [ app_end ] --END-- [ RunTime:0.001000s ]

[ 2018-11-28T17:05:02+08:00 ] 127.0.0.1 /fxpc/index.php/Home/Home/index.html
INFO: [ app_init ] --START--
INFO: Run Behavior\BuildLiteBehavior [ RunTime:0.000000s ]
INFO: [ app_init ] --END-- [ RunTime:0.001000s ]
INFO: [ app_begin ] --START--
INFO: Run Behavior\ReadHtmlCacheBehavior [ RunTime:0.001000s ]
INFO: [ app_begin ] --END-- [ RunTime:0.001000s ]
SQL: SHOW COLUMNS FROM `fanxiang_dianping` [ RunTime:0.0030s ]
SQL: SELECT `pinpainame`,`content`,`pingfen`,`imglist` FROM `fanxiang_dianping` LIMIT 4   [ RunTime:0.0000s ]
SQL: SHOW COLUMNS FROM `fanxiang_daoshi` [ RunTime:0.0050s ]
SQL: SELECT `headimg`,`name`,`old`,`are`,`zizhi`,`xiangmu`,`xiangmuxiangqing`,`imglist` FROM `fanxiang_daoshi`  [ RunTime:0.0010s ]
SQL: SHOW COLUMNS FROM `fanxiang_tiezi` [ RunTime:0.0590s ]
SQL: SHOW COLUMNS FROM `fanxiang_tiezi` [ RunTime:0.0030s ]
SQL: SELECT t.title,t.content,t.time,u.headimg,u.nickname FROM fanxiang_tiezi as t INNER JOIN fanxiang_user as u  LIMIT 4   [ RunTime:0.0010s ]
SQL: SHOW COLUMNS FROM `fanxiang_yanxuanpinpai` [ RunTime:0.0040s ]
SQL: SELECT `imgsrc` FROM `fanxiang_yanxuanpinpai` LIMIT 10   [ RunTime:0.0000s ]
INFO: [ app_end ] --START--
INFO: Run Behavior\ShowPageTraceBehavior [ RunTime:0.001000s ]
INFO: [ app_end ] --END-- [ RunTime:0.001000s ]

[ 2018-11-28T17:05:06+08:00 ] 127.0.0.1 /fxpc/index.php/Home/Ucenter/index.html
INFO: [ app_init ] --START--
INFO: Run Behavior\BuildLiteBehavior [ RunTime:0.000000s ]
INFO: [ app_init ] --END-- [ RunTime:0.000000s ]
INFO: [ app_begin ] --START--
INFO: Run Behavior\ReadHtmlCacheBehavior [ RunTime:0.001000s ]
INFO: [ app_begin ] --END-- [ RunTime:0.001000s ]
SQL: SHOW COLUMNS FROM `fanxiang_shoucang` [ RunTime:0.0050s ]
SQL: SELECT COUNT(*) AS tp_count FROM `fanxiang_shoucang` WHERE ( uid=1 ) LIMIT 1   [ RunTime:0.0010s ]
SQL: SHOW COLUMNS FROM `fanxiang_tiezi` [ RunTime:0.0030s ]
SQL: SELECT COUNT(*) AS tp_count FROM `fanxiang_tiezi` WHERE ( uid=1 ) LIMIT 1   [ RunTime:0.0000s ]
SQL: SHOW COLUMNS FROM `fanxiang_jifen` [ RunTime:0.0040s ]
SQL: SELECT COUNT(*) AS tp_count FROM `fanxiang_jifen` WHERE ( uid=1 ) LIMIT 1   [ RunTime:0.0000s ]
SQL: SHOW COLUMNS FROM `fanxiang_pinglun` [ RunTime:0.0040s ]
SQL: SELECT COUNT(*) AS tp_count FROM `fanxiang_pinglun` WHERE ( mkind=1 AND mkind=4 AND id=1 ) LIMIT 1   [ RunTime:0.0000s ]
SQL: SHOW COLUMNS FROM `fanxiang_zhenduan` [ RunTime:0.0040s ]
SQL: SELECT `pinpai`,`jsfs`,`time` FROM `fanxiang_zhenduan` WHERE ( 1 )  [ RunTime:0.0010s ]
SQL: SHOW COLUMNS FROM `fanxiang_tiezi` [ RunTime:0.0050s ]
SQL: SELECT t.title,t.time,u.headimg,u.nickname FROM fanxiang_tiezi as t INNER JOIN fanxiang_user as u  WHERE (  t.uid=u.id ) AND (  1 )  [ RunTime:0.0010s ]
INFO: [ view_parse ] --START--
INFO: [ template_filter ] --START--
INFO: Run Behavior\ContentReplaceBehavior [ RunTime:0.001000s ]
INFO: [ template_filter ] --END-- [ RunTime:0.001000s ]
INFO: Run Behavior\ParseTemplateBehavior [ RunTime:0.032002s ]
INFO: [ view_parse ] --END-- [ RunTime:0.032002s ]
INFO: [ view_filter ] --START--
INFO: Run Behavior\WriteHtmlCacheBehavior [ RunTime:0.000000s ]
INFO: Run Behavior\TokenBuildBehavior [ RunTime:0.003000s ]
INFO: [ view_filter ] --END-- [ RunTime:0.003000s ]
INFO: [ app_end ] --START--
INFO: Run Behavior\ShowPageTraceBehavior [ RunTime:0.002001s ]
INFO: [ app_end ] --END-- [ RunTime:0.002001s ]

[ 2018-11-28T17:05:07+08:00 ] 127.0.0.1 /fxpc/index.php/Home/Ucenter/img/myself/zdjl1.png
INFO: [ app_init ] --START--
INFO: Run Behavior\BuildLiteBehavior [ RunTime:0.000000s ]
INFO: [ app_init ] --END-- [ RunTime:0.000000s ]

[ 2018-11-28T17:05:07+08:00 ] 127.0.0.1 /fxpc/index.php/Home/Ucenter/img/myself/wdxm1.png
INFO: [ app_init ] --START--
INFO: Run Behavior\BuildLiteBehavior [ RunTime:0.000000s ]
INFO: [ app_init ] --END-- [ RunTime:0.000000s ]

[ 2018-11-28T17:05:07+08:00 ] 127.0.0.1 /fxpc/index.php/Home/Ucenter/img/myself/wdxm2.png
INFO: [ app_init ] --START--
INFO: Run Behavior\BuildLiteBehavior [ RunTime:0.000000s ]
INFO: [ app_init ] --END-- [ RunTime:0.000000s ]

[ 2018-11-28T17:05:07+08:00 ] 127.0.0.1 /fxpc/index.php/Home/Ucenter/img/myself/xm-header2.png
INFO: [ app_init ] --START--
INFO: Run Behavior\BuildLiteBehavior [ RunTime:0.000000s ]
INFO: [ app_init ] --END-- [ RunTime:0.001000s ]

[ 2018-11-28T17:05:07+08:00 ] 127.0.0.1 /fxpc/index.php/Home/Ucenter/img/myself/daoshi3.png
INFO: [ app_init ] --START--
INFO: Run Behavior\BuildLiteBehavior [ RunTime:0.000000s ]
INFO: [ app_init ] --END-- [ RunTime:0.001000s ]

[ 2018-11-28T17:05:07+08:00 ] 127.0.0.1 /fxpc/index.php/Home/Ucenter/img/cyq/user1.png
INFO: [ app_init ] --START--
INFO: Run Behavior\BuildLiteBehavior [ RunTime:0.000000s ]
INFO: [ app_init ] --END-- [ RunTime:0.000000s ]

[ 2018-11-28T17:05:07+08:00 ] 127.0.0.1 /fxpc/index.php/Home/Ucenter/img/myself/daoshi1.png
INFO: [ app_init ] --START--
INFO: Run Behavior\BuildLiteBehavior [ RunTime:0.000000s ]
INFO: [ app_init ] --END-- [ RunTime:0.001000s ]

[ 2018-11-28T17:05:07+08:00 ] 127.0.0.1 /fxpc/index.php/Home/Ucenter/img/cyq/user3.png
INFO: [ app_init ] --START--
INFO: Run Behavior\BuildLiteBehavior [ RunTime:0.000000s ]
INFO: [ app_init ] --END-- [ RunTime:0.001000s ]

[ 2018-11-28T17:05:07+08:00 ] 127.0.0.1 /fxpc/index.php/Home/Ucenter/img/myself/wdxm3.png
INFO: [ app_init ] --START--
INFO: Run Behavior\BuildLiteBehavior [ RunTime:0.000000s ]
INFO: [ app_init ] --END-- [ RunTime:0.000000s ]

[ 2018-11-28T17:05:07+08:00 ] 127.0.0.1 /fxpc/index.php/Home/Ucenter/img/cyq/tiezi-list-btn.png
INFO: [ app_init ] --START--
INFO: Run Behavior\BuildLiteBehavior [ RunTime:0.000000s ]
INFO: [ app_init ] --END-- [ RunTime:0.000000s ]

[ 2018-11-28T17:05:07+08:00 ] 127.0.0.1 /fxpc/index.php/Home/Ucenter/img/cyq/user5.png
INFO: [ app_init ] --START--
INFO: Run Behavior\BuildLiteBehavior [ RunTime:0.000000s ]
INFO: [ app_init ] --END-- [ RunTime:0.001000s ]

[ 2018-11-28T17:05:07+08:00 ] 127.0.0.1 /fxpc/index.php/Home/Ucenter/img/cyq/user6.png
INFO: [ app_init ] --START--
INFO: Run Behavior\BuildLiteBehavior [ RunTime:0.000000s ]
INFO: [ app_init ] --END-- [ RunTime:0.001000s ]

[ 2018-11-28T17:05:07+08:00 ] 127.0.0.1 /fxpc/index.php/Home/Ucenter/img/cygs/gushi1.png
INFO: [ app_init ] --START--
INFO: Run Behavior\BuildLiteBehavior [ RunTime:0.000000s ]
INFO: [ app_init ] --END-- [ RunTime:0.001000s ]

[ 2018-11-28T17:05:07+08:00 ] 127.0.0.1 /fxpc/index.php/Home/Ucenter/img/cyq/user4.png
INFO: [ app_init ] --START--
INFO: Run Behavior\BuildLiteBehavior [ RunTime:0.000000s ]
INFO: [ app_init ] --END-- [ RunTime:0.000000s ]

[ 2018-11-28T17:05:07+08:00 ] 127.0.0.1 /fxpc/index.php/Home/Ucenter/img/cyq/user2.png
INFO: [ app_init ] --START--
INFO: Run Behavior\BuildLiteBehavior [ RunTime:0.001000s ]
INFO: [ app_init ] --END-- [ RunTime:0.001000s ]

[ 2018-11-28T17:05:07+08:00 ] 127.0.0.1 /fxpc/index.php/Home/Ucenter/img/cygs/more-btn.png
INFO: [ app_init ] --START--
INFO: Run Behavior\BuildLiteBehavior [ RunTime:0.000000s ]
INFO: [ app_init ] --END-- [ RunTime:0.000000s ]

[ 2018-11-28T17:05:07+08:00 ] 127.0.0.1 /fxpc/index.php/Home/Ucenter/img/cygs/gushi3.png
INFO: [ app_init ] --START--
INFO: Run Behavior\BuildLiteBehavior [ RunTime:0.000000s ]
INFO: [ app_init ] --END-- [ RunTime:0.001000s ]

[ 2018-11-28T17:05:07+08:00 ] 127.0.0.1 /fxpc/index.php/Home/Ucenter/img/cygs/gushi4.png
INFO: [ app_init ] --START--
INFO: Run Behavior\BuildLiteBehavior [ RunTime:0.000000s ]
INFO: [ app_init ] --END-- [ RunTime:0.000000s ]

[ 2018-11-28T17:05:07+08:00 ] 127.0.0.1 /fxpc/index.php/Home/Ucenter/img/myself/header.png
INFO: [ app_init ] --START--
INFO: Run Behavior\BuildLiteBehavior [ RunTime:0.000000s ]
INFO: [ app_init ] --END-- [ RunTime:0.001000s ]

[ 2018-11-28T17:05:07+08:00 ] 127.0.0.1 /fxpc/index.php/Home/Ucenter/img/cygs/gushi5.png
INFO: [ app_init ] --START--
INFO: Run Behavior\BuildLiteBehavior [ RunTime:0.000000s ]
INFO: [ app_init ] --END-- [ RunTime:0.028002s ]

[ 2018-11-28T17:05:07+08:00 ] 127.0.0.1 /fxpc/index.php/Home/Ucenter/img/myself/jmdp-icon.png
INFO: [ app_init ] --START--
INFO: Run Behavior\BuildLiteBehavior [ RunTime:0.000000s ]
INFO: [ app_init ] --END-- [ RunTime:0.000000s ]

[ 2018-11-28T17:05:07+08:00 ] 127.0.0.1 /fxpc/index.php/Home/Ucenter/img/myself/daoshi2.png
INFO: [ app_init ] --START--
INFO: Run Behavior\BuildLiteBehavior [ RunTime:0.000000s ]
INFO: [ app_init ] --END-- [ RunTime:0.000000s ]

[ 2018-11-28T17:05:07+08:00 ] 127.0.0.1 /fxpc/index.php/Home/Ucenter/img/cygs/gushi2.png
INFO: [ app_init ] --START--
INFO: Run Behavior\BuildLiteBehavior [ RunTime:0.000000s ]
INFO: [ app_init ] --END-- [ RunTime:0.000000s ]

[ 2018-11-28T17:05:07+08:00 ] 127.0.0.1 /fxpc/index.php/Home/Ucenter/img/myself/xm-header3.png
INFO: [ app_init ] --START--
INFO: Run Behavior\BuildLiteBehavior [ RunTime:0.000000s ]
INFO: [ app_init ] --END-- [ RunTime:0.011000s ]

[ 2018-11-28T17:10:05+08:00 ] 127.0.0.1 /fxpc/index.php/Home/Ucenter/index.html
INFO: [ app_init ] --START--
INFO: Run Behavior\BuildLiteBehavior [ RunTime:0.000000s ]
INFO: [ app_init ] --END-- [ RunTime:0.001000s ]
INFO: [ app_begin ] --START--
INFO: Run Behavior\ReadHtmlCacheBehavior [ RunTime:0.001000s ]
INFO: [ app_begin ] --END-- [ RunTime:0.001000s ]
SQL: SHOW COLUMNS FROM `fanxiang_shoucang` [ RunTime:0.0040s ]
SQL: SELECT COUNT(*) AS tp_count FROM `fanxiang_shoucang` WHERE ( uid=1 ) LIMIT 1   [ RunTime:0.0000s ]
SQL: SHOW COLUMNS FROM `fanxiang_tiezi` [ RunTime:0.0040s ]
SQL: SELECT COUNT(*) AS tp_count FROM `fanxiang_tiezi` WHERE ( uid=1 ) LIMIT 1   [ RunTime:0.0000s ]
SQL: SHOW COLUMNS FROM `fanxiang_jifen` [ RunTime:0.0030s ]
SQL: SELECT COUNT(*) AS tp_count FROM `fanxiang_jifen` WHERE ( uid=1 ) LIMIT 1   [ RunTime:0.0010s ]
SQL: SHOW COLUMNS FROM `fanxiang_pinglun` [ RunTime:0.0030s ]
SQL: SELECT COUNT(*) AS tp_count FROM `fanxiang_pinglun` WHERE ( mkind=1 AND mkind=4 AND id=1 ) LIMIT 1   [ RunTime:0.0000s ]
SQL: SHOW COLUMNS FROM `fanxiang_zhenduan` [ RunTime:0.0040s ]
SQL: SELECT `pinpai`,`jsfs`,`time` FROM `fanxiang_zhenduan` WHERE ( 1 )  [ RunTime:0.0000s ]
SQL: SHOW COLUMNS FROM `fanxiang_tiezi` [ RunTime:0.0030s ]
SQL: SELECT t.title,t.time,u.headimg,u.nickname FROM fanxiang_tiezi as t INNER JOIN fanxiang_user as u  WHERE (  t.uid=u.id ) AND (  1 )  [ RunTime:0.0010s ]
INFO: [ view_parse ] --START--
INFO: [ template_filter ] --START--
INFO: Run Behavior\ContentReplaceBehavior [ RunTime:0.000000s ]
INFO: [ template_filter ] --END-- [ RunTime:0.000000s ]
INFO: Run Behavior\ParseTemplateBehavior [ RunTime:0.030002s ]
INFO: [ view_parse ] --END-- [ RunTime:0.030002s ]
INFO: [ view_filter ] --START--
INFO: Run Behavior\WriteHtmlCacheBehavior [ RunTime:0.001000s ]
INFO: Run Behavior\TokenBuildBehavior [ RunTime:0.003000s ]
INFO: [ view_filter ] --END-- [ RunTime:0.004000s ]
INFO: [ app_end ] --START--
INFO: Run Behavior\ShowPageTraceBehavior [ RunTime:0.001000s ]
INFO: [ app_end ] --END-- [ RunTime:0.001000s ]

[ 2018-11-28T17:10:05+08:00 ] 127.0.0.1 /fxpc/index.php/Home/Ucenter/img/myself/wdxm2.png
INFO: [ app_init ] --START--
INFO: Run Behavior\BuildLiteBehavior [ RunTime:0.000000s ]
INFO: [ app_init ] --END-- [ RunTime:0.001000s ]

[ 2018-11-28T17:10:05+08:00 ] 127.0.0.1 /fxpc/index.php/Home/Ucenter/img/myself/wdxm3.png
INFO: [ app_init ] --START--
INFO: Run Behavior\BuildLiteBehavior [ RunTime:0.000000s ]
INFO: [ app_init ] --END-- [ RunTime:0.001000s ]

[ 2018-11-28T17:10:05+08:00 ] 127.0.0.1 /fxpc/index.php/Home/Ucenter/img/myself/zdjl1.png
INFO: [ app_init ] --START--
INFO: Run Behavior\BuildLiteBehavior [ RunTime:0.000000s ]
INFO: [ app_init ] --END-- [ RunTime:0.000000s ]

[ 2018-11-28T17:10:05+08:00 ] 127.0.0.1 /fxpc/index.php/Home/Ucenter/img/myself/daoshi1.png
INFO: [ app_init ] --START--
INFO: Run Behavior\BuildLiteBehavior [ RunTime:0.000000s ]
INFO: [ app_init ] --END-- [ RunTime:0.000000s ]

[ 2018-11-28T17:10:05+08:00 ] 127.0.0.1 /fxpc/index.php/Home/Ucenter/img/myself/xm-header2.png
INFO: [ app_init ] --START--
INFO: Run Behavior\BuildLiteBehavior [ RunTime:0.000000s ]
INFO: [ app_init ] --END-- [ RunTime:0.001000s ]

[ 2018-11-28T17:10:05+08:00 ] 127.0.0.1 /fxpc/index.php/Home/Ucenter/img/myself/wdxm1.png
INFO: [ app_init ] --START--
INFO: Run Behavior\BuildLiteBehavior [ RunTime:0.000000s ]
INFO: [ app_init ] --END-- [ RunTime:0.001000s ]

[ 2018-11-28T17:10:05+08:00 ] 127.0.0.1 /fxpc/index.php/Home/Ucenter/img/myself/daoshi3.png
INFO: [ app_init ] --START--
INFO: Run Behavior\BuildLiteBehavior [ RunTime:0.000000s ]
INFO: [ app_init ] --END-- [ RunTime:0.000000s ]

[ 2018-11-28T17:10:05+08:00 ] 127.0.0.1 /fxpc/index.php/Home/Ucenter/img/myself/daoshi2.png
INFO: [ app_init ] --START--
INFO: Run Behavior\BuildLiteBehavior [ RunTime:0.000000s ]
INFO: [ app_init ] --END-- [ RunTime:0.000000s ]

[ 2018-11-28T17:10:05+08:00 ] 127.0.0.1 /fxpc/index.php/Home/Ucenter/img/myself/xm-header3.png
INFO: [ app_init ] --START--
INFO: Run Behavior\BuildLiteBehavior [ RunTime:0.000000s ]
INFO: [ app_init ] --END-- [ RunTime:0.001000s ]

[ 2018-11-28T17:10:05+08:00 ] 127.0.0.1 /fxpc/index.php/Home/Ucenter/img/cyq/user1.png
INFO: [ app_init ] --START--
INFO: Run Behavior\BuildLiteBehavior [ RunTime:0.000000s ]
INFO: [ app_init ] --END-- [ RunTime:0.001000s ]

[ 2018-11-28T17:10:05+08:00 ] 127.0.0.1 /fxpc/index.php/Home/Ucenter/img/cyq/tiezi-list-btn.png
INFO: [ app_init ] --START--
INFO: Run Behavior\BuildLiteBehavior [ RunTime:0.000000s ]
INFO: [ app_init ] --END-- [ RunTime:0.000000s ]

[ 2018-11-28T17:10:05+08:00 ] 127.0.0.1 /fxpc/index.php/Home/Ucenter/img/cyq/user5.png
INFO: [ app_init ] --START--
INFO: Run Behavior\BuildLiteBehavior [ RunTime:0.000000s ]
INFO: [ app_init ] --END-- [ RunTime:0.001000s ]

[ 2018-11-28T17:10:05+08:00 ] 127.0.0.1 /fxpc/index.php/Home/Ucenter/img/cyq/user3.png
INFO: [ app_init ] --START--
INFO: Run Behavior\BuildLiteBehavior [ RunTime:0.000000s ]
INFO: [ app_init ] --END-- [ RunTime:0.000000s ]

[ 2018-11-28T17:10:05+08:00 ] 127.0.0.1 /fxpc/index.php/Home/Ucenter/img/cygs/gushi2.png
INFO: [ app_init ] --START--
INFO: Run Behavior\BuildLiteBehavior [ RunTime:0.000000s ]
INFO: [ app_init ] --END-- [ RunTime:0.001000s ]

[ 2018-11-28T17:10:05+08:00 ] 127.0.0.1 /fxpc/index.php/Home/Ucenter/img/cygs/more-btn.png
INFO: [ app_init ] --START--
INFO: Run Behavior\BuildLiteBehavior [ RunTime:0.000000s ]
INFO: [ app_init ] --END-- [ RunTime:0.000000s ]

[ 2018-11-28T17:10:05+08:00 ] 127.0.0.1 /fxpc/index.php/Home/Ucenter/img/cyq/user2.png
INFO: [ app_init ] --START--
INFO: Run Behavior\BuildLiteBehavior [ RunTime:0.000000s ]
INFO: [ app_init ] --END-- [ RunTime:0.001000s ]

[ 2018-11-28T17:10:05+08:00 ] 127.0.0.1 /fxpc/index.php/Home/Ucenter/img/cygs/gushi1.png
INFO: [ app_init ] --START--
INFO: Run Behavior\BuildLiteBehavior [ RunTime:0.000000s ]
INFO: [ app_init ] --END-- [ RunTime:0.014001s ]

[ 2018-11-28T17:10:05+08:00 ] 127.0.0.1 /fxpc/index.php/Home/Ucenter/img/cygs/gushi5.png
INFO: [ app_init ] --START--
INFO: Run Behavior\BuildLiteBehavior [ RunTime:0.000000s ]
INFO: [ app_init ] --END-- [ RunTime:0.001000s ]

[ 2018-11-28T17:10:05+08:00 ] 127.0.0.1 /fxpc/index.php/Home/Ucenter/img/cygs/gushi4.png
INFO: [ app_init ] --START--
INFO: Run Behavior\BuildLiteBehavior [ RunTime:0.000000s ]
INFO: [ app_init ] --END-- [ RunTime:0.001000s ]

[ 2018-11-28T17:10:05+08:00 ] 127.0.0.1 /fxpc/index.php/Home/Ucenter/img/cyq/user4.png
INFO: [ app_init ] --START--
INFO: Run Behavior\BuildLiteBehavior [ RunTime:0.000000s ]
INFO: [ app_init ] --END-- [ RunTime:0.001000s ]

[ 2018-11-28T17:10:05+08:00 ] 127.0.0.1 /fxpc/index.php/Home/Ucenter/img/cyq/user6.png
INFO: [ app_init ] --START--
INFO: Run Behavior\BuildLiteBehavior [ RunTime:0.000000s ]
INFO: [ app_init ] --END-- [ RunTime:0.002001s ]

[ 2018-11-28T17:10:05+08:00 ] 127.0.0.1 /fxpc/index.php/Home/Ucenter/img/cygs/gushi3.png
INFO: [ app_init ] --START--
INFO: Run Behavior\BuildLiteBehavior [ RunTime:0.000000s ]
INFO: [ app_init ] --END-- [ RunTime:0.000000s ]

[ 2018-11-28T17:10:05+08:00 ] 127.0.0.1 /fxpc/index.php/Home/Ucenter/img/myself/header.png
INFO: [ app_init ] --START--
INFO: Run Behavior\BuildLiteBehavior [ RunTime:0.000000s ]
INFO: [ app_init ] --END-- [ RunTime:0.016001s ]

[ 2018-11-28T17:10:05+08:00 ] 127.0.0.1 /fxpc/index.php/Home/Ucenter/img/myself/jmdp-icon.png
INFO: [ app_init ] --START--
INFO: Run Behavior\BuildLiteBehavior [ RunTime:0.000000s ]
INFO: [ app_init ] --END-- [ RunTime:0.001000s ]

[ 2018-11-28T17:10:07+08:00 ] 127.0.0.1 /fxpc/index.php/Home/Cyq/cyq.html
INFO: [ app_init ] --START--
INFO: Run Behavior\BuildLiteBehavior [ RunTime:0.000000s ]
INFO: [ app_init ] --END-- [ RunTime:0.001000s ]
INFO: [ app_begin ] --START--
INFO: Run Behavior\ReadHtmlCacheBehavior [ RunTime:0.001000s ]
INFO: [ app_begin ] --END-- [ RunTime:0.001000s ]
INFO: [ view_parse ] --START--
INFO: [ template_filter ] --START--
INFO: Run Behavior\ContentReplaceBehavior [ RunTime:0.000000s ]
INFO: [ template_filter ] --END-- [ RunTime:0.000000s ]
INFO: Run Behavior\ParseTemplateBehavior [ RunTime:0.027001s ]
INFO: [ view_parse ] --END-- [ RunTime:0.027001s ]
INFO: [ view_filter ] --START--
INFO: Run Behavior\WriteHtmlCacheBehavior [ RunTime:0.000000s ]
INFO: Run Behavior\TokenBuildBehavior [ RunTime:0.001000s ]
INFO: [ view_filter ] --END-- [ RunTime:0.001000s ]
INFO: [ app_end ] --START--
INFO: Run Behavior\ShowPageTraceBehavior [ RunTime:0.001000s ]
INFO: [ app_end ] --END-- [ RunTime:0.001000s ]

[ 2018-11-28T17:10:08+08:00 ] 127.0.0.1 /fxpc/index.php/Home/Cyq/img/cyq/banner1.png
INFO: [ app_init ] --START--
INFO: Run Behavior\BuildLiteBehavior [ RunTime:0.000000s ]
INFO: [ app_init ] --END-- [ RunTime:0.001000s ]

[ 2018-11-28T17:10:08+08:00 ] 127.0.0.1 /fxpc/index.php/Home/Cyq/img/cyq/banner2.png
INFO: [ app_init ] --START--
INFO: Run Behavior\BuildLiteBehavior [ RunTime:0.000000s ]
INFO: [ app_init ] --END-- [ RunTime:0.001000s ]

[ 2018-11-28T17:10:08+08:00 ] 127.0.0.1 /fxpc/index.php/Home/Cyq/getCard.html
INFO: [ app_init ] --START--
INFO: Run Behavior\BuildLiteBehavior [ RunTime:0.000000s ]
INFO: [ app_init ] --END-- [ RunTime:0.000000s ]
INFO: [ app_begin ] --START--
INFO: Run Behavior\ReadHtmlCacheBehavior [ RunTime:0.001000s ]
INFO: [ app_begin ] --END-- [ RunTime:0.001000s ]
NOTIC: [2] Missing argument 1 for Home\Controller\CommonController::card(), called in D:\phpStudy\PHPTutorial\WWW\fxpc\App\Home\Controller\CyqController.class.php on line 12 and defined D:\phpStudy\PHPTutorial\WWW\fxpc\App\Home\Controller\CommonController.class.php 第 84 行.
NOTIC: [2] Missing argument 2 for Home\Controller\CommonController::card(), called in D:\phpStudy\PHPTutorial\WWW\fxpc\App\Home\Controller\CyqController.class.php on line 12 and defined D:\phpStudy\PHPTutorial\WWW\fxpc\App\Home\Controller\CommonController.class.php 第 84 行.
NOTIC: [8] Undefined variable: uid D:\phpStudy\PHPTutorial\WWW\fxpc\App\Home\Controller\CommonController.class.php 第 86 行.
SQL: SHOW COLUMNS FROM `fanxiang_tiezi` [ RunTime:0.0030s ]
NOTIC: [8] Undefined variable: limit D:\phpStudy\PHPTutorial\WWW\fxpc\App\Home\Controller\CommonController.class.php 第 94 行.
SQL: SHOW COLUMNS FROM `fanxiang_tiezi` [ RunTime:0.0620s ]
SQL: SELECT t.title,t.time,u.headimg,u.nickname FROM fanxiang_tiezi as t INNER JOIN fanxiang_user as u  WHERE (  t.uid=u.id )  [ RunTime:0.0010s ]
NOTIC: [2] Missing argument 2 for Home\Controller\CommonController::card(), called in D:\phpStudy\PHPTutorial\WWW\fxpc\App\Home\Controller\CyqController.class.php on line 19 and defined D:\phpStudy\PHPTutorial\WWW\fxpc\App\Home\Controller\CommonController.class.php 第 84 行.
NOTIC: [8] Undefined variable: uid D:\phpStudy\PHPTutorial\WWW\fxpc\App\Home\Controller\CommonController.class.php 第 86 行.
SQL: SHOW COLUMNS FROM `fanxiang_tiezi` [ RunTime:0.0260s ]
SQL: SELECT t.title,t.time,u.headimg,u.nickname FROM fanxiang_tiezi as t INNER JOIN fanxiang_user as u  WHERE (  t.uid=u.id ) LIMIT 9   [ RunTime:0.0030s ]
NOTIC: [2] Missing argument 2 for Home\Controller\CommonController::card(), called in D:\phpStudy\PHPTutorial\WWW\fxpc\App\Home\Controller\CyqController.class.php on line 29 and defined D:\phpStudy\PHPTutorial\WWW\fxpc\App\Home\Controller\CommonController.class.php 第 84 行.
NOTIC: [8] Undefined variable: uid D:\phpStudy\PHPTutorial\WWW\fxpc\App\Home\Controller\CommonController.class.php 第 86 行.
SQL: SHOW COLUMNS FROM `fanxiang_tiezi` [ RunTime:0.0050s ]
SQL: SELECT t.title,t.time,u.headimg,u.nickname FROM fanxiang_tiezi as t INNER JOIN fanxiang_user as u  WHERE (  t.uid=u.id ) LIMIT 4   [ RunTime:0.0020s ]
SQL: SHOW COLUMNS FROM `fanxiang_zhuti` [ RunTime:0.0240s ]
SQL: SELECT * FROM `fanxiang_zhuti`  [ RunTime:0.0230s ]
SQL: SHOW COLUMNS FROM `fanxiang_user` [ RunTime:0.0050s ]
SQL: SELECT `nickname`,`headimg` FROM `fanxiang_user` LIMIT 10   [ RunTime:0.0020s ]
INFO: [ app_end ] --START--
INFO: Run Behavior\ShowPageTraceBehavior [ RunTime:0.001000s ]
INFO: [ app_end ] --END-- [ RunTime:0.001000s ]

[ 2018-11-28T17:19:49+08:00 ] 127.0.0.1 /fxpc/index.php/Home/Jmzd/jmzd.html
INFO: [ app_init ] --START--
INFO: Run Behavior\BuildLiteBehavior [ RunTime:0.000000s ]
INFO: [ app_init ] --END-- [ RunTime:0.002000s ]
INFO: [ app_begin ] --START--
INFO: Run Behavior\ReadHtmlCacheBehavior [ RunTime:0.002000s ]
INFO: [ app_begin ] --END-- [ RunTime:0.002000s ]
INFO: [ view_parse ] --START--
INFO: [ template_filter ] --START--
INFO: Run Behavior\ContentReplaceBehavior [ RunTime:0.000000s ]
INFO: [ template_filter ] --END-- [ RunTime:0.001001s ]
INFO: Run Behavior\ParseTemplateBehavior [ RunTime:0.037002s ]
INFO: [ view_parse ] --END-- [ RunTime:0.038002s ]
INFO: [ view_filter ] --START--
INFO: Run Behavior\WriteHtmlCacheBehavior [ RunTime:0.003001s ]
INFO: Run Behavior\TokenBuildBehavior [ RunTime:0.001000s ]
INFO: [ view_filter ] --END-- [ RunTime:0.004001s ]
INFO: [ app_end ] --START--
INFO: Run Behavior\ShowPageTraceBehavior [ RunTime:0.002000s ]
INFO: [ app_end ] --END-- [ RunTime:0.002000s ]

[ 2018-11-28T17:20:14+08:00 ] 127.0.0.1 /fxpc/index.php/Home/Cyq/cyq.html
INFO: [ app_init ] --START--
INFO: Run Behavior\BuildLiteBehavior [ RunTime:0.000000s ]
INFO: [ app_init ] --END-- [ RunTime:0.001000s ]
INFO: [ app_begin ] --START--
INFO: Run Behavior\ReadHtmlCacheBehavior [ RunTime:0.000000s ]
INFO: [ app_begin ] --END-- [ RunTime:0.000000s ]
INFO: [ view_parse ] --START--
INFO: [ template_filter ] --START--
INFO: Run Behavior\ContentReplaceBehavior [ RunTime:0.000000s ]
INFO: [ template_filter ] --END-- [ RunTime:0.000000s ]
INFO: Run Behavior\ParseTemplateBehavior [ RunTime:0.024001s ]
INFO: [ view_parse ] --END-- [ RunTime:0.024001s ]
INFO: [ view_filter ] --START--
INFO: Run Behavior\WriteHtmlCacheBehavior [ RunTime:0.000000s ]
INFO: Run Behavior\TokenBuildBehavior [ RunTime:0.000000s ]
INFO: [ view_filter ] --END-- [ RunTime:0.001000s ]
INFO: [ app_end ] --START--
INFO: Run Behavior\ShowPageTraceBehavior [ RunTime:0.001000s ]
INFO: [ app_end ] --END-- [ RunTime:0.001000s ]

[ 2018-11-28T17:20:15+08:00 ] 127.0.0.1 /fxpc/index.php/Home/Cyq/img/cyq/banner1.png
INFO: [ app_init ] --START--
INFO: Run Behavior\BuildLiteBehavior [ RunTime:0.000000s ]
INFO: [ app_init ] --END-- [ RunTime:0.001000s ]

[ 2018-11-28T17:20:15+08:00 ] 127.0.0.1 /fxpc/index.php/Home/Cyq/img/cyq/banner2.png
INFO: [ app_init ] --START--
INFO: Run Behavior\BuildLiteBehavior [ RunTime:0.000000s ]
INFO: [ app_init ] --END-- [ RunTime:0.000000s ]

[ 2018-11-28T17:20:15+08:00 ] 127.0.0.1 /fxpc/index.php/Home/Cyq/getCard.html
INFO: [ app_init ] --START--
INFO: Run Behavior\BuildLiteBehavior [ RunTime:0.000000s ]
INFO: [ app_init ] --END-- [ RunTime:0.000000s ]
INFO: [ app_begin ] --START--
INFO: Run Behavior\ReadHtmlCacheBehavior [ RunTime:0.001000s ]
INFO: [ app_begin ] --END-- [ RunTime:0.001000s ]
NOTIC: [2] Missing argument 1 for Home\Controller\CommonController::card(), called in D:\phpStudy\PHPTutorial\WWW\fxpc\App\Home\Controller\CyqController.class.php on line 12 and defined D:\phpStudy\PHPTutorial\WWW\fxpc\App\Home\Controller\CommonController.class.php 第 84 行.
NOTIC: [2] Missing argument 2 for Home\Controller\CommonController::card(), called in D:\phpStudy\PHPTutorial\WWW\fxpc\App\Home\Controller\CyqController.class.php on line 12 and defined D:\phpStudy\PHPTutorial\WWW\fxpc\App\Home\Controller\CommonController.class.php 第 84 行.
NOTIC: [8] Undefined variable: uid D:\phpStudy\PHPTutorial\WWW\fxpc\App\Home\Controller\CommonController.class.php 第 86 行.
SQL: SHOW COLUMNS FROM `fanxiang_tiezi` [ RunTime:0.0040s ]
NOTIC: [8] Undefined variable: limit D:\phpStudy\PHPTutorial\WWW\fxpc\App\Home\Controller\CommonController.class.php 第 94 行.
SQL: SHOW COLUMNS FROM `fanxiang_tiezi` [ RunTime:0.0030s ]
SQL: SELECT t.title,t.time,u.headimg,u.nickname FROM fanxiang_tiezi as t INNER JOIN fanxiang_user as u  WHERE (  t.uid=u.id )  [ RunTime:0.0010s ]
NOTIC: [2] Missing argument 2 for Home\Controller\CommonController::card(), called in D:\phpStudy\PHPTutorial\WWW\fxpc\App\Home\Controller\CyqController.class.php on line 19 and defined D:\phpStudy\PHPTutorial\WWW\fxpc\App\Home\Controller\CommonController.class.php 第 84 行.
NOTIC: [8] Undefined variable: uid D:\phpStudy\PHPTutorial\WWW\fxpc\App\Home\Controller\CommonController.class.php 第 86 行.
SQL: SHOW COLUMNS FROM `fanxiang_tiezi` [ RunTime:0.0340s ]
SQL: SELECT t.title,t.time,u.headimg,u.nickname FROM fanxiang_tiezi as t INNER JOIN fanxiang_user as u  WHERE (  t.uid=u.id ) LIMIT 9   [ RunTime:0.0020s ]
NOTIC: [2] Missing argument 2 for Home\Controller\CommonController::card(), called in D:\phpStudy\PHPTutorial\WWW\fxpc\App\Home\Controller\CyqController.class.php on line 29 and defined D:\phpStudy\PHPTutorial\WWW\fxpc\App\Home\Controller\CommonController.class.php 第 84 行.
NOTIC: [8] Undefined variable: uid D:\phpStudy\PHPTutorial\WWW\fxpc\App\Home\Controller\CommonController.class.php 第 86 行.
SQL: SHOW COLUMNS FROM `fanxiang_tiezi` [ RunTime:0.0060s ]
SQL: SELECT t.title,t.time,u.headimg,u.nickname FROM fanxiang_tiezi as t INNER JOIN fanxiang_user as u  WHERE (  t.uid=u.id ) LIMIT 4   [ RunTime:0.0000s ]
SQL: SHOW COLUMNS FROM `fanxiang_zhuti` [ RunTime:0.0050s ]
SQL: SELECT * FROM `fanxiang_zhuti`  [ RunTime:0.0010s ]
SQL: SHOW COLUMNS FROM `fanxiang_user` [ RunTime:0.0040s ]
SQL: SELECT `nickname`,`headimg` FROM `fanxiang_user` LIMIT 10   [ RunTime:0.0040s ]
INFO: [ app_end ] --START--
INFO: Run Behavior\ShowPageTraceBehavior [ RunTime:0.001000s ]
INFO: [ app_end ] --END-- [ RunTime:0.001000s ]

[ 2018-11-28T17:20:26+08:00 ] 127.0.0.1 /fxpc/index.php/Home/Ucenter/index.html
INFO: [ app_init ] --START--
INFO: Run Behavior\BuildLiteBehavior [ RunTime:0.000000s ]
INFO: [ app_init ] --END-- [ RunTime:0.001001s ]
INFO: [ app_begin ] --START--
INFO: Run Behavior\ReadHtmlCacheBehavior [ RunTime:0.001000s ]
INFO: [ app_begin ] --END-- [ RunTime:0.001000s ]
SQL: SHOW COLUMNS FROM `fanxiang_shoucang` [ RunTime:0.0030s ]
SQL: SELECT COUNT(*) AS tp_count FROM `fanxiang_shoucang` WHERE ( uid=1 ) LIMIT 1   [ RunTime:0.0010s ]
SQL: SHOW COLUMNS FROM `fanxiang_tiezi` [ RunTime:0.0030s ]
SQL: SELECT COUNT(*) AS tp_count FROM `fanxiang_tiezi` WHERE ( uid=1 ) LIMIT 1   [ RunTime:0.0000s ]
SQL: SHOW COLUMNS FROM `fanxiang_jifen` [ RunTime:0.0030s ]
SQL: SELECT COUNT(*) AS tp_count FROM `fanxiang_jifen` WHERE ( uid=1 ) LIMIT 1   [ RunTime:0.0010s ]
SQL: SHOW COLUMNS FROM `fanxiang_pinglun` [ RunTime:0.0030s ]
SQL: SELECT COUNT(*) AS tp_count FROM `fanxiang_pinglun` WHERE ( mkind=1 AND mkind=4 AND id=1 ) LIMIT 1   [ RunTime:0.0000s ]
SQL: SHOW COLUMNS FROM `fanxiang_zhenduan` [ RunTime:0.0040s ]
SQL: SELECT `pinpai`,`jsfs`,`time` FROM `fanxiang_zhenduan` WHERE ( 1 )  [ RunTime:0.0010s ]
SQL: SHOW COLUMNS FROM `fanxiang_tiezi` [ RunTime:0.0040s ]
SQL: SELECT t.title,t.time,u.headimg,u.nickname FROM fanxiang_tiezi as t INNER JOIN fanxiang_user as u  WHERE (  t.uid=u.id ) AND (  1 )  [ RunTime:0.0000s ]
INFO: [ view_parse ] --START--
INFO: [ template_filter ] --START--
INFO: Run Behavior\ContentReplaceBehavior [ RunTime:0.000000s ]
INFO: [ template_filter ] --END-- [ RunTime:0.001001s ]
INFO: Run Behavior\ParseTemplateBehavior [ RunTime:0.038002s ]
INFO: [ view_parse ] --END-- [ RunTime:0.038002s ]
INFO: [ view_filter ] --START--
INFO: Run Behavior\WriteHtmlCacheBehavior [ RunTime:0.000000s ]
INFO: Run Behavior\TokenBuildBehavior [ RunTime:0.003000s ]
INFO: [ view_filter ] --END-- [ RunTime:0.004000s ]
INFO: [ app_end ] --START--
INFO: Run Behavior\ShowPageTraceBehavior [ RunTime:0.001000s ]
INFO: [ app_end ] --END-- [ RunTime:0.001000s ]

[ 2018-11-28T17:20:27+08:00 ] 127.0.0.1 /fxpc/index.php/Home/Ucenter/img/myself/wdxm2.png
INFO: [ app_init ] --START--
INFO: Run Behavior\BuildLiteBehavior [ RunTime:0.000000s ]
INFO: [ app_init ] --END-- [ RunTime:0.000000s ]

[ 2018-11-28T17:20:27+08:00 ] 127.0.0.1 /fxpc/index.php/Home/Ucenter/img/myself/zdjl1.png
INFO: [ app_init ] --START--
INFO: Run Behavior\BuildLiteBehavior [ RunTime:0.000000s ]
INFO: [ app_init ] --END-- [ RunTime:0.001000s ]

[ 2018-11-28T17:20:27+08:00 ] 127.0.0.1 /fxpc/index.php/Home/Ucenter/img/myself/xm-header3.png
INFO: [ app_init ] --START--
INFO: Run Behavior\BuildLiteBehavior [ RunTime:0.000000s ]
INFO: [ app_init ] --END-- [ RunTime:0.001000s ]

[ 2018-11-28T17:20:27+08:00 ] 127.0.0.1 /fxpc/index.php/Home/Ucenter/img/myself/daoshi1.png
INFO: [ app_init ] --START--
INFO: Run Behavior\BuildLiteBehavior [ RunTime:0.000000s ]
INFO: [ app_init ] --END-- [ RunTime:0.001000s ]

[ 2018-11-28T17:20:27+08:00 ] 127.0.0.1 /fxpc/index.php/Home/Ucenter/img/myself/xm-header2.png
INFO: [ app_init ] --START--
INFO: Run Behavior\BuildLiteBehavior [ RunTime:0.000000s ]
INFO: [ app_init ] --END-- [ RunTime:0.001000s ]

[ 2018-11-28T17:20:27+08:00 ] 127.0.0.1 /fxpc/index.php/Home/Ucenter/img/myself/wdxm1.png
INFO: [ app_init ] --START--
INFO: Run Behavior\BuildLiteBehavior [ RunTime:0.000000s ]
INFO: [ app_init ] --END-- [ RunTime:0.000000s ]

[ 2018-11-28T17:20:27+08:00 ] 127.0.0.1 /fxpc/index.php/Home/Ucenter/img/myself/wdxm3.png
INFO: [ app_init ] --START--
INFO: Run Behavior\BuildLiteBehavior [ RunTime:0.000000s ]
INFO: [ app_init ] --END-- [ RunTime:0.001000s ]

[ 2018-11-28T17:20:27+08:00 ] 127.0.0.1 /fxpc/index.php/Home/Ucenter/img/myself/daoshi2.png
INFO: [ app_init ] --START--
INFO: Run Behavior\BuildLiteBehavior [ RunTime:0.000000s ]
INFO: [ app_init ] --END-- [ RunTime:0.004000s ]

[ 2018-11-28T17:20:27+08:00 ] 127.0.0.1 /fxpc/index.php/Home/Ucenter/img/myself/daoshi3.png
INFO: [ app_init ] --START--
INFO: Run Behavior\BuildLiteBehavior [ RunTime:0.000000s ]
INFO: [ app_init ] --END-- [ RunTime:0.000000s ]

[ 2018-11-28T17:20:27+08:00 ] 127.0.0.1 /fxpc/index.php/Home/Ucenter/img/cyq/tiezi-list-btn.png
INFO: [ app_init ] --START--
INFO: Run Behavior\BuildLiteBehavior [ RunTime:0.000000s ]
INFO: [ app_init ] --END-- [ RunTime:0.001000s ]

[ 2018-11-28T17:20:27+08:00 ] 127.0.0.1 /fxpc/index.php/Home/Ucenter/img/cyq/user1.png
INFO: [ app_init ] --START--
INFO: Run Behavior\BuildLiteBehavior [ RunTime:0.000000s ]
INFO: [ app_init ] --END-- [ RunTime:0.000000s ]

[ 2018-11-28T17:20:27+08:00 ] 127.0.0.1 /fxpc/index.php/Home/Ucenter/img/cyq/user2.png
INFO: [ app_init ] --START--
INFO: Run Behavior\BuildLiteBehavior [ RunTime:0.000000s ]
INFO: [ app_init ] --END-- [ RunTime:0.000000s ]

[ 2018-11-28T17:20:27+08:00 ] 127.0.0.1 /fxpc/index.php/Home/Ucenter/img/cyq/user6.png
INFO: [ app_init ] --START--
INFO: Run Behavior\BuildLiteBehavior [ RunTime:0.000000s ]
INFO: [ app_init ] --END-- [ RunTime:0.000000s ]

[ 2018-11-28T17:20:27+08:00 ] 127.0.0.1 /fxpc/index.php/Home/Ucenter/img/cygs/gushi1.png
INFO: [ app_init ] --START--
INFO: Run Behavior\BuildLiteBehavior [ RunTime:0.000000s ]
INFO: [ app_init ] --END-- [ RunTime:0.000000s ]

[ 2018-11-28T17:20:27+08:00 ] 127.0.0.1 /fxpc/index.php/Home/Ucenter/img/cyq/user3.png
INFO: [ app_init ] --START--
INFO: Run Behavior\BuildLiteBehavior [ RunTime:0.000000s ]
INFO: [ app_init ] --END-- [ RunTime:0.000000s ]

[ 2018-11-28T17:20:27+08:00 ] 127.0.0.1 /fxpc/index.php/Home/Ucenter/img/cyq/user4.png
INFO: [ app_init ] --START--
INFO: Run Behavior\BuildLiteBehavior [ RunTime:0.000000s ]
INFO: [ app_init ] --END-- [ RunTime:0.011000s ]

[ 2018-11-28T17:20:27+08:00 ] 127.0.0.1 /fxpc/index.php/Home/Ucenter/img/cygs/more-btn.png
INFO: [ app_init ] --START--
INFO: Run Behavior\BuildLiteBehavior [ RunTime:0.000000s ]
INFO: [ app_init ] --END-- [ RunTime:0.001000s ]

[ 2018-11-28T17:20:27+08:00 ] 127.0.0.1 /fxpc/index.php/Home/Ucenter/img/cyq/user5.png
INFO: [ app_init ] --START--
INFO: Run Behavior\BuildLiteBehavior [ RunTime:0.001000s ]
INFO: [ app_init ] --END-- [ RunTime:0.001000s ]

[ 2018-11-28T17:20:27+08:00 ] 127.0.0.1 /fxpc/index.php/Home/Ucenter/img/cygs/gushi3.png
INFO: [ app_init ] --START--
INFO: Run Behavior\BuildLiteBehavior [ RunTime:0.000000s ]
INFO: [ app_init ] --END-- [ RunTime:0.000000s ]

[ 2018-11-28T17:20:27+08:00 ] 127.0.0.1 /fxpc/index.php/Home/Ucenter/img/cygs/gushi2.png
INFO: [ app_init ] --START--
INFO: Run Behavior\BuildLiteBehavior [ RunTime:0.000000s ]
INFO: [ app_init ] --END-- [ RunTime:0.001000s ]

[ 2018-11-28T17:20:27+08:00 ] 127.0.0.1 /fxpc/index.php/Home/Ucenter/img/cygs/gushi4.png
INFO: [ app_init ] --START--
INFO: Run Behavior\BuildLiteBehavior [ RunTime:0.000000s ]
INFO: [ app_init ] --END-- [ RunTime:0.000000s ]

[ 2018-11-28T17:20:27+08:00 ] 127.0.0.1 /fxpc/index.php/Home/Ucenter/img/myself/header.png
INFO: [ app_init ] --START--
INFO: Run Behavior\BuildLiteBehavior [ RunTime:0.000000s ]
INFO: [ app_init ] --END-- [ RunTime:0.003000s ]

[ 2018-11-28T17:20:27+08:00 ] 127.0.0.1 /fxpc/index.php/Home/Ucenter/img/myself/jmdp-icon.png
INFO: [ app_init ] --START--
INFO: Run Behavior\BuildLiteBehavior [ RunTime:0.000000s ]
INFO: [ app_init ] --END-- [ RunTime:0.001000s ]

[ 2018-11-28T17:20:27+08:00 ] 127.0.0.1 /fxpc/index.php/Home/Ucenter/img/cygs/gushi5.png
INFO: [ app_init ] --START--
INFO: Run Behavior\BuildLiteBehavior [ RunTime:0.001000s ]
INFO: [ app_init ] --END-- [ RunTime:0.002000s ]

