[ 2018-11-23T09:02:04+08:00 ] 127.0.0.1 /fxpc/index.php/img/index/header-img.png
INFO: [ app_init ] --START--
INFO: Run Behavior\BuildLiteBehavior [ RunTime:0.000000s ]
INFO: [ app_init ] --END-- [ RunTime:0.001000s ]
ERR: 无法加载模块:Img

[ 2018-11-23T09:02:04+08:00 ] 127.0.0.1 /fxpc/index.php/2018-10-25/5bd17328dd620.jpg
INFO: [ app_init ] --START--
INFO: Run Behavior\BuildLiteBehavior [ RunTime:0.000000s ]
INFO: [ app_init ] --END-- [ RunTime:0.001000s ]
ERR: 无法加载模块:2018-10-25

[ 2018-11-23T09:02:04+08:00 ] 127.0.0.1 /fxpc/index.php/img/index/quan1.png
INFO: [ app_init ] --START--
INFO: Run Behavior\BuildLiteBehavior [ RunTime:0.000000s ]
INFO: [ app_init ] --END-- [ RunTime:0.000000s ]
ERR: 无法加载模块:Img

[ 2018-11-23T09:02:04+08:00 ] 127.0.0.1 /fxpc/index.php/img/index/1-zxjp.png
INFO: [ app_init ] --START--
INFO: Run Behavior\BuildLiteBehavior [ RunTime:0.000000s ]
INFO: [ app_init ] --END-- [ RunTime:0.001000s ]
ERR: 无法加载模块:Img

[ 2018-11-23T09:02:04+08:00 ] 127.0.0.1 /fxpc/index.php/img/index/2-elm.png
INFO: [ app_init ] --START--
INFO: Run Behavior\BuildLiteBehavior [ RunTime:0.000000s ]
INFO: [ app_init ] --END-- [ RunTime:0.000000s ]
ERR: 无法加载模块:Img

[ 2018-11-23T09:02:04+08:00 ] 127.0.0.1 /fxpc/index.php/img/index/3-wqlm.png
INFO: [ app_init ] --START--
INFO: Run Behavior\BuildLiteBehavior [ RunTime:0.000000s ]
INFO: [ app_init ] --END-- [ RunTime:0.001000s ]
ERR: 无法加载模块:Img

[ 2018-11-23T09:02:04+08:00 ] 127.0.0.1 /fxpc/index.php/img/index/4-klz.png
INFO: [ app_init ] --START--
INFO: Run Behavior\BuildLiteBehavior [ RunTime:0.000000s ]
INFO: [ app_init ] --END-- [ RunTime:0.001000s ]
ERR: 无法加载模块:Img

[ 2018-11-23T09:02:04+08:00 ] 127.0.0.1 /fxpc/index.php/img/index/7-yjkd.png
INFO: [ app_init ] --START--
INFO: Run Behavior\BuildLiteBehavior [ RunTime:0.001000s ]
INFO: [ app_init ] --END-- [ RunTime:0.001000s ]
ERR: 无法加载模块:Img

[ 2018-11-23T09:02:04+08:00 ] 127.0.0.1 /fxpc/index.php/img/index/8-yzsp.png
INFO: [ app_init ] --START--
INFO: Run Behavior\BuildLiteBehavior [ RunTime:0.000000s ]
INFO: [ app_init ] --END-- [ RunTime:0.001000s ]
ERR: 无法加载模块:Img

[ 2018-11-23T09:02:04+08:00 ] 127.0.0.1 /fxpc/index.php/img/index/9-szss.png
INFO: [ app_init ] --START--
INFO: Run Behavior\BuildLiteBehavior [ RunTime:0.000000s ]
INFO: [ app_init ] --END-- [ RunTime:0.000000s ]
ERR: 无法加载模块:Img

[ 2018-11-23T09:02:04+08:00 ] 127.0.0.1 /fxpc/index.php/img/index/10-af.png
INFO: [ app_init ] --START--
INFO: Run Behavior\BuildLiteBehavior [ RunTime:0.000000s ]
INFO: [ app_init ] --END-- [ RunTime:0.000000s ]
ERR: 无法加载模块:Img

[ 2018-11-23T09:02:04+08:00 ] 127.0.0.1 /fxpc/index.php/img/index/6-abie.png
INFO: [ app_init ] --START--
INFO: Run Behavior\BuildLiteBehavior [ RunTime:0.000000s ]
INFO: [ app_init ] --END-- [ RunTime:0.001000s ]
ERR: 无法加载模块:Img

[ 2018-11-23T09:02:04+08:00 ] 127.0.0.1 /fxpc/index.php/img/index/5-zl.png
INFO: [ app_init ] --START--
INFO: Run Behavior\BuildLiteBehavior [ RunTime:0.001000s ]
INFO: [ app_init ] --END-- [ RunTime:0.027001s ]
ERR: 无法加载模块:Img

[ 2018-11-23T09:02:06+08:00 ] 127.0.0.1 /fxpc/index.php/img/index/header-img.png
INFO: [ app_init ] --START--
INFO: Run Behavior\BuildLiteBehavior [ RunTime:0.000000s ]
INFO: [ app_init ] --END-- [ RunTime:0.000000s ]
ERR: 无法加载模块:Img

[ 2018-11-23T09:02:06+08:00 ] 127.0.0.1 /fxpc/index.php/2018-10-25/5bd17328dd620.jpg
INFO: [ app_init ] --START--
INFO: Run Behavior\BuildLiteBehavior [ RunTime:0.000000s ]
INFO: [ app_init ] --END-- [ RunTime:0.000000s ]
ERR: 无法加载模块:2018-10-25

[ 2018-11-23T09:04:22+08:00 ] 127.0.0.1 /fxpc/index.php/img/index/header-img.png
INFO: [ app_init ] --START--
INFO: Run Behavior\BuildLiteBehavior [ RunTime:0.000000s ]
INFO: [ app_init ] --END-- [ RunTime:0.001000s ]
ERR: 无法加载模块:Img

[ 2018-11-23T09:04:22+08:00 ] 127.0.0.1 /fxpc/index.php/2018-10-25/5bd17328dd620.jpg
INFO: [ app_init ] --START--
INFO: Run Behavior\BuildLiteBehavior [ RunTime:0.000000s ]
INFO: [ app_init ] --END-- [ RunTime:0.001000s ]
ERR: 无法加载模块:2018-10-25

[ 2018-11-23T09:04:22+08:00 ] 127.0.0.1 /fxpc/index.php/img/index/quan1.png
INFO: [ app_init ] --START--
INFO: Run Behavior\BuildLiteBehavior [ RunTime:0.000000s ]
INFO: [ app_init ] --END-- [ RunTime:0.001000s ]
ERR: 无法加载模块:Img

[ 2018-11-23T09:04:22+08:00 ] 127.0.0.1 /fxpc/index.php/img/index/1-zxjp.png
INFO: [ app_init ] --START--
INFO: Run Behavior\BuildLiteBehavior [ RunTime:0.000000s ]
INFO: [ app_init ] --END-- [ RunTime:0.001001s ]
ERR: 无法加载模块:Img

[ 2018-11-23T09:04:22+08:00 ] 127.0.0.1 /fxpc/index.php/img/index/2-elm.png
INFO: [ app_init ] --START--
INFO: Run Behavior\BuildLiteBehavior [ RunTime:0.000000s ]
INFO: [ app_init ] --END-- [ RunTime:0.001000s ]
ERR: 无法加载模块:Img

[ 2018-11-23T09:04:22+08:00 ] 127.0.0.1 /fxpc/index.php/img/index/4-klz.png
INFO: [ app_init ] --START--
INFO: Run Behavior\BuildLiteBehavior [ RunTime:0.000000s ]
INFO: [ app_init ] --END-- [ RunTime:0.000000s ]
ERR: 无法加载模块:Img

[ 2018-11-23T09:04:22+08:00 ] 127.0.0.1 /fxpc/index.php/img/index/5-zl.png
INFO: [ app_init ] --START--
INFO: Run Behavior\BuildLiteBehavior [ RunTime:0.000000s ]
INFO: [ app_init ] --END-- [ RunTime:0.001000s ]
ERR: 无法加载模块:Img

[ 2018-11-23T09:04:22+08:00 ] 127.0.0.1 /fxpc/index.php/img/index/6-abie.png
INFO: [ app_init ] --START--
INFO: Run Behavior\BuildLiteBehavior [ RunTime:0.000000s ]
INFO: [ app_init ] --END-- [ RunTime:0.000000s ]
ERR: 无法加载模块:Img

[ 2018-11-23T09:04:22+08:00 ] 127.0.0.1 /fxpc/index.php/img/index/3-wqlm.png
INFO: [ app_init ] --START--
INFO: Run Behavior\BuildLiteBehavior [ RunTime:0.000000s ]
INFO: [ app_init ] --END-- [ RunTime:0.000000s ]
ERR: 无法加载模块:Img

[ 2018-11-23T09:04:22+08:00 ] 127.0.0.1 /fxpc/index.php/img/index/8-yzsp.png
INFO: [ app_init ] --START--
INFO: Run Behavior\BuildLiteBehavior [ RunTime:0.000000s ]
INFO: [ app_init ] --END-- [ RunTime:0.001000s ]
ERR: 无法加载模块:Img

[ 2018-11-23T09:04:22+08:00 ] 127.0.0.1 /fxpc/index.php/img/index/9-szss.png
INFO: [ app_init ] --START--
INFO: Run Behavior\BuildLiteBehavior [ RunTime:0.000000s ]
INFO: [ app_init ] --END-- [ RunTime:0.000000s ]
ERR: 无法加载模块:Img

[ 2018-11-23T09:04:22+08:00 ] 127.0.0.1 /fxpc/index.php/img/index/7-yjkd.png
INFO: [ app_init ] --START--
INFO: Run Behavior\BuildLiteBehavior [ RunTime:0.000000s ]
INFO: [ app_init ] --END-- [ RunTime:0.001000s ]
ERR: 无法加载模块:Img

[ 2018-11-23T09:04:22+08:00 ] 127.0.0.1 /fxpc/index.php/img/index/10-af.png
INFO: [ app_init ] --START--
INFO: Run Behavior\BuildLiteBehavior [ RunTime:0.000000s ]
INFO: [ app_init ] --END-- [ RunTime:0.001000s ]
ERR: 无法加载模块:Img

[ 2018-11-23T09:04:23+08:00 ] 127.0.0.1 /fxpc/index.php/img/index/header-img.png
INFO: [ app_init ] --START--
INFO: Run Behavior\BuildLiteBehavior [ RunTime:0.000000s ]
INFO: [ app_init ] --END-- [ RunTime:0.002000s ]
ERR: 无法加载模块:Img

[ 2018-11-23T09:04:23+08:00 ] 127.0.0.1 /fxpc/index.php/2018-10-25/5bd17328dd620.jpg
INFO: [ app_init ] --START--
INFO: Run Behavior\BuildLiteBehavior [ RunTime:0.000000s ]
INFO: [ app_init ] --END-- [ RunTime:0.001000s ]
ERR: 无法加载模块:2018-10-25

[ 2018-11-23T09:07:32+08:00 ] 127.0.0.1 /fxpc/index.php/img/index/header-img.png
INFO: [ app_init ] --START--
INFO: Run Behavior\BuildLiteBehavior [ RunTime:0.000000s ]
INFO: [ app_init ] --END-- [ RunTime:0.001000s ]
ERR: 无法加载模块:Img

[ 2018-11-23T09:07:32+08:00 ] 127.0.0.1 /fxpc/index.php/2018-10-25/5bd17328dd620.jpg
INFO: [ app_init ] --START--
INFO: Run Behavior\BuildLiteBehavior [ RunTime:0.000000s ]
INFO: [ app_init ] --END-- [ RunTime:0.001000s ]
ERR: 无法加载模块:2018-10-25

[ 2018-11-23T09:07:32+08:00 ] 127.0.0.1 /fxpc/index.php/img/index/quan1.png
INFO: [ app_init ] --START--
INFO: Run Behavior\BuildLiteBehavior [ RunTime:0.000000s ]
INFO: [ app_init ] --END-- [ RunTime:0.001000s ]
ERR: 无法加载模块:Img

[ 2018-11-23T09:07:32+08:00 ] 127.0.0.1 /fxpc/index.php/img/index/1-zxjp.png
INFO: [ app_init ] --START--
INFO: Run Behavior\BuildLiteBehavior [ RunTime:0.000000s ]
INFO: [ app_init ] --END-- [ RunTime:0.000000s ]
ERR: 无法加载模块:Img

[ 2018-11-23T09:07:32+08:00 ] 127.0.0.1 /fxpc/index.php/img/index/2-elm.png
INFO: [ app_init ] --START--
INFO: Run Behavior\BuildLiteBehavior [ RunTime:0.000000s ]
INFO: [ app_init ] --END-- [ RunTime:0.000000s ]
ERR: 无法加载模块:Img

[ 2018-11-23T09:07:32+08:00 ] 127.0.0.1 /fxpc/index.php/img/index/3-wqlm.png
INFO: [ app_init ] --START--
INFO: Run Behavior\BuildLiteBehavior [ RunTime:0.000000s ]
INFO: [ app_init ] --END-- [ RunTime:0.001000s ]
ERR: 无法加载模块:Img

[ 2018-11-23T09:07:32+08:00 ] 127.0.0.1 /fxpc/index.php/img/index/9-szss.png
INFO: [ app_init ] --START--
INFO: Run Behavior\BuildLiteBehavior [ RunTime:0.000000s ]
INFO: [ app_init ] --END-- [ RunTime:0.001000s ]
ERR: 无法加载模块:Img

[ 2018-11-23T09:07:32+08:00 ] 127.0.0.1 /fxpc/index.php/img/index/4-klz.png
INFO: [ app_init ] --START--
INFO: Run Behavior\BuildLiteBehavior [ RunTime:0.000000s ]
INFO: [ app_init ] --END-- [ RunTime:0.000000s ]
ERR: 无法加载模块:Img

[ 2018-11-23T09:07:32+08:00 ] 127.0.0.1 /fxpc/index.php/img/index/8-yzsp.png
INFO: [ app_init ] --START--
INFO: Run Behavior\BuildLiteBehavior [ RunTime:0.000000s ]
INFO: [ app_init ] --END-- [ RunTime:0.001000s ]
ERR: 无法加载模块:Img

[ 2018-11-23T09:07:32+08:00 ] 127.0.0.1 /fxpc/index.php/img/index/6-abie.png
INFO: [ app_init ] --START--
INFO: Run Behavior\BuildLiteBehavior [ RunTime:0.000000s ]
INFO: [ app_init ] --END-- [ RunTime:0.000000s ]
ERR: 无法加载模块:Img

[ 2018-11-23T09:07:32+08:00 ] 127.0.0.1 /fxpc/index.php/2018-10-25/5bd17328dd620.jpg
INFO: [ app_init ] --START--
INFO: Run Behavior\BuildLiteBehavior [ RunTime:0.000000s ]
INFO: [ app_init ] --END-- [ RunTime:0.001000s ]
ERR: 无法加载模块:2018-10-25

[ 2018-11-23T09:07:32+08:00 ] 127.0.0.1 /fxpc/index.php/img/index/10-af.png
INFO: [ app_init ] --START--
INFO: Run Behavior\BuildLiteBehavior [ RunTime:0.000000s ]
INFO: [ app_init ] --END-- [ RunTime:0.001000s ]
ERR: 无法加载模块:Img

[ 2018-11-23T09:07:32+08:00 ] 127.0.0.1 /fxpc/index.php/img/index/header-img.png
INFO: [ app_init ] --START--
INFO: Run Behavior\BuildLiteBehavior [ RunTime:0.000000s ]
INFO: [ app_init ] --END-- [ RunTime:0.001000s ]
ERR: 无法加载模块:Img

[ 2018-11-23T09:07:32+08:00 ] 127.0.0.1 /fxpc/index.php/img/index/5-zl.png
INFO: [ app_init ] --START--
INFO: Run Behavior\BuildLiteBehavior [ RunTime:0.000000s ]
INFO: [ app_init ] --END-- [ RunTime:0.001000s ]
ERR: 无法加载模块:Img

[ 2018-11-23T09:07:32+08:00 ] 127.0.0.1 /fxpc/index.php/img/index/7-yjkd.png
INFO: [ app_init ] --START--
INFO: Run Behavior\BuildLiteBehavior [ RunTime:0.000000s ]
INFO: [ app_init ] --END-- [ RunTime:0.001000s ]
ERR: 无法加载模块:Img

[ 2018-11-23T09:08:40+08:00 ] 127.0.0.1 /fxpc/index.php/img/index/header-img.png
INFO: [ app_init ] --START--
INFO: Run Behavior\BuildLiteBehavior [ RunTime:0.000000s ]
INFO: [ app_init ] --END-- [ RunTime:0.001000s ]
ERR: 无法加载模块:Img

[ 2018-11-23T09:08:40+08:00 ] 127.0.0.1 /fxpc/index.php/2018-10-25/5bd17328dd620.jpg
INFO: [ app_init ] --START--
INFO: Run Behavior\BuildLiteBehavior [ RunTime:0.000000s ]
INFO: [ app_init ] --END-- [ RunTime:0.000000s ]
ERR: 无法加载模块:2018-10-25

[ 2018-11-23T09:08:40+08:00 ] 127.0.0.1 /fxpc/index.php/img/index/quan1.png
INFO: [ app_init ] --START--
INFO: Run Behavior\BuildLiteBehavior [ RunTime:0.000000s ]
INFO: [ app_init ] --END-- [ RunTime:0.001000s ]
ERR: 无法加载模块:Img

[ 2018-11-23T09:08:40+08:00 ] 127.0.0.1 /fxpc/index.php/img/index/1-zxjp.png
INFO: [ app_init ] --START--
INFO: Run Behavior\BuildLiteBehavior [ RunTime:0.000000s ]
INFO: [ app_init ] --END-- [ RunTime:0.001000s ]
ERR: 无法加载模块:Img

[ 2018-11-23T09:08:41+08:00 ] 127.0.0.1 /fxpc/index.php/img/index/header-img.png
INFO: [ app_init ] --START--
INFO: Run Behavior\BuildLiteBehavior [ RunTime:0.000000s ]
INFO: [ app_init ] --END-- [ RunTime:0.001000s ]
ERR: 无法加载模块:Img

[ 2018-11-23T09:08:41+08:00 ] 127.0.0.1 /fxpc/index.php/2018-10-25/5bd17328dd620.jpg
INFO: [ app_init ] --START--
INFO: Run Behavior\BuildLiteBehavior [ RunTime:0.000000s ]
INFO: [ app_init ] --END-- [ RunTime:0.000000s ]
ERR: 无法加载模块:2018-10-25

[ 2018-11-23T09:09:31+08:00 ] 127.0.0.1 /fxpc/index.php/img/index/header-img.png
INFO: [ app_init ] --START--
INFO: Run Behavior\BuildLiteBehavior [ RunTime:0.000000s ]
INFO: [ app_init ] --END-- [ RunTime:0.000000s ]
ERR: 无法加载模块:Img

[ 2018-11-23T09:09:31+08:00 ] 127.0.0.1 /fxpc/index.php/2018-10-25/5bd17328dd620.jpg
INFO: [ app_init ] --START--
INFO: Run Behavior\BuildLiteBehavior [ RunTime:0.000000s ]
INFO: [ app_init ] --END-- [ RunTime:0.001000s ]
ERR: 无法加载模块:2018-10-25

[ 2018-11-23T09:09:31+08:00 ] 127.0.0.1 /fxpc/index.php/img/index/quan1.png
INFO: [ app_init ] --START--
INFO: Run Behavior\BuildLiteBehavior [ RunTime:0.000000s ]
INFO: [ app_init ] --END-- [ RunTime:0.000000s ]
ERR: 无法加载模块:Img

[ 2018-11-23T09:09:32+08:00 ] 127.0.0.1 /fxpc/index.php/img/index/header-img.png
INFO: [ app_init ] --START--
INFO: Run Behavior\BuildLiteBehavior [ RunTime:0.000000s ]
INFO: [ app_init ] --END-- [ RunTime:0.000000s ]
ERR: 无法加载模块:Img

[ 2018-11-23T09:09:32+08:00 ] 127.0.0.1 /fxpc/index.php/2018-10-25/5bd17328dd620.jpg
INFO: [ app_init ] --START--
INFO: Run Behavior\BuildLiteBehavior [ RunTime:0.000000s ]
INFO: [ app_init ] --END-- [ RunTime:0.000000s ]
ERR: 无法加载模块:2018-10-25

[ 2018-11-23T09:10:12+08:00 ] 127.0.0.1 /fxpc/index.php/img/index/header-img.png
INFO: [ app_init ] --START--
INFO: Run Behavior\BuildLiteBehavior [ RunTime:0.000000s ]
INFO: [ app_init ] --END-- [ RunTime:0.001000s ]
ERR: 无法加载模块:Img

[ 2018-11-23T09:10:12+08:00 ] 127.0.0.1 /fxpc/index.php/img/index/quan1.png
INFO: [ app_init ] --START--
INFO: Run Behavior\BuildLiteBehavior [ RunTime:0.000000s ]
INFO: [ app_init ] --END-- [ RunTime:0.000000s ]
ERR: 无法加载模块:Img

[ 2018-11-23T09:10:12+08:00 ] 127.0.0.1 /fxpc/index.php/2018-10-25/5bd17328dd620.jpg
INFO: [ app_init ] --START--
INFO: Run Behavior\BuildLiteBehavior [ RunTime:0.000000s ]
INFO: [ app_init ] --END-- [ RunTime:0.000000s ]
ERR: 无法加载模块:2018-10-25

[ 2018-11-23T09:10:13+08:00 ] 127.0.0.1 /fxpc/index.php/img/index/header-img.png
INFO: [ app_init ] --START--
INFO: Run Behavior\BuildLiteBehavior [ RunTime:0.000000s ]
INFO: [ app_init ] --END-- [ RunTime:0.000000s ]
ERR: 无法加载模块:Img

[ 2018-11-23T09:10:36+08:00 ] 127.0.0.1 /fxpc/index.php/img/index/header-img.png
INFO: [ app_init ] --START--
INFO: Run Behavior\BuildLiteBehavior [ RunTime:0.000000s ]
INFO: [ app_init ] --END-- [ RunTime:0.001001s ]
ERR: 无法加载模块:Img

[ 2018-11-23T09:10:36+08:00 ] 127.0.0.1 /fxpc/index.php/2018-10-25/5bd17328dd620.jpg
INFO: [ app_init ] --START--
INFO: Run Behavior\BuildLiteBehavior [ RunTime:0.000000s ]
INFO: [ app_init ] --END-- [ RunTime:0.000000s ]
ERR: 无法加载模块:2018-10-25

[ 2018-11-23T09:10:36+08:00 ] 127.0.0.1 /fxpc/index.php/img/index/quan1.png
INFO: [ app_init ] --START--
INFO: Run Behavior\BuildLiteBehavior [ RunTime:0.000000s ]
INFO: [ app_init ] --END-- [ RunTime:0.001000s ]
ERR: 无法加载模块:Img

[ 2018-11-23T09:10:37+08:00 ] 127.0.0.1 /fxpc/index.php/img/index/header-img.png
INFO: [ app_init ] --START--
INFO: Run Behavior\BuildLiteBehavior [ RunTime:0.000000s ]
INFO: [ app_init ] --END-- [ RunTime:0.000000s ]
ERR: 无法加载模块:Img

[ 2018-11-23T09:10:37+08:00 ] 127.0.0.1 /fxpc/index.php/2018-10-25/5bd17328dd620.jpg
INFO: [ app_init ] --START--
INFO: Run Behavior\BuildLiteBehavior [ RunTime:0.001000s ]
INFO: [ app_init ] --END-- [ RunTime:0.002000s ]
ERR: 无法加载模块:2018-10-25

[ 2018-11-23T09:11:24+08:00 ] 127.0.0.1 /fxpc/index.php/img/index/header-img.png
INFO: [ app_init ] --START--
INFO: Run Behavior\BuildLiteBehavior [ RunTime:0.000000s ]
INFO: [ app_init ] --END-- [ RunTime:0.001000s ]
ERR: 无法加载模块:Img

[ 2018-11-23T09:11:24+08:00 ] 127.0.0.1 /fxpc/index.php/2018-10-25/5bd17328dd620.jpg
INFO: [ app_init ] --START--
INFO: Run Behavior\BuildLiteBehavior [ RunTime:0.000000s ]
INFO: [ app_init ] --END-- [ RunTime:0.001000s ]
ERR: 无法加载模块:2018-10-25

[ 2018-11-23T09:11:25+08:00 ] 127.0.0.1 /fxpc/index.php/img/index/quan1.png
INFO: [ app_init ] --START--
INFO: Run Behavior\BuildLiteBehavior [ RunTime:0.000000s ]
INFO: [ app_init ] --END-- [ RunTime:0.001000s ]
ERR: 无法加载模块:Img

[ 2018-11-23T09:11:25+08:00 ] 127.0.0.1 /fxpc/index.php/img/index/header-img.png
INFO: [ app_init ] --START--
INFO: Run Behavior\BuildLiteBehavior [ RunTime:0.000000s ]
INFO: [ app_init ] --END-- [ RunTime:0.000000s ]
ERR: 无法加载模块:Img

[ 2018-11-23T09:11:25+08:00 ] 127.0.0.1 /fxpc/index.php/2018-10-25/5bd17328dd620.jpg
INFO: [ app_init ] --START--
INFO: Run Behavior\BuildLiteBehavior [ RunTime:0.000000s ]
INFO: [ app_init ] --END-- [ RunTime:0.001000s ]
ERR: 无法加载模块:2018-10-25

[ 2018-11-23T09:15:33+08:00 ] 127.0.0.1 /fxpc/index.php/img/index/header-img.png
INFO: [ app_init ] --START--
INFO: Run Behavior\BuildLiteBehavior [ RunTime:0.000000s ]
INFO: [ app_init ] --END-- [ RunTime:0.000000s ]
ERR: 无法加载模块:Img

[ 2018-11-23T09:15:33+08:00 ] 127.0.0.1 /fxpc/index.php/2018-10-25/5bd17328dd620.jpg
INFO: [ app_init ] --START--
INFO: Run Behavior\BuildLiteBehavior [ RunTime:0.000000s ]
INFO: [ app_init ] --END-- [ RunTime:0.001000s ]
ERR: 无法加载模块:2018-10-25

[ 2018-11-23T09:15:33+08:00 ] 127.0.0.1 /fxpc/index.php/img/index/quan1.png
INFO: [ app_init ] --START--
INFO: Run Behavior\BuildLiteBehavior [ RunTime:0.000000s ]
INFO: [ app_init ] --END-- [ RunTime:0.001000s ]
ERR: 无法加载模块:Img

[ 2018-11-23T09:15:34+08:00 ] 127.0.0.1 /fxpc/index.php/img/index/header-img.png
INFO: [ app_init ] --START--
INFO: Run Behavior\BuildLiteBehavior [ RunTime:0.000000s ]
INFO: [ app_init ] --END-- [ RunTime:0.019001s ]
ERR: 无法加载模块:Img

[ 2018-11-23T09:15:34+08:00 ] 127.0.0.1 /fxpc/index.php/2018-10-25/5bd17328dd620.jpg
INFO: [ app_init ] --START--
INFO: Run Behavior\BuildLiteBehavior [ RunTime:0.000000s ]
INFO: [ app_init ] --END-- [ RunTime:0.001000s ]
ERR: 无法加载模块:2018-10-25

[ 2018-11-23T09:31:57+08:00 ] 127.0.0.1 /fxpc/index.php/img/index/header-img.png
INFO: [ app_init ] --START--
INFO: Run Behavior\BuildLiteBehavior [ RunTime:0.000000s ]
INFO: [ app_init ] --END-- [ RunTime:0.001000s ]
ERR: 无法加载模块:Img

[ 2018-11-23T09:31:57+08:00 ] 127.0.0.1 /fxpc/index.php/2018-10-25/5bd17328dd620.jpg
INFO: [ app_init ] --START--
INFO: Run Behavior\BuildLiteBehavior [ RunTime:0.001000s ]
INFO: [ app_init ] --END-- [ RunTime:0.001000s ]
ERR: 无法加载模块:2018-10-25

[ 2018-11-23T09:31:57+08:00 ] 127.0.0.1 /fxpc/index.php/img/index/quan1.png
INFO: [ app_init ] --START--
INFO: Run Behavior\BuildLiteBehavior [ RunTime:0.000000s ]
INFO: [ app_init ] --END-- [ RunTime:0.001000s ]
ERR: 无法加载模块:Img

[ 2018-11-23T09:31:58+08:00 ] 127.0.0.1 /fxpc/index.php/img/index/header-img.png
INFO: [ app_init ] --START--
INFO: Run Behavior\BuildLiteBehavior [ RunTime:0.000000s ]
INFO: [ app_init ] --END-- [ RunTime:0.001000s ]
ERR: 无法加载模块:Img

[ 2018-11-23T09:31:58+08:00 ] 127.0.0.1 /fxpc/index.php/2018-10-25/5bd17328dd620.jpg
INFO: [ app_init ] --START--
INFO: Run Behavior\BuildLiteBehavior [ RunTime:0.000000s ]
INFO: [ app_init ] --END-- [ RunTime:0.001000s ]
ERR: 无法加载模块:2018-10-25

[ 2018-11-23T09:50:26+08:00 ] 127.0.0.1 /fxpc/index.php/img/index/header-img.png
INFO: [ app_init ] --START--
INFO: Run Behavior\BuildLiteBehavior [ RunTime:0.000000s ]
INFO: [ app_init ] --END-- [ RunTime:0.000000s ]
ERR: 无法加载模块:Img

[ 2018-11-23T09:50:26+08:00 ] 127.0.0.1 /fxpc/index.php/img/index/quan1.png
INFO: [ app_init ] --START--
INFO: Run Behavior\BuildLiteBehavior [ RunTime:0.000000s ]
INFO: [ app_init ] --END-- [ RunTime:0.001000s ]
ERR: 无法加载模块:Img

[ 2018-11-23T09:50:26+08:00 ] 127.0.0.1 /fxpc/index.php/2018-10-25/5bd17328dd620.jpg
INFO: [ app_init ] --START--
INFO: Run Behavior\BuildLiteBehavior [ RunTime:0.000000s ]
INFO: [ app_init ] --END-- [ RunTime:0.000000s ]
ERR: 无法加载模块:2018-10-25

[ 2018-11-23T09:50:27+08:00 ] 127.0.0.1 /fxpc/index.php/img/index/header-img.png
INFO: [ app_init ] --START--
INFO: Run Behavior\BuildLiteBehavior [ RunTime:0.000000s ]
INFO: [ app_init ] --END-- [ RunTime:0.000000s ]
ERR: 无法加载模块:Img

[ 2018-11-23T09:50:27+08:00 ] 127.0.0.1 /fxpc/index.php/2018-10-25/5bd17328dd620.jpg
INFO: [ app_init ] --START--
INFO: Run Behavior\BuildLiteBehavior [ RunTime:0.000000s ]
INFO: [ app_init ] --END-- [ RunTime:0.000000s ]
ERR: 无法加载模块:2018-10-25

