[ 2018-11-28T09:06:48+08:00 ] 127.0.0.1 /fxpc/index.php/img/index/header-img.png
INFO: [ app_init ] --START--
INFO: Run Behavior\BuildLiteBehavior [ RunTime:0.000000s ]
INFO: [ app_init ] --END-- [ RunTime:0.001000s ]
ERR: 无法加载模块:Img

[ 2018-11-28T09:06:48+08:00 ] 127.0.0.1 /fxpc/index.php/[
INFO: [ app_init ] --START--
INFO: Run Behavior\BuildLiteBehavior [ RunTime:0.000000s ]
INFO: [ app_init ] --END-- [ RunTime:0.000000s ]
ERR: 无法加载模块:[

[ 2018-11-28T09:06:49+08:00 ] 127.0.0.1 /fxpc/Public/Home/css/__PUBLIC__/Home/img/index/quan-bg.png
INFO: [ app_init ] --START--
INFO: Run Behavior\BuildLiteBehavior [ RunTime:0.000000s ]
INFO: [ app_init ] --END-- [ RunTime:0.000000s ]
ERR: 无法加载模块:Public

[ 2018-11-28T09:06:49+08:00 ] 127.0.0.1 /fxpc/Public/Home/css/__PUBLIC__/Home/img/index/niankang-bg.png
INFO: [ app_init ] --START--
INFO: Run Behavior\BuildLiteBehavior [ RunTime:0.000000s ]
INFO: [ app_init ] --END-- [ RunTime:0.001000s ]
ERR: 无法加载模块:Public

[ 2018-11-28T09:06:49+08:00 ] 127.0.0.1 /fxpc/Public/Home/css/__PUBLIC__/Home/img/index/daoshi-dz.png
INFO: [ app_init ] --START--
INFO: Run Behavior\BuildLiteBehavior [ RunTime:0.000000s ]
INFO: [ app_init ] --END-- [ RunTime:0.000000s ]
ERR: 无法加载模块:Public

[ 2018-11-28T09:06:49+08:00 ] 127.0.0.1 /fxpc/Public/Home/css/__PUBLIC__/Home/img/index/daoshi-xm.png
INFO: [ app_init ] --START--
INFO: Run Behavior\BuildLiteBehavior [ RunTime:0.000000s ]
INFO: [ app_init ] --END-- [ RunTime:0.001000s ]
ERR: 无法加载模块:Public

[ 2018-11-28T09:06:49+08:00 ] 127.0.0.1 /fxpc/Public/Home/css/__PUBLIC__/Home/img/index/daoshi-zl.png
INFO: [ app_init ] --START--
INFO: Run Behavior\BuildLiteBehavior [ RunTime:0.000000s ]
INFO: [ app_init ] --END-- [ RunTime:0.000000s ]
ERR: 无法加载模块:Public

[ 2018-11-28T09:06:49+08:00 ] 127.0.0.1 /fxpc/Public/Home/css/__PUBLIC__/Home/img/index/daoshi-nl.png
INFO: [ app_init ] --START--
INFO: Run Behavior\BuildLiteBehavior [ RunTime:0.000000s ]
INFO: [ app_init ] --END-- [ RunTime:0.001000s ]
ERR: 无法加载模块:Public

[ 2018-11-28T09:06:49+08:00 ] 127.0.0.1 /fxpc/Public/Home/css/__PUBLIC__/Home/img/index/right2.png
INFO: [ app_init ] --START--
INFO: Run Behavior\BuildLiteBehavior [ RunTime:0.000000s ]
INFO: [ app_init ] --END-- [ RunTime:0.000000s ]
ERR: 无法加载模块:Public

[ 2018-11-28T09:06:49+08:00 ] 127.0.0.1 /fxpc/Public/Home/css/__PUBLIC__/Home/img/index/left2.png
INFO: [ app_init ] --START--
INFO: Run Behavior\BuildLiteBehavior [ RunTime:0.000000s ]
INFO: [ app_init ] --END-- [ RunTime:0.001000s ]
ERR: 无法加载模块:Public

[ 2018-11-28T09:06:49+08:00 ] 127.0.0.1 /fxpc/index.php/img/index/header-img.png
INFO: [ app_init ] --START--
INFO: Run Behavior\BuildLiteBehavior [ RunTime:0.000000s ]
INFO: [ app_init ] --END-- [ RunTime:0.000000s ]
ERR: 无法加载模块:Img

[ 2018-11-28T09:06:49+08:00 ] 127.0.0.1 /fxpc/index.php/[
INFO: [ app_init ] --START--
INFO: Run Behavior\BuildLiteBehavior [ RunTime:0.000000s ]
INFO: [ app_init ] --END-- [ RunTime:0.000000s ]
ERR: 无法加载模块:[

[ 2018-11-28T09:07:11+08:00 ] 127.0.0.1 /fxpc/index.php/img/index/header-img.png
INFO: [ app_init ] --START--
INFO: Run Behavior\BuildLiteBehavior [ RunTime:0.000000s ]
INFO: [ app_init ] --END-- [ RunTime:0.002000s ]
ERR: 无法加载模块:Img

[ 2018-11-28T09:07:11+08:00 ] 127.0.0.1 /fxpc/index.php/[
INFO: [ app_init ] --START--
INFO: Run Behavior\BuildLiteBehavior [ RunTime:0.000000s ]
INFO: [ app_init ] --END-- [ RunTime:0.001000s ]
ERR: 无法加载模块:[

[ 2018-11-28T09:07:11+08:00 ] 127.0.0.1 /fxpc/Public/Home/css/__PUBLIC__/Home/img/index/quan-bg.png
INFO: [ app_init ] --START--
INFO: Run Behavior\BuildLiteBehavior [ RunTime:0.000000s ]
INFO: [ app_init ] --END-- [ RunTime:0.001000s ]
ERR: 无法加载模块:Public

[ 2018-11-28T09:07:11+08:00 ] 127.0.0.1 /fxpc/Public/Home/css/__PUBLIC__/Home/img/index/niankang-bg.png
INFO: [ app_init ] --START--
INFO: Run Behavior\BuildLiteBehavior [ RunTime:0.000000s ]
INFO: [ app_init ] --END-- [ RunTime:0.001000s ]
ERR: 无法加载模块:Public

[ 2018-11-28T09:07:11+08:00 ] 127.0.0.1 /fxpc/Public/Home/css/__PUBLIC__/Home/img/index/daoshi-dz.png
INFO: [ app_init ] --START--
INFO: Run Behavior\BuildLiteBehavior [ RunTime:0.000000s ]
INFO: [ app_init ] --END-- [ RunTime:0.001000s ]
ERR: 无法加载模块:Public

[ 2018-11-28T09:07:11+08:00 ] 127.0.0.1 /fxpc/Public/Home/css/__PUBLIC__/Home/img/index/daoshi-zl.png
INFO: [ app_init ] --START--
INFO: Run Behavior\BuildLiteBehavior [ RunTime:0.000000s ]
INFO: [ app_init ] --END-- [ RunTime:0.001000s ]
ERR: 无法加载模块:Public

[ 2018-11-28T09:07:11+08:00 ] 127.0.0.1 /fxpc/Public/Home/css/__PUBLIC__/Home/img/index/right2.png
INFO: [ app_init ] --START--
INFO: Run Behavior\BuildLiteBehavior [ RunTime:0.000000s ]
INFO: [ app_init ] --END-- [ RunTime:0.001000s ]
ERR: 无法加载模块:Public

[ 2018-11-28T09:07:11+08:00 ] 127.0.0.1 /fxpc/Public/Home/css/__PUBLIC__/Home/img/index/daoshi-nl.png
INFO: [ app_init ] --START--
INFO: Run Behavior\BuildLiteBehavior [ RunTime:0.000000s ]
INFO: [ app_init ] --END-- [ RunTime:0.001000s ]
ERR: 无法加载模块:Public

[ 2018-11-28T09:07:12+08:00 ] 127.0.0.1 /fxpc/Public/Home/css/__PUBLIC__/Home/img/index/daoshi-xm.png
INFO: [ app_init ] --START--
INFO: Run Behavior\BuildLiteBehavior [ RunTime:0.000000s ]
INFO: [ app_init ] --END-- [ RunTime:0.000000s ]
ERR: 无法加载模块:Public

[ 2018-11-28T09:07:12+08:00 ] 127.0.0.1 /fxpc/Public/Home/css/__PUBLIC__/Home/img/index/left2.png
INFO: [ app_init ] --START--
INFO: Run Behavior\BuildLiteBehavior [ RunTime:0.000000s ]
INFO: [ app_init ] --END-- [ RunTime:0.000000s ]
ERR: 无法加载模块:Public

[ 2018-11-28T09:07:12+08:00 ] 127.0.0.1 /fxpc/index.php/img/index/header-img.png
INFO: [ app_init ] --START--
INFO: Run Behavior\BuildLiteBehavior [ RunTime:0.000000s ]
INFO: [ app_init ] --END-- [ RunTime:0.000000s ]
ERR: 无法加载模块:Img

[ 2018-11-28T09:07:12+08:00 ] 127.0.0.1 /fxpc/index.php/[
INFO: [ app_init ] --START--
INFO: Run Behavior\BuildLiteBehavior [ RunTime:0.000000s ]
INFO: [ app_init ] --END-- [ RunTime:0.000000s ]
ERR: 无法加载模块:[

[ 2018-11-28T13:33:03+08:00 ] 127.0.0.1 /fxpc/index.php/img/index/header-img.png
INFO: [ app_init ] --START--
INFO: Run Behavior\BuildLiteBehavior [ RunTime:0.000000s ]
INFO: [ app_init ] --END-- [ RunTime:0.001000s ]
ERR: 无法加载模块:Img

[ 2018-11-28T13:33:03+08:00 ] 127.0.0.1 /fxpc/index.php/[
INFO: [ app_init ] --START--
INFO: Run Behavior\BuildLiteBehavior [ RunTime:0.000000s ]
INFO: [ app_init ] --END-- [ RunTime:0.000000s ]
ERR: 无法加载模块:[

[ 2018-11-28T13:33:03+08:00 ] 127.0.0.1 /fxpc/Public/Home/css/__PUBLIC__/Home/img/index/niankang-bg.png
INFO: [ app_init ] --START--
INFO: Run Behavior\BuildLiteBehavior [ RunTime:0.000000s ]
INFO: [ app_init ] --END-- [ RunTime:0.001000s ]
ERR: 无法加载模块:Public

[ 2018-11-28T13:33:03+08:00 ] 127.0.0.1 /fxpc/Public/Home/css/__PUBLIC__/Home/img/index/quan-bg.png
INFO: [ app_init ] --START--
INFO: Run Behavior\BuildLiteBehavior [ RunTime:0.000000s ]
INFO: [ app_init ] --END-- [ RunTime:0.000000s ]
ERR: 无法加载模块:Public

[ 2018-11-28T13:33:03+08:00 ] 127.0.0.1 /fxpc/Public/Home/css/__PUBLIC__/Home/img/index/daoshi-zl.png
INFO: [ app_init ] --START--
INFO: Run Behavior\BuildLiteBehavior [ RunTime:0.000000s ]
INFO: [ app_init ] --END-- [ RunTime:0.001000s ]
ERR: 无法加载模块:Public

[ 2018-11-28T13:33:03+08:00 ] 127.0.0.1 /fxpc/Public/Home/css/__PUBLIC__/Home/img/index/daoshi-xm.png
INFO: [ app_init ] --START--
INFO: Run Behavior\BuildLiteBehavior [ RunTime:0.000000s ]
INFO: [ app_init ] --END-- [ RunTime:0.000000s ]
ERR: 无法加载模块:Public

[ 2018-11-28T13:33:03+08:00 ] 127.0.0.1 /fxpc/Public/Home/css/__PUBLIC__/Home/img/index/daoshi-dz.png
INFO: [ app_init ] --START--
INFO: Run Behavior\BuildLiteBehavior [ RunTime:0.000000s ]
INFO: [ app_init ] --END-- [ RunTime:0.001000s ]
ERR: 无法加载模块:Public

[ 2018-11-28T13:33:03+08:00 ] 127.0.0.1 /fxpc/Public/Home/css/__PUBLIC__/Home/img/index/daoshi-nl.png
INFO: [ app_init ] --START--
INFO: Run Behavior\BuildLiteBehavior [ RunTime:0.001000s ]
INFO: [ app_init ] --END-- [ RunTime:0.001000s ]
ERR: 无法加载模块:Public

[ 2018-11-28T13:33:03+08:00 ] 127.0.0.1 /fxpc/Public/Home/css/__PUBLIC__/Home/img/index/right2.png
INFO: [ app_init ] --START--
INFO: Run Behavior\BuildLiteBehavior [ RunTime:0.000000s ]
INFO: [ app_init ] --END-- [ RunTime:0.000000s ]
ERR: 无法加载模块:Public

[ 2018-11-28T13:33:03+08:00 ] 127.0.0.1 /fxpc/Public/Home/css/__PUBLIC__/Home/img/index/left2.png
INFO: [ app_init ] --START--
INFO: Run Behavior\BuildLiteBehavior [ RunTime:0.000000s ]
INFO: [ app_init ] --END-- [ RunTime:0.001000s ]
ERR: 无法加载模块:Public

[ 2018-11-28T13:33:03+08:00 ] 127.0.0.1 /fxpc/index.php/img/index/header-img.png
INFO: [ app_init ] --START--
INFO: Run Behavior\BuildLiteBehavior [ RunTime:0.000000s ]
INFO: [ app_init ] --END-- [ RunTime:0.000000s ]
ERR: 无法加载模块:Img

[ 2018-11-28T13:33:03+08:00 ] 127.0.0.1 /fxpc/index.php/[
INFO: [ app_init ] --START--
INFO: Run Behavior\BuildLiteBehavior [ RunTime:0.000000s ]
INFO: [ app_init ] --END-- [ RunTime:0.001000s ]
ERR: 无法加载模块:[

[ 2018-11-28T17:04:49+08:00 ] 127.0.0.1 /fxpc/Public/Home/css/__PUBLIC__/Home/img/index/quan-bg.png
INFO: [ app_init ] --START--
INFO: Run Behavior\BuildLiteBehavior [ RunTime:0.000000s ]
INFO: [ app_init ] --END-- [ RunTime:0.001000s ]
ERR: 无法加载模块:Public

[ 2018-11-28T17:04:49+08:00 ] 127.0.0.1 /fxpc/Public/Home/css/__PUBLIC__/Home/img/index/niankang-bg.png
INFO: [ app_init ] --START--
INFO: Run Behavior\BuildLiteBehavior [ RunTime:0.000000s ]
INFO: [ app_init ] --END-- [ RunTime:0.001000s ]
ERR: 无法加载模块:Public

[ 2018-11-28T17:04:49+08:00 ] 127.0.0.1 /fxpc/Public/Home/css/__PUBLIC__/Home/img/index/daoshi-dz.png
INFO: [ app_init ] --START--
INFO: Run Behavior\BuildLiteBehavior [ RunTime:0.000000s ]
INFO: [ app_init ] --END-- [ RunTime:0.001000s ]
ERR: 无法加载模块:Public

[ 2018-11-28T17:04:49+08:00 ] 127.0.0.1 /fxpc/Public/Home/css/__PUBLIC__/Home/img/index/daoshi-xm.png
INFO: [ app_init ] --START--
INFO: Run Behavior\BuildLiteBehavior [ RunTime:0.000000s ]
INFO: [ app_init ] --END-- [ RunTime:0.000000s ]
ERR: 无法加载模块:Public

[ 2018-11-28T17:04:49+08:00 ] 127.0.0.1 /fxpc/Public/Home/css/__PUBLIC__/Home/img/index/right2.png
INFO: [ app_init ] --START--
INFO: Run Behavior\BuildLiteBehavior [ RunTime:0.000000s ]
INFO: [ app_init ] --END-- [ RunTime:0.010001s ]
ERR: 无法加载模块:Public

[ 2018-11-28T17:04:49+08:00 ] 127.0.0.1 /fxpc/Public/Home/css/__PUBLIC__/Home/img/index/left2.png
INFO: [ app_init ] --START--
INFO: Run Behavior\BuildLiteBehavior [ RunTime:0.000000s ]
INFO: [ app_init ] --END-- [ RunTime:0.000000s ]
ERR: 无法加载模块:Public

[ 2018-11-28T17:04:49+08:00 ] 127.0.0.1 /fxpc/Public/Home/css/__PUBLIC__/Home/img/index/daoshi-zl.png
INFO: [ app_init ] --START--
INFO: Run Behavior\BuildLiteBehavior [ RunTime:0.000000s ]
INFO: [ app_init ] --END-- [ RunTime:0.001000s ]
ERR: 无法加载模块:Public

[ 2018-11-28T17:04:49+08:00 ] 127.0.0.1 /fxpc/Public/Home/css/__PUBLIC__/Home/img/index/daoshi-nl.png
INFO: [ app_init ] --START--
INFO: Run Behavior\BuildLiteBehavior [ RunTime:0.000000s ]
INFO: [ app_init ] --END-- [ RunTime:0.000000s ]
ERR: 无法加载模块:Public

[ 2018-11-28T17:05:02+08:00 ] 127.0.0.1 /fxpc/index.php/img/index/header-img.png
INFO: [ app_init ] --START--
INFO: Run Behavior\BuildLiteBehavior [ RunTime:0.000000s ]
INFO: [ app_init ] --END-- [ RunTime:0.001000s ]
ERR: 无法加载模块:Img

[ 2018-11-28T17:05:02+08:00 ] 127.0.0.1 /fxpc/index.php/[
INFO: [ app_init ] --START--
INFO: Run Behavior\BuildLiteBehavior [ RunTime:0.000000s ]
INFO: [ app_init ] --END-- [ RunTime:0.000000s ]
ERR: 无法加载模块:[

[ 2018-11-28T17:05:02+08:00 ] 127.0.0.1 /fxpc/Public/Home/css/__PUBLIC__/Home/img/index/quan-bg.png
INFO: [ app_init ] --START--
INFO: Run Behavior\BuildLiteBehavior [ RunTime:0.000000s ]
INFO: [ app_init ] --END-- [ RunTime:0.000000s ]
ERR: 无法加载模块:Public

[ 2018-11-28T17:05:03+08:00 ] 127.0.0.1 /fxpc/Public/Home/css/__PUBLIC__/Home/img/index/right2.png
INFO: [ app_init ] --START--
INFO: Run Behavior\BuildLiteBehavior [ RunTime:0.000000s ]
INFO: [ app_init ] --END-- [ RunTime:0.000000s ]
ERR: 无法加载模块:Public

[ 2018-11-28T17:05:03+08:00 ] 127.0.0.1 /fxpc/Public/Home/css/__PUBLIC__/Home/img/index/niankang-bg.png
INFO: [ app_init ] --START--
INFO: Run Behavior\BuildLiteBehavior [ RunTime:0.000000s ]
INFO: [ app_init ] --END-- [ RunTime:0.000000s ]
ERR: 无法加载模块:Public

[ 2018-11-28T17:05:03+08:00 ] 127.0.0.1 /fxpc/Public/Home/css/__PUBLIC__/Home/img/index/daoshi-nl.png
INFO: [ app_init ] --START--
INFO: Run Behavior\BuildLiteBehavior [ RunTime:0.000000s ]
INFO: [ app_init ] --END-- [ RunTime:0.000000s ]
ERR: 无法加载模块:Public

[ 2018-11-28T17:05:03+08:00 ] 127.0.0.1 /fxpc/Public/Home/css/__PUBLIC__/Home/img/index/left2.png
INFO: [ app_init ] --START--
INFO: Run Behavior\BuildLiteBehavior [ RunTime:0.000000s ]
INFO: [ app_init ] --END-- [ RunTime:0.004001s ]
ERR: 无法加载模块:Public

[ 2018-11-28T17:05:03+08:00 ] 127.0.0.1 /fxpc/Public/Home/css/__PUBLIC__/Home/img/index/daoshi-dz.png
INFO: [ app_init ] --START--
INFO: Run Behavior\BuildLiteBehavior [ RunTime:0.000000s ]
INFO: [ app_init ] --END-- [ RunTime:0.001000s ]
ERR: 无法加载模块:Public

[ 2018-11-28T17:05:03+08:00 ] 127.0.0.1 /fxpc/Public/Home/css/__PUBLIC__/Home/img/index/daoshi-xm.png
INFO: [ app_init ] --START--
INFO: Run Behavior\BuildLiteBehavior [ RunTime:0.001000s ]
INFO: [ app_init ] --END-- [ RunTime:0.001000s ]
ERR: 无法加载模块:Public

[ 2018-11-28T17:05:03+08:00 ] 127.0.0.1 /fxpc/Public/Home/css/__PUBLIC__/Home/img/index/daoshi-zl.png
INFO: [ app_init ] --START--
INFO: Run Behavior\BuildLiteBehavior [ RunTime:0.000000s ]
INFO: [ app_init ] --END-- [ RunTime:0.000000s ]
ERR: 无法加载模块:Public

