[ 2018-11-29T09:22:29+08:00 ] 127.0.0.1 /fxpc/index.php/img/index/header-img.png
INFO: [ app_init ] --START--
INFO: Run Behavior\BuildLiteBehavior [ RunTime:0.000000s ]
INFO: [ app_init ] --END-- [ RunTime:0.000000s ]
ERR: 无法加载模块:Img

[ 2018-11-29T09:22:29+08:00 ] 127.0.0.1 /fxpc/index.php/[
INFO: [ app_init ] --START--
INFO: Run Behavior\BuildLiteBehavior [ RunTime:0.000000s ]
INFO: [ app_init ] --END-- [ RunTime:0.001000s ]
ERR: 无法加载模块:[

[ 2018-11-29T09:22:30+08:00 ] 127.0.0.1 /fxpc/Public/Home/css/__PUBLIC__/Home/img/index/quan-bg.png
INFO: [ app_init ] --START--
INFO: Run Behavior\BuildLiteBehavior [ RunTime:0.000000s ]
INFO: [ app_init ] --END-- [ RunTime:0.001000s ]
ERR: 无法加载模块:Public

[ 2018-11-29T09:22:30+08:00 ] 127.0.0.1 /fxpc/Public/Home/css/__PUBLIC__/Home/img/index/daoshi-dz.png
INFO: [ app_init ] --START--
INFO: Run Behavior\BuildLiteBehavior [ RunTime:0.000000s ]
INFO: [ app_init ] --END-- [ RunTime:0.001000s ]
ERR: 无法加载模块:Public

[ 2018-11-29T09:22:30+08:00 ] 127.0.0.1 /fxpc/Public/Home/css/__PUBLIC__/Home/img/index/niankang-bg.png
INFO: [ app_init ] --START--
INFO: Run Behavior\BuildLiteBehavior [ RunTime:0.000000s ]
INFO: [ app_init ] --END-- [ RunTime:0.000000s ]
ERR: 无法加载模块:Public

[ 2018-11-29T09:22:30+08:00 ] 127.0.0.1 /fxpc/Public/Home/css/__PUBLIC__/Home/img/index/daoshi-xm.png
INFO: [ app_init ] --START--
INFO: Run Behavior\BuildLiteBehavior [ RunTime:0.000000s ]
INFO: [ app_init ] --END-- [ RunTime:0.001000s ]
ERR: 无法加载模块:Public

[ 2018-11-29T09:22:30+08:00 ] 127.0.0.1 /fxpc/Public/Home/css/__PUBLIC__/Home/img/index/daoshi-zl.png
INFO: [ app_init ] --START--
INFO: Run Behavior\BuildLiteBehavior [ RunTime:0.000000s ]
INFO: [ app_init ] --END-- [ RunTime:0.001000s ]
ERR: 无法加载模块:Public

[ 2018-11-29T09:22:31+08:00 ] 127.0.0.1 /fxpc/Public/Home/css/__PUBLIC__/Home/img/index/daoshi-nl.png
INFO: [ app_init ] --START--
INFO: Run Behavior\BuildLiteBehavior [ RunTime:0.000000s ]
INFO: [ app_init ] --END-- [ RunTime:0.000000s ]
ERR: 无法加载模块:Public

[ 2018-11-29T09:22:31+08:00 ] 127.0.0.1 /fxpc/Public/Home/css/__PUBLIC__/Home/img/index/right2.png
INFO: [ app_init ] --START--
INFO: Run Behavior\BuildLiteBehavior [ RunTime:0.000000s ]
INFO: [ app_init ] --END-- [ RunTime:0.000000s ]
ERR: 无法加载模块:Public

[ 2018-11-29T09:22:31+08:00 ] 127.0.0.1 /fxpc/Public/Home/css/__PUBLIC__/Home/img/index/left2.png
INFO: [ app_init ] --START--
INFO: Run Behavior\BuildLiteBehavior [ RunTime:0.000000s ]
INFO: [ app_init ] --END-- [ RunTime:0.001000s ]
ERR: 无法加载模块:Public

[ 2018-11-29T09:22:32+08:00 ] 127.0.0.1 /fxpc/index.php/[
INFO: [ app_init ] --START--
INFO: Run Behavior\BuildLiteBehavior [ RunTime:0.000000s ]
INFO: [ app_init ] --END-- [ RunTime:0.003001s ]
ERR: 无法加载模块:[

[ 2018-11-29T09:22:32+08:00 ] 127.0.0.1 /fxpc/index.php/img/index/header-img.png
INFO: [ app_init ] --START--
INFO: Run Behavior\BuildLiteBehavior [ RunTime:0.000000s ]
INFO: [ app_init ] --END-- [ RunTime:0.001000s ]
ERR: 无法加载模块:Img

[ 2018-11-29T09:25:43+08:00 ] 127.0.0.1 /fxpc/index.php/img/index/header-img.png
INFO: [ app_init ] --START--
INFO: Run Behavior\BuildLiteBehavior [ RunTime:0.000000s ]
INFO: [ app_init ] --END-- [ RunTime:0.001000s ]
ERR: 无法加载模块:Img

[ 2018-11-29T09:25:43+08:00 ] 127.0.0.1 /fxpc/index.php/[
INFO: [ app_init ] --START--
INFO: Run Behavior\BuildLiteBehavior [ RunTime:0.000000s ]
INFO: [ app_init ] --END-- [ RunTime:0.000000s ]
ERR: 无法加载模块:[

[ 2018-11-29T09:25:43+08:00 ] 127.0.0.1 /fxpc/Public/Home/css/__PUBLIC__/Home/img/index/daoshi-dz.png
INFO: [ app_init ] --START--
INFO: Run Behavior\BuildLiteBehavior [ RunTime:0.000000s ]
INFO: [ app_init ] --END-- [ RunTime:0.000000s ]
ERR: 无法加载模块:Public

[ 2018-11-29T09:25:43+08:00 ] 127.0.0.1 /fxpc/Public/Home/css/__PUBLIC__/Home/img/index/daoshi-xm.png
INFO: [ app_init ] --START--
INFO: Run Behavior\BuildLiteBehavior [ RunTime:0.000000s ]
INFO: [ app_init ] --END-- [ RunTime:0.000000s ]
ERR: 无法加载模块:Public

[ 2018-11-29T09:25:43+08:00 ] 127.0.0.1 /fxpc/Public/Home/css/__PUBLIC__/Home/img/index/niankang-bg.png
INFO: [ app_init ] --START--
INFO: Run Behavior\BuildLiteBehavior [ RunTime:0.000000s ]
INFO: [ app_init ] --END-- [ RunTime:0.011001s ]
ERR: 无法加载模块:Public

[ 2018-11-29T09:25:43+08:00 ] 127.0.0.1 /fxpc/Public/Home/css/__PUBLIC__/Home/img/index/right2.png
INFO: [ app_init ] --START--
INFO: Run Behavior\BuildLiteBehavior [ RunTime:0.000000s ]
INFO: [ app_init ] --END-- [ RunTime:0.000000s ]
ERR: 无法加载模块:Public

[ 2018-11-29T09:25:43+08:00 ] 127.0.0.1 /fxpc/Public/Home/css/__PUBLIC__/Home/img/index/quan-bg.png
INFO: [ app_init ] --START--
INFO: Run Behavior\BuildLiteBehavior [ RunTime:0.000000s ]
INFO: [ app_init ] --END-- [ RunTime:0.000000s ]
ERR: 无法加载模块:Public

[ 2018-11-29T09:25:43+08:00 ] 127.0.0.1 /fxpc/Public/Home/css/__PUBLIC__/Home/img/index/left2.png
INFO: [ app_init ] --START--
INFO: Run Behavior\BuildLiteBehavior [ RunTime:0.000000s ]
INFO: [ app_init ] --END-- [ RunTime:0.000000s ]
ERR: 无法加载模块:Public

[ 2018-11-29T09:25:44+08:00 ] 127.0.0.1 /fxpc/Public/Home/css/__PUBLIC__/Home/img/index/daoshi-zl.png
INFO: [ app_init ] --START--
INFO: Run Behavior\BuildLiteBehavior [ RunTime:0.000000s ]
INFO: [ app_init ] --END-- [ RunTime:0.001000s ]
ERR: 无法加载模块:Public

[ 2018-11-29T09:25:44+08:00 ] 127.0.0.1 /fxpc/Public/Home/css/__PUBLIC__/Home/img/index/daoshi-nl.png
INFO: [ app_init ] --START--
INFO: Run Behavior\BuildLiteBehavior [ RunTime:0.000000s ]
INFO: [ app_init ] --END-- [ RunTime:0.001000s ]
ERR: 无法加载模块:Public

[ 2018-11-29T09:25:44+08:00 ] 127.0.0.1 /fxpc/index.php/[
INFO: [ app_init ] --START--
INFO: Run Behavior\BuildLiteBehavior [ RunTime:0.000000s ]
INFO: [ app_init ] --END-- [ RunTime:0.001000s ]
ERR: 无法加载模块:[

[ 2018-11-29T09:25:44+08:00 ] 127.0.0.1 /fxpc/index.php/img/index/header-img.png
INFO: [ app_init ] --START--
INFO: Run Behavior\BuildLiteBehavior [ RunTime:0.000000s ]
INFO: [ app_init ] --END-- [ RunTime:0.001000s ]
ERR: 无法加载模块:Img

[ 2018-11-29T11:39:30+08:00 ] 127.0.0.1 /fxpc/index.php/[
INFO: [ app_init ] --START--
INFO: Run Behavior\BuildLiteBehavior [ RunTime:0.000000s ]
INFO: [ app_init ] --END-- [ RunTime:0.001000s ]
ERR: 无法加载模块:[

[ 2018-11-29T11:39:30+08:00 ] 127.0.0.1 /fxpc/index.php/img/index/header-img.png
INFO: [ app_init ] --START--
INFO: Run Behavior\BuildLiteBehavior [ RunTime:0.000000s ]
INFO: [ app_init ] --END-- [ RunTime:0.001000s ]
ERR: 无法加载模块:Img

[ 2018-11-29T11:39:30+08:00 ] 127.0.0.1 /fxpc/Public/Home/css/__PUBLIC__/Home/img/index/quan-bg.png
INFO: [ app_init ] --START--
INFO: Run Behavior\BuildLiteBehavior [ RunTime:0.000000s ]
INFO: [ app_init ] --END-- [ RunTime:0.000000s ]
ERR: 无法加载模块:Public

[ 2018-11-29T11:39:30+08:00 ] 127.0.0.1 /fxpc/Public/Home/css/__PUBLIC__/Home/img/index/niankang-bg.png
INFO: [ app_init ] --START--
INFO: Run Behavior\BuildLiteBehavior [ RunTime:0.000000s ]
INFO: [ app_init ] --END-- [ RunTime:0.001000s ]
ERR: 无法加载模块:Public

[ 2018-11-29T11:39:30+08:00 ] 127.0.0.1 /fxpc/Public/Home/css/__PUBLIC__/Home/img/index/daoshi-dz.png
INFO: [ app_init ] --START--
INFO: Run Behavior\BuildLiteBehavior [ RunTime:0.001000s ]
INFO: [ app_init ] --END-- [ RunTime:0.001000s ]
ERR: 无法加载模块:Public

[ 2018-11-29T11:39:30+08:00 ] 127.0.0.1 /fxpc/Public/Home/css/__PUBLIC__/Home/img/index/daoshi-xm.png
INFO: [ app_init ] --START--
INFO: Run Behavior\BuildLiteBehavior [ RunTime:0.000000s ]
INFO: [ app_init ] --END-- [ RunTime:0.001000s ]
ERR: 无法加载模块:Public

[ 2018-11-29T11:39:30+08:00 ] 127.0.0.1 /fxpc/Public/Home/css/__PUBLIC__/Home/img/index/daoshi-zl.png
INFO: [ app_init ] --START--
INFO: Run Behavior\BuildLiteBehavior [ RunTime:0.000000s ]
INFO: [ app_init ] --END-- [ RunTime:0.001001s ]
ERR: 无法加载模块:Public

[ 2018-11-29T11:39:30+08:00 ] 127.0.0.1 /fxpc/Public/Home/css/__PUBLIC__/Home/img/index/daoshi-nl.png
INFO: [ app_init ] --START--
INFO: Run Behavior\BuildLiteBehavior [ RunTime:0.000000s ]
INFO: [ app_init ] --END-- [ RunTime:0.001001s ]
ERR: 无法加载模块:Public

[ 2018-11-29T11:39:30+08:00 ] 127.0.0.1 /fxpc/Public/Home/css/__PUBLIC__/Home/img/index/right2.png
INFO: [ app_init ] --START--
INFO: Run Behavior\BuildLiteBehavior [ RunTime:0.000000s ]
INFO: [ app_init ] --END-- [ RunTime:0.000000s ]
ERR: 无法加载模块:Public

[ 2018-11-29T11:39:30+08:00 ] 127.0.0.1 /fxpc/Public/Home/css/__PUBLIC__/Home/img/index/left2.png
INFO: [ app_init ] --START--
INFO: Run Behavior\BuildLiteBehavior [ RunTime:0.000000s ]
INFO: [ app_init ] --END-- [ RunTime:0.000000s ]
ERR: 无法加载模块:Public

[ 2018-11-29T11:39:49+08:00 ] 127.0.0.1 /fxpc/index.php/img/index/header-img.png
INFO: [ app_init ] --START--
INFO: Run Behavior\BuildLiteBehavior [ RunTime:0.000000s ]
INFO: [ app_init ] --END-- [ RunTime:0.000000s ]
ERR: 无法加载模块:Img

[ 2018-11-29T11:39:49+08:00 ] 127.0.0.1 /fxpc/index.php/[
INFO: [ app_init ] --START--
INFO: Run Behavior\BuildLiteBehavior [ RunTime:0.000000s ]
INFO: [ app_init ] --END-- [ RunTime:0.001000s ]
ERR: 无法加载模块:[

[ 2018-11-29T11:39:49+08:00 ] 127.0.0.1 /fxpc/Public/Home/css/__PUBLIC__/Home/img/index/niankang-bg.png
INFO: [ app_init ] --START--
INFO: Run Behavior\BuildLiteBehavior [ RunTime:0.000000s ]
INFO: [ app_init ] --END-- [ RunTime:0.001000s ]
ERR: 无法加载模块:Public

[ 2018-11-29T11:39:49+08:00 ] 127.0.0.1 /fxpc/Public/Home/css/__PUBLIC__/Home/img/index/quan-bg.png
INFO: [ app_init ] --START--
INFO: Run Behavior\BuildLiteBehavior [ RunTime:0.000000s ]
INFO: [ app_init ] --END-- [ RunTime:0.000000s ]
ERR: 无法加载模块:Public

[ 2018-11-29T11:39:49+08:00 ] 127.0.0.1 /fxpc/Public/Home/css/__PUBLIC__/Home/img/index/daoshi-nl.png
INFO: [ app_init ] --START--
INFO: Run Behavior\BuildLiteBehavior [ RunTime:0.000000s ]
INFO: [ app_init ] --END-- [ RunTime:0.001000s ]
ERR: 无法加载模块:Public

[ 2018-11-29T11:39:49+08:00 ] 127.0.0.1 /fxpc/Public/Home/css/__PUBLIC__/Home/img/index/right2.png
INFO: [ app_init ] --START--
INFO: Run Behavior\BuildLiteBehavior [ RunTime:0.000000s ]
INFO: [ app_init ] --END-- [ RunTime:0.000000s ]
ERR: 无法加载模块:Public

[ 2018-11-29T11:39:49+08:00 ] 127.0.0.1 /fxpc/Public/Home/css/__PUBLIC__/Home/img/index/daoshi-dz.png
INFO: [ app_init ] --START--
INFO: Run Behavior\BuildLiteBehavior [ RunTime:0.000000s ]
INFO: [ app_init ] --END-- [ RunTime:0.001000s ]
ERR: 无法加载模块:Public

[ 2018-11-29T11:39:49+08:00 ] 127.0.0.1 /fxpc/Public/Home/css/__PUBLIC__/Home/img/index/daoshi-xm.png
INFO: [ app_init ] --START--
INFO: Run Behavior\BuildLiteBehavior [ RunTime:0.000000s ]
INFO: [ app_init ] --END-- [ RunTime:0.000000s ]
ERR: 无法加载模块:Public

[ 2018-11-29T11:39:49+08:00 ] 127.0.0.1 /fxpc/Public/Home/css/__PUBLIC__/Home/img/index/left2.png
INFO: [ app_init ] --START--
INFO: Run Behavior\BuildLiteBehavior [ RunTime:0.000000s ]
INFO: [ app_init ] --END-- [ RunTime:0.001000s ]
ERR: 无法加载模块:Public

[ 2018-11-29T11:39:49+08:00 ] 127.0.0.1 /fxpc/Public/Home/css/__PUBLIC__/Home/img/index/daoshi-zl.png
INFO: [ app_init ] --START--
INFO: Run Behavior\BuildLiteBehavior [ RunTime:0.000000s ]
INFO: [ app_init ] --END-- [ RunTime:0.001000s ]
ERR: 无法加载模块:Public

