[ 2018-11-24T17:38:40+08:00 ] 127.0.0.1 /fxpc/index.php/img/index/header-img.png
INFO: [ app_init ] --START--
INFO: Run Behavior\BuildLiteBehavior [ RunTime:0.000012s ]
INFO: [ app_init ] --END-- [ RunTime:0.000624s ]
ERR: 无法加载模块:Img

[ 2018-11-24T17:38:40+08:00 ] 127.0.0.1 /fxpc/index.php/img/index/quan1.png
INFO: [ app_init ] --START--
INFO: Run Behavior\BuildLiteBehavior [ RunTime:0.000013s ]
INFO: [ app_init ] --END-- [ RunTime:0.000669s ]
ERR: 无法加载模块:Img

[ 2018-11-24T17:38:40+08:00 ] 127.0.0.1 /fxpc/index.php/img/index/header-img.png
INFO: [ app_init ] --START--
INFO: Run Behavior\BuildLiteBehavior [ RunTime:0.000014s ]
INFO: [ app_init ] --END-- [ RunTime:0.000646s ]
ERR: 无法加载模块:Img

[ 2018-11-24T17:38:41+08:00 ] 127.0.0.1 /fxpc/index.php/2018-10-25/5bd17328dd620.jpg
INFO: [ app_init ] --START--
INFO: Run Behavior\BuildLiteBehavior [ RunTime:0.000010s ]
INFO: [ app_init ] --END-- [ RunTime:0.000606s ]
ERR: 无法加载模块:2018-10-25

